Copyright 1986-2022 Xilinx, Inc. All Rights Reserved. Copyright 2022-2023 Advanced Micro Devices, Inc. All Rights Reserved.
-------------------------------------------------------------------------------------------------------------------------------------------------------------------
| Tool Version     : Vivado v.2023.2 (win64) Build 4029153 Fri Oct 13 20:14:34 MDT 2023
| Date             : Thu Apr  4 11:21:24 2024
| Host             : Laptop-Ben-T running 64-bit major release  (build 9200)
| Command          : report_power -file Videokaart_full_power_routed.rpt -pb Videokaart_full_power_summary_routed.pb -rpx Videokaart_full_power_routed.rpx
| Design           : Videokaart_full
| Device           : xc7a35tcpg236-1
| Design State     : routed
| Grade            : commercial
| Process          : typical
| Characterization : Production
-------------------------------------------------------------------------------------------------------------------------------------------------------------------

Power Report

Table of Contents
-----------------
1. Summary
1.1 On-Chip Components
1.2 Power Supply Summary
1.3 Confidence Level
2. Settings
2.1 Environment
2.2 Clock Constraints
3. Detailed Reports
3.1 By Hierarchy

1. Summary
----------

+--------------------------+----------------------------------+
| Total On-Chip Power (W)  | 42.523 (Junction temp exceeded!) |
| Design Power Budget (W)  | Unspecified*                     |
| Power Budget Margin (W)  | NA                               |
| Dynamic (W)              | 42.007                           |
| Device Static (W)        | 0.516                            |
| Effective TJA (C/W)      | 5.0                              |
| Max Ambient (C)          | 0.0                              |
| Junction Temperature (C) | 125.0                            |
| Confidence Level         | Low                              |
| Setting File             | ---                              |
| Simulation Activity File | ---                              |
| Design Nets Matched      | NA                               |
+--------------------------+----------------------------------+
* Specify Design Power Budget using, set_operating_conditions -design_power_budget <value in Watts>


1.1 On-Chip Components
----------------------

+-------------------------+-----------+----------+-----------+-----------------+
| On-Chip                 | Power (W) | Used     | Available | Utilization (%) |
+-------------------------+-----------+----------+-----------+-----------------+
| Slice Logic             |    13.350 |    19872 |       --- |             --- |
|   LUT as Logic          |    13.016 |     9272 |     20800 |           44.58 |
|   CARRY4                |     0.214 |     2450 |      8150 |           30.06 |
|   F7/F8 Muxes           |     0.071 |      620 |     32600 |            1.90 |
|   Register              |     0.032 |     3291 |     41600 |            7.91 |
|   BUFG                  |     0.017 |        3 |        32 |            9.38 |
|   Others                |     0.000 |      129 |       --- |             --- |
|   LUT as Shift Register |     0.000 |        4 |      9600 |            0.04 |
| Signals                 |    10.920 |    10547 |       --- |             --- |
| Block RAM               |     4.371 |       46 |        50 |           92.00 |
| MMCM                    |     4.079 |        1 |         5 |           20.00 |
| DSPs                    |     1.921 |        3 |        90 |            3.33 |
| I/O                     |     7.366 |       18 |       106 |           16.98 |
| Static Power            |     0.516 |          |           |                 |
| Total                   |    42.523 |          |           |                 |
+-------------------------+-----------+----------+-----------+-----------------+


1.2 Power Supply Summary
------------------------

+-----------+-------------+-----------+-------------+------------+-------------+-------------+------------+
| Source    | Voltage (V) | Total (A) | Dynamic (A) | Static (A) | Powerup (A) | Budget (A)  | Margin (A) |
+-----------+-------------+-----------+-------------+------------+-------------+-------------+------------+
| Vccint    |       1.000 |    30.568 |      30.212 |      0.356 |       NA    | Unspecified | NA         |
| Vccaux    |       1.800 |     2.575 |       2.521 |      0.053 |       NA    | Unspecified | NA         |
| Vcco33    |       3.300 |     2.083 |       2.082 |      0.001 |       NA    | Unspecified | NA         |
| Vcco25    |       2.500 |     0.000 |       0.000 |      0.000 |       NA    | Unspecified | NA         |
| Vcco18    |       1.800 |     0.000 |       0.000 |      0.000 |       NA    | Unspecified | NA         |
| Vcco15    |       1.500 |     0.000 |       0.000 |      0.000 |       NA    | Unspecified | NA         |
| Vcco135   |       1.350 |     0.000 |       0.000 |      0.000 |       NA    | Unspecified | NA         |
| Vcco12    |       1.200 |     0.000 |       0.000 |      0.000 |       NA    | Unspecified | NA         |
| Vccaux_io |       1.800 |     0.000 |       0.000 |      0.000 |       NA    | Unspecified | NA         |
| Vccbram   |       1.000 |     0.412 |       0.388 |      0.024 |       NA    | Unspecified | NA         |
| MGTAVcc   |       1.000 |     0.000 |       0.000 |      0.000 |       NA    | Unspecified | NA         |
| MGTAVtt   |       1.200 |     0.000 |       0.000 |      0.000 |       NA    | Unspecified | NA         |
| Vccadc    |       1.800 |     0.020 |       0.000 |      0.020 |       NA    | Unspecified | NA         |
+-----------+-------------+-----------+-------------+------------+-------------+-------------+------------+


1.3 Confidence Level
--------------------

+-----------------------------+------------+--------------------------------------------------------+--------------------------------------------------------------------------------------------------------------------+
| User Input Data             | Confidence | Details                                                | Action                                                                                                             |
+-----------------------------+------------+--------------------------------------------------------+--------------------------------------------------------------------------------------------------------------------+
| Design implementation state | High       | Design is routed                                       |                                                                                                                    |
| Clock nodes activity        | Low        | User specified less than 75% of clocks                 | Provide missing clock activity with a constraint file, simulation results or by editing the "By Clock Domain" view |
| I/O nodes activity          | Low        | More than 75% of inputs are missing user specification | Provide missing input activity with simulation results or by editing the "By Resource Type -> I/Os" view           |
| Internal nodes activity     | Medium     | User specified less than 25% of internal nodes         | Provide missing internal nodes activity with simulation results or by editing the "By Resource Type" views         |
| Device models               | High       | Device models are Production                           |                                                                                                                    |
|                             |            |                                                        |                                                                                                                    |
| Overall confidence level    | Low        |                                                        |                                                                                                                    |
+-----------------------------+------------+--------------------------------------------------------+--------------------------------------------------------------------------------------------------------------------+


2. Settings
-----------

2.1 Environment
---------------

+-----------------------+--------------------------+
| Ambient Temp (C)      | 25.0                     |
| ThetaJA (C/W)         | 5.0                      |
| Airflow (LFM)         | 250                      |
| Heat Sink             | medium (Medium Profile)  |
| ThetaSA (C/W)         | 4.6                      |
| Board Selection       | medium (10"x10")         |
| # of Board Layers     | 12to15 (12 to 15 Layers) |
| Board Temperature (C) | 25.0                     |
+-----------------------+--------------------------+


2.2 Clock Constraints
---------------------

+-------+--------+-----------------+
| Clock | Domain | Constraint (ns) |
+-------+--------+-----------------+


3. Detailed Reports
-------------------

3.1 By Hierarchy
----------------

+------------------------+-----------+
| Name                   | Power (W) |
+------------------------+-----------+
| Videokaart_full        |    42.007 |
|   ff0                  |     0.005 |
|     FF0                |     0.001 |
|     FF1                |     0.001 |
|     FF2                |     0.002 |
|   ff1                  |     0.006 |
|     FF0                |     0.002 |
|     FF1                |     0.002 |
|     FF2                |     0.002 |
|   z0                   |     4.108 |
|     inst               |     4.108 |
|   z1                   |     0.149 |
|   z2                   |     9.658 |
|   z3                   |     0.877 |
|     U0                 |     0.877 |
|       inst_blk_mem_gen |     0.877 |
|   z5                   |     1.364 |
|     U0                 |     1.364 |
|       inst_blk_mem_gen |     1.364 |
|   z6                   |     3.209 |
|     U0                 |     3.209 |
|       inst_blk_mem_gen |     3.209 |
|   z8                   |    14.888 |
|     z0                 |     0.196 |
|       U0               |     0.196 |
+------------------------+-----------+


