Copyright 1986-2022 Xilinx, Inc. All Rights Reserved. Copyright 2022-2023 Advanced Micro Devices, Inc. All Rights Reserved.
-------------------------------------------------------------------------------------------------------------------------------------------------------------------
| Tool Version     : Vivado v.2023.2 (win64) Build 4029153 Fri Oct 13 20:14:34 MDT 2023
| Date             : Sun Mar 10 23:42:25 2024
| Host             : Desktop-Joey running 64-bit major release  (build 9200)
| Command          : report_power -file Videokaart_full_power_routed.rpt -pb Videokaart_full_power_summary_routed.pb -rpx Videokaart_full_power_routed.rpx
| Design           : Videokaart_full
| Device           : xc7a35tcpg236-1
| Design State     : routed
| Grade            : commercial
| Process          : typical
| Characterization : Production
-------------------------------------------------------------------------------------------------------------------------------------------------------------------

Power Report

Table of Contents
-----------------
1. Summary
1.1 On-Chip Components
1.2 Power Supply Summary
1.3 Confidence Level
2. Settings
2.1 Environment
2.2 Clock Constraints
3. Detailed Reports
3.1 By Hierarchy

1. Summary
----------

+--------------------------+--------------+
| Total On-Chip Power (W)  | 0.227        |
| Design Power Budget (W)  | Unspecified* |
| Power Budget Margin (W)  | NA           |
| Dynamic (W)              | 0.152        |
| Device Static (W)        | 0.074        |
| Effective TJA (C/W)      | 5.0          |
| Max Ambient (C)          | 83.9         |
| Junction Temperature (C) | 26.1         |
| Confidence Level         | Low          |
| Setting File             | ---          |
| Simulation Activity File | ---          |
| Design Nets Matched      | NA           |
+--------------------------+--------------+
* Specify Design Power Budget using, set_operating_conditions -design_power_budget <value in Watts>


1.1 On-Chip Components
----------------------

+--------------------------+-----------+----------+-----------+-----------------+
| On-Chip                  | Power (W) | Used     | Available | Utilization (%) |
+--------------------------+-----------+----------+-----------+-----------------+
| Clocks                   |     0.012 |        8 |       --- |             --- |
| Slice Logic              |     0.003 |     4951 |       --- |             --- |
|   LUT as Logic           |     0.002 |     1621 |     20800 |            7.79 |
|   LUT as Distributed RAM |    <0.001 |       64 |      9600 |            0.67 |
|   CARRY4                 |    <0.001 |       38 |      8150 |            0.47 |
|   Register               |    <0.001 |     1977 |     41600 |            4.75 |
|   F7/F8 Muxes            |    <0.001 |      118 |     32600 |            0.36 |
|   LUT as Shift Register  |    <0.001 |       79 |      9600 |            0.82 |
|   Others                 |    <0.001 |      580 |       --- |             --- |
| Signals                  |     0.005 |     3682 |       --- |             --- |
| Block RAM                |     0.023 |       46 |        50 |           92.00 |
| MMCM                     |     0.106 |        1 |         5 |           20.00 |
| I/O                      |     0.002 |       21 |       106 |           19.81 |
| Static Power             |     0.074 |          |           |                 |
| Total                    |     0.227 |          |           |                 |
+--------------------------+-----------+----------+-----------+-----------------+


1.2 Power Supply Summary
------------------------

+-----------+-------------+-----------+-------------+------------+-------------+-------------+------------+
| Source    | Voltage (V) | Total (A) | Dynamic (A) | Static (A) | Powerup (A) | Budget (A)  | Margin (A) |
+-----------+-------------+-----------+-------------+------------+-------------+-------------+------------+
| Vccint    |       1.000 |     0.054 |       0.043 |      0.011 |       NA    | Unspecified | NA         |
| Vccaux    |       1.800 |     0.071 |       0.059 |      0.013 |       NA    | Unspecified | NA         |
| Vcco33    |       3.300 |     0.002 |       0.001 |      0.001 |       NA    | Unspecified | NA         |
| Vcco25    |       2.500 |     0.000 |       0.000 |      0.000 |       NA    | Unspecified | NA         |
| Vcco18    |       1.800 |     0.000 |       0.000 |      0.000 |       NA    | Unspecified | NA         |
| Vcco15    |       1.500 |     0.000 |       0.000 |      0.000 |       NA    | Unspecified | NA         |
| Vcco135   |       1.350 |     0.000 |       0.000 |      0.000 |       NA    | Unspecified | NA         |
| Vcco12    |       1.200 |     0.000 |       0.000 |      0.000 |       NA    | Unspecified | NA         |
| Vccaux_io |       1.800 |     0.000 |       0.000 |      0.000 |       NA    | Unspecified | NA         |
| Vccbram   |       1.000 |     0.003 |       0.002 |      0.001 |       NA    | Unspecified | NA         |
| MGTAVcc   |       1.000 |     0.000 |       0.000 |      0.000 |       NA    | Unspecified | NA         |
| MGTAVtt   |       1.200 |     0.000 |       0.000 |      0.000 |       NA    | Unspecified | NA         |
| Vccadc    |       1.800 |     0.020 |       0.000 |      0.020 |       NA    | Unspecified | NA         |
+-----------+-------------+-----------+-------------+------------+-------------+-------------+------------+


1.3 Confidence Level
--------------------

+-----------------------------+------------+--------------------------------------------------------+------------------------------------------------------------------------------------------------------------+
| User Input Data             | Confidence | Details                                                | Action                                                                                                     |
+-----------------------------+------------+--------------------------------------------------------+------------------------------------------------------------------------------------------------------------+
| Design implementation state | High       | Design is routed                                       |                                                                                                            |
| Clock nodes activity        | High       | User specified more than 95% of clocks                 |                                                                                                            |
| I/O nodes activity          | Low        | More than 75% of inputs are missing user specification | Provide missing input activity with simulation results or by editing the "By Resource Type -> I/Os" view   |
| Internal nodes activity     | Medium     | User specified less than 25% of internal nodes         | Provide missing internal nodes activity with simulation results or by editing the "By Resource Type" views |
| Device models               | High       | Device models are Production                           |                                                                                                            |
|                             |            |                                                        |                                                                                                            |
| Overall confidence level    | Low        |                                                        |                                                                                                            |
+-----------------------------+------------+--------------------------------------------------------+------------------------------------------------------------------------------------------------------------+


2. Settings
-----------

2.1 Environment
---------------

+-----------------------+--------------------------+
| Ambient Temp (C)      | 25.0                     |
| ThetaJA (C/W)         | 5.0                      |
| Airflow (LFM)         | 250                      |
| Heat Sink             | medium (Medium Profile)  |
| ThetaSA (C/W)         | 4.6                      |
| Board Selection       | medium (10"x10")         |
| # of Board Layers     | 12to15 (12 to 15 Layers) |
| Board Temperature (C) | 25.0                     |
+-----------------------+--------------------------+


2.2 Clock Constraints
---------------------

+--------------------------------------------------------------+----------------------------------------------------------+-----------------+
| Clock                                                        | Domain                                                   | Constraint (ns) |
+--------------------------------------------------------------+----------------------------------------------------------+-----------------+
| clk_out1_PmodIPs_clk_wiz_0_0                                 | z2/PmodIPs_i/clk_wiz_0/inst/clk_out1_PmodIPs_clk_wiz_0_0 |            10.0 |
| clk_out2_PmodIPs_clk_wiz_0_0                                 | z2/PmodIPs_i/clk_wiz_0/inst/clk_out2_PmodIPs_clk_wiz_0_0 |            40.0 |
| clkfbout_PmodIPs_clk_wiz_0_0                                 | z2/PmodIPs_i/clk_wiz_0/inst/clkfbout_PmodIPs_clk_wiz_0_0 |            10.0 |
| z2/PmodIPs_i/clk_wiz_0/inst/clk_in1                          | clk100_IBUF_BUFG                                         |            10.0 |
| z2/PmodIPs_i/mdm_1/U0/Use_E2.BSCAN_I/Use_E2.BSCANE2_I/DRCK   | z2/PmodIPs_i/mdm_1/U0/Use_E2.BSCAN_I/DRCK                |            33.3 |
| z2/PmodIPs_i/mdm_1/U0/Use_E2.BSCAN_I/Use_E2.BSCANE2_I/UPDATE | z2/PmodIPs_i/mdm_1/U0/Use_E2.BSCAN_I/Dbg_Update_0        |            33.3 |
+--------------------------------------------------------------+----------------------------------------------------------+-----------------+


3. Detailed Reports
-------------------

3.1 By Hierarchy
----------------

+---------------------------------+-----------+
| Name                            | Power (W) |
+---------------------------------+-----------+
| Videokaart_full                 |     0.152 |
|   z2                            |     0.127 |
|     PmodIPs_i                   |     0.127 |
|       IO                        |     0.002 |
|       IO1                       |     0.001 |
|       clk_wiz_0                 |     0.106 |
|       microblaze_0              |     0.012 |
|       microblaze_0_local_memory |     0.003 |
|   z3                            |     0.005 |
|     U0                          |     0.005 |
|       inst_blk_mem_gen          |     0.005 |
|   z5                            |     0.008 |
|     U0                          |     0.008 |
|       inst_blk_mem_gen          |     0.008 |
|   z6                            |     0.008 |
|     U0                          |     0.008 |
|       inst_blk_mem_gen          |     0.008 |
|   z7                            |     0.002 |
|     U0                          |     0.002 |
|       inst_blk_mem_gen          |     0.002 |
+---------------------------------+-----------+


