Copyright 1986-2022 Xilinx, Inc. All Rights Reserved. Copyright 2022-2023 Advanced Micro Devices, Inc. All Rights Reserved.
---------------------------------------------------------------------------------------------------------------------------------------------
| Tool Version : Vivado v.2023.2 (win64) Build 4029153 Fri Oct 13 20:14:34 MDT 2023
| Date         : Sun Mar 10 23:41:59 2024
| Host         : Desktop-Joey running 64-bit major release  (build 9200)
| Command      : report_control_sets -verbose -file Videokaart_full_control_sets_placed.rpt
| Design       : Videokaart_full
| Device       : xc7a35t
---------------------------------------------------------------------------------------------------------------------------------------------

Control Set Information

Table of Contents
-----------------
1. Summary
2. Histogram
3. Flip-Flop Distribution
4. Detailed Control Set Information

1. Summary
----------

+----------------------------------------------------------+-------+
|                          Status                          | Count |
+----------------------------------------------------------+-------+
| Total control sets                                       |    84 |
|    Minimum number of control sets                        |    84 |
|    Addition due to synthesis replication                 |     0 |
|    Addition due to physical synthesis replication        |     0 |
| Unused register locations in slices containing registers |   287 |
+----------------------------------------------------------+-------+
* Control sets can be merged at opt_design using control_set_merge or merge_equivalent_drivers
** Run report_qor_suggestions for automated merging and remapping suggestions


2. Histogram
------------

+--------------------+-------+
|       Fanout       | Count |
+--------------------+-------+
| Total control sets |    84 |
| >= 0 to < 4        |    12 |
| >= 4 to < 6        |    14 |
| >= 6 to < 8        |     7 |
| >= 8 to < 10       |     9 |
| >= 10 to < 12      |     6 |
| >= 12 to < 14      |     1 |
| >= 14 to < 16      |     0 |
| >= 16              |    35 |
+--------------------+-------+
* Control sets can be remapped at either synth_design or opt_design


3. Flip-Flop Distribution
-------------------------

+--------------+-----------------------+------------------------+-----------------+--------------+
| Clock Enable | Synchronous Set/Reset | Asynchronous Set/Reset | Total Registers | Total Slices |
+--------------+-----------------------+------------------------+-----------------+--------------+
| No           | No                    | No                     |             511 |          154 |
| No           | No                    | Yes                    |              29 |            7 |
| No           | Yes                   | No                     |             433 |          156 |
| Yes          | No                    | No                     |             230 |           61 |
| Yes          | No                    | Yes                    |              15 |            8 |
| Yes          | Yes                   | No                     |             759 |          223 |
+--------------+-----------------------+------------------------+-----------------+--------------+


4. Detailed Control Set Information
-----------------------------------

+--------------------------------------------------------------+-----------------------------------------------------------------------------------------------------------------------------------------------------------------------------------------------------------+--------------------------------------------------------------------------------------------------------------------------------------------------+------------------+----------------+--------------+
|                         Clock Signal                         |                                                                                               Enable Signal                                                                                               |                                                                 Set/Reset Signal                                                                 | Slice Load Count | Bel Load Count | Bels / Slice |
+--------------------------------------------------------------+-----------------------------------------------------------------------------------------------------------------------------------------------------------------------------------------------------------+--------------------------------------------------------------------------------------------------------------------------------------------------+------------------+----------------+--------------+
|  z2/PmodIPs_i/clk_wiz_0/inst/clk_out2                        |                                                                                                                                                                                                           | z8/hsync_i_1_n_0                                                                                                                                 |                1 |              1 |         1.00 |
|  z2/PmodIPs_i/mdm_1/U0/Use_E2.BSCAN_I/Dbg_Update_0_BUFG      | z2/PmodIPs_i/microblaze_0/U0/MicroBlaze_Core_I/Performance.Core/Use_Debug_Logic.Master_Core.Debug_Perf/Control_Reg_En                                                                                     | z2/PmodIPs_i/microblaze_0/U0/MicroBlaze_Core_I/Performance.Core/Use_Debug_Logic.Master_Core.Debug_Perf/start_single_step_reg_n_0                 |                1 |              1 |         1.00 |
|  z2/PmodIPs_i/mdm_1/U0/No_Dbg_Reg_Access.BUFG_DRCK/Dbg_Clk_0 | z2/PmodIPs_i/mdm_1/U0/Use_E2.BSCAN_I/Use_E2.BSCANE2_I_0                                                                                                                                                   | z2/PmodIPs_i/mdm_1/U0/MDM_Core_I1/JTAG_CONTROL_I/Functional_Reset                                                                                |                1 |              1 |         1.00 |
|  z2/PmodIPs_i/mdm_1/U0/Use_E2.BSCAN_I/Dbg_Update_0_BUFG      | z2/PmodIPs_i/microblaze_0/U0/MicroBlaze_Core_I/Performance.Core/Use_Debug_Logic.Master_Core.Debug_Perf/Control_Reg_En                                                                                     | z2/PmodIPs_i/microblaze_0/U0/MicroBlaze_Core_I/Performance.Core/Use_Debug_Logic.Master_Core.Debug_Perf/Serial_Dbg_Intf.normal_stop_cmd_i_reg_n_0 |                1 |              1 |         1.00 |
| ~z2/PmodIPs_i/mdm_1/U0/Use_E2.BSCAN_I/Dbg_Update_0_BUFG      |                                                                                                                                                                                                           | z2/PmodIPs_i/mdm_1/U0/MDM_Core_I1/JTAG_CONTROL_I/sel_n                                                                                           |                1 |              1 |         1.00 |
| ~z2/PmodIPs_i/mdm_1/U0/No_Dbg_Reg_Access.BUFG_DRCK/Dbg_Clk_0 | z2/PmodIPs_i/mdm_1/U0/MDM_Core_I1/JTAG_CONTROL_I/Use_BSCAN.FDC_I/CE                                                                                                                                       | z2/PmodIPs_i/mdm_1/U0/MDM_Core_I1/JTAG_CONTROL_I/Use_BSCAN.FDC_I/D                                                                               |                1 |              1 |         1.00 |
|  z2/PmodIPs_i/clk_wiz_0/inst/clk_out2                        |                                                                                                                                                                                                           | z8/vsync_i_1_n_0                                                                                                                                 |                1 |              1 |         1.00 |
|  z2/PmodIPs_i/mdm_1/U0/Use_E2.BSCAN_I/Dbg_Update_0_BUFG      | z2/PmodIPs_i/microblaze_0/U0/MicroBlaze_Core_I/Performance.Core/Use_Debug_Logic.Master_Core.Debug_Perf/Control_Reg_En                                                                                     | z2/PmodIPs_i/microblaze_0/U0/MicroBlaze_Core_I/Performance.Core/Use_Debug_Logic.Master_Core.Debug_Perf/Serial_Dbg_Intf.force_stop_cmd_i_reg_0    |                1 |              1 |         1.00 |
|  z2/PmodIPs_i/mdm_1/U0/Use_E2.BSCAN_I/Dbg_Update_0_BUFG      | z2/PmodIPs_i/microblaze_0/U0/MicroBlaze_Core_I/Performance.Core/Use_Debug_Logic.Master_Core.Debug_Perf/Control_Reg_En                                                                                     | z2/PmodIPs_i/microblaze_0/U0/MicroBlaze_Core_I/Performance.Core/Use_Debug_Logic.Master_Core.Debug_Perf/Serial_Dbg_Intf.continue_from_brk_reg_n_0 |                1 |              1 |         1.00 |
|  z2/PmodIPs_i/clk_wiz_0/inst/clk_out1                        |                                                                                                                                                                                                           | z2/PmodIPs_i/microblaze_0/U0/MicroBlaze_Core_I/Performance.Core/Use_Debug_Logic.Master_Core.Debug_Perf/Serial_Dbg_Intf.capture_1                 |                1 |              1 |         1.00 |
|  z2/PmodIPs_i/mdm_1/U0/Use_E2.BSCAN_I/Dbg_Update_0_BUFG      | z2/PmodIPs_i/microblaze_0/U0/MicroBlaze_Core_I/Performance.Core/Use_Debug_Logic.Master_Core.Debug_Perf/Command_Reg_En                                                                                     | z2/PmodIPs_i/microblaze_0/U0/MicroBlaze_Core_I/Performance.Core/Use_Debug_Logic.Master_Core.Debug_Perf/command_reg_clear                         |                1 |              2 |         2.00 |
|  z2/PmodIPs_i/mdm_1/U0/Use_E2.BSCAN_I/Dbg_Update_0_BUFG      |                                                                                                                                                                                                           |                                                                                                                                                  |                2 |              3 |         1.50 |
|  z2/PmodIPs_i/clk_wiz_0/inst/clk_out1                        | z2/PmodIPs_i/IO1/U0/AXI_LITE_IPIF_I/I_SLAVE_ATTACHMENT/start2                                                                                                                                             | z2/PmodIPs_i/IO1/U0/AXI_LITE_IPIF_I/I_SLAVE_ATTACHMENT/I_DECODER/cs_ce_clr                                                                       |                1 |              4 |         4.00 |
|  z2/PmodIPs_i/clk_wiz_0/inst/clk_out1                        | z2/PmodIPs_i/IO/U0/AXI_LITE_IPIF_I/I_SLAVE_ATTACHMENT/start2                                                                                                                                              | z2/PmodIPs_i/IO/U0/AXI_LITE_IPIF_I/I_SLAVE_ATTACHMENT/I_DECODER/cs_ce_clr                                                                        |                2 |              4 |         2.00 |
|  z2/PmodIPs_i/mdm_1/U0/No_Dbg_Reg_Access.BUFG_DRCK/Dbg_Clk_0 | z2/PmodIPs_i/mdm_1/U0/MDM_Core_I1/Use_BSCAN.TDI_Shifter0                                                                                                                                                  | z2/PmodIPs_i/mdm_1/U0/Use_E2.BSCAN_I/AR[0]                                                                                                       |                1 |              4 |         4.00 |
| ~z2/PmodIPs_i/mdm_1/U0/Use_E2.BSCAN_I/Dbg_Update_0_BUFG      |                                                                                                                                                                                                           | z2/PmodIPs_i/mdm_1/U0/Use_E2.BSCAN_I/AR[0]                                                                                                       |                1 |              4 |         4.00 |
|  z2/PmodIPs_i/clk_wiz_0/inst/clk_out1                        | z2/PmodIPs_i/IO/U0/AXI_LITE_IPIF_I/I_SLAVE_ATTACHMENT/bus2ip_addr_i[8]_i_1_n_0                                                                                                                            | z2/PmodIPs_i/IO/U0/AXI_LITE_IPIF_I/I_SLAVE_ATTACHMENT/SR[0]                                                                                      |                1 |              4 |         4.00 |
|  z2/PmodIPs_i/mdm_1/U0/Use_E2.BSCAN_I/Dbg_Update_0_BUFG      | z2/PmodIPs_i/mdm_1/U0/MDM_Core_I1/Use_BSCAN.MDM_SEL                                                                                                                                                       | z2/PmodIPs_i/mdm_1/U0/Use_E2.BSCAN_I/AR[0]                                                                                                       |                1 |              4 |         4.00 |
|  z2/PmodIPs_i/mdm_1/U0/Use_E2.BSCAN_I/Dbg_Update_0_BUFG      | z2/PmodIPs_i/microblaze_0/U0/MicroBlaze_Core_I/Performance.Core/Use_Debug_Logic.Master_Core.Debug_Perf/Control_Reg_En                                                                                     |                                                                                                                                                  |                2 |              4 |         2.00 |
|  z2/PmodIPs_i/clk_wiz_0/inst/clk_out1                        |                                                                                                                                                                                                           | z2/PmodIPs_i/IO/U0/AXI_LITE_IPIF_I/I_SLAVE_ATTACHMENT/clear                                                                                      |                1 |              4 |         4.00 |
|  z2/PmodIPs_i/clk_wiz_0/inst/clk_out1                        | z2/PmodIPs_i/IO1/U0/AXI_LITE_IPIF_I/I_SLAVE_ATTACHMENT/bus2ip_addr_i[8]_i_1_n_0                                                                                                                           | z2/PmodIPs_i/IO1/U0/AXI_LITE_IPIF_I/I_SLAVE_ATTACHMENT/SR[0]                                                                                     |                1 |              4 |         4.00 |
|  z2/PmodIPs_i/clk_wiz_0/inst/clk_out1                        | z2/PmodIPs_i/axi_uartlite_0/U0/UARTLITE_CORE_I/BAUD_RATE_I/en_16x_Baud                                                                                                                                    |                                                                                                                                                  |                1 |              4 |         4.00 |
|  z2/PmodIPs_i/clk_wiz_0/inst/clk_out1                        | z2/PmodIPs_i/axi_uartlite_0/U0/AXI_LITE_IPIF_I/I_SLAVE_ATTACHMENT/start2                                                                                                                                  | z2/PmodIPs_i/axi_uartlite_0/U0/AXI_LITE_IPIF_I/I_SLAVE_ATTACHMENT/I_DECODER/cs_ce_clr                                                            |                1 |              4 |         4.00 |
|  z2/PmodIPs_i/clk_wiz_0/inst/clk_out1                        |                                                                                                                                                                                                           | z2/PmodIPs_i/IO1/U0/AXI_LITE_IPIF_I/I_SLAVE_ATTACHMENT/clear                                                                                     |                1 |              4 |         4.00 |
|  z2/PmodIPs_i/clk_wiz_0/inst/clk_out1                        | z2/PmodIPs_i/microblaze_0/U0/MicroBlaze_Core_I/Performance.Core/Decode_I/wb_Halted                                                                                                                        | z2/PmodIPs_i/microblaze_0/U0/MicroBlaze_Core_I/sync_reset                                                                                        |                1 |              5 |         5.00 |
|  z2/PmodIPs_i/clk_wiz_0/inst/clk_out1                        |                                                                                                                                                                                                           | z2/PmodIPs_i/rst_clk_wiz_0_100M/U0/EXT_LPF/lpf_int                                                                                               |                3 |              5 |         1.67 |
|  z2/PmodIPs_i/mdm_1/U0/No_Dbg_Reg_Access.BUFG_DRCK/Dbg_Clk_0 | z2/PmodIPs_i/mdm_1/U0/MDM_Core_I1/JTAG_CONTROL_I/Use_BSCAN.FDC_I/sample_1                                                                                                                                 |                                                                                                                                                  |                1 |              6 |         6.00 |
|  z2/PmodIPs_i/mdm_1/U0/No_Dbg_Reg_Access.BUFG_DRCK/Dbg_Clk_0 | z2/PmodIPs_i/mdm_1/U0/Use_E2.BSCAN_I/Use_E2.BSCANE2_I_2                                                                                                                                                   |                                                                                                                                                  |                2 |              6 |         3.00 |
|  z2/PmodIPs_i/clk_wiz_0/inst/clk_out1                        |                                                                                                                                                                                                           | z2/PmodIPs_i/axi_uartlite_0/U0/UARTLITE_CORE_I/UARTLITE_TX_I/SRL_FIFO_I/I_SRL_FIFO_RBU_F/CNTR_INCR_DECR_ADDN_F_I/SS[0]                           |                3 |              6 |         2.00 |
|  z2/PmodIPs_i/clk_wiz_0/inst/clk_out1                        | z2/PmodIPs_i/rst_clk_wiz_0_100M/U0/SEQ/seq_cnt_en                                                                                                                                                         | z2/PmodIPs_i/rst_clk_wiz_0_100M/U0/SEQ/SEQ_COUNTER/clear                                                                                         |                1 |              6 |         6.00 |
|  z2/PmodIPs_i/mdm_1/U0/No_Dbg_Reg_Access.BUFG_DRCK/Dbg_Clk_0 | z2/PmodIPs_i/mdm_1/U0/Use_E2.BSCAN_I/sel                                                                                                                                                                  |                                                                                                                                                  |                2 |              6 |         3.00 |
|  z2/PmodIPs_i/clk_wiz_0/inst/clk_out1                        |                                                                                                                                                                                                           | z2/PmodIPs_i/axi_uartlite_0/U0/UARTLITE_CORE_I/UARTLITE_RX_I/SRL_FIFO_I/I_SRL_FIFO_RBU_F/CNTR_INCR_DECR_ADDN_F_I/SS[0]                           |                2 |              6 |         3.00 |
|  z2/PmodIPs_i/clk_wiz_0/inst/clk_out1                        | z2/PmodIPs_i/axi_uartlite_0/U0/UARTLITE_CORE_I/BAUD_RATE_I/en_16x_Baud                                                                                                                                    | z2/PmodIPs_i/axi_uartlite_0/U0/UARTLITE_CORE_I/UARTLITE_RX_I/SERIAL_TO_PARALLEL[8].fifo_din[8]_i_1_n_0                                           |                2 |              7 |         3.50 |
| ~z2/PmodIPs_i/mdm_1/U0/Use_E2.BSCAN_I/Dbg_Update_0_BUFG      | z2/PmodIPs_i/mdm_1/U0/MDM_Core_I1/JTAG_CONTROL_I/Use_BSCAN.command[0]_i_1_n_0                                                                                                                             |                                                                                                                                                  |                2 |              8 |         4.00 |
|  z2/PmodIPs_i/mdm_1/U0/No_Dbg_Reg_Access.BUFG_DRCK/Dbg_Clk_0 | z2/PmodIPs_i/mdm_1/U0/MDM_Core_I1/JTAG_CONTROL_I/tdi_shifter0                                                                                                                                             |                                                                                                                                                  |                3 |              8 |         2.67 |
|  z2/PmodIPs_i/clk_wiz_0/inst/clk_out1                        | z2/PmodIPs_i/axi_uartlite_0/U0/AXI_LITE_IPIF_I/I_SLAVE_ATTACHMENT/s_axi_rresp_i                                                                                                                           | z2/PmodIPs_i/axi_uartlite_0/U0/AXI_LITE_IPIF_I/I_SLAVE_ATTACHMENT/rst                                                                            |                3 |              8 |         2.67 |
|  z2/PmodIPs_i/clk_wiz_0/inst/clk_out1                        | z2/PmodIPs_i/axi_uartlite_0/U0/UARTLITE_CORE_I/UARTLITE_RX_I/SRL_FIFO_I/I_SRL_FIFO_RBU_F/DYNSHREG_F_I/fifo_wr                                                                                             |                                                                                                                                                  |                1 |              8 |         8.00 |
|  z2/PmodIPs_i/clk_wiz_0/inst/clk_out1                        | z2/PmodIPs_i/axi_uartlite_0/U0/AXI_LITE_IPIF_I/I_SLAVE_ATTACHMENT/I_DECODER/fifo_wr                                                                                                                       |                                                                                                                                                  |                1 |              8 |         8.00 |
|  z2/PmodIPs_i/mdm_1/U0/Use_E2.BSCAN_I/Dbg_Update_0_BUFG      | z2/PmodIPs_i/mdm_1/U0/MDM_Core_I1/JTAG_CONTROL_I/Use_BSCAN.FDC_I/command_10                                                                                                                               |                                                                                                                                                  |                1 |              8 |         8.00 |
|  z2/PmodIPs_i/mdm_1/U0/No_Dbg_Reg_Access.BUFG_DRCK/Dbg_Clk_0 | z2/PmodIPs_i/microblaze_0/U0/MicroBlaze_Core_I/Performance.Core/Use_Debug_Logic.Master_Core.Debug_Perf/Using_PC_Breakpoints.All_PC_Brks[0].Serial_Interface_1.address_hit_I/Compare[0].SRLC16E_I/which_pc |                                                                                                                                                  |                7 |              8 |         1.14 |
|  clk100_IBUF_BUFG                                            | z1/ypos[8]_i_1_n_0                                                                                                                                                                                        |                                                                                                                                                  |                3 |              9 |         3.00 |
|  clk100_IBUF_BUFG                                            | z1/ID[8]_i_1_n_0                                                                                                                                                                                          |                                                                                                                                                  |                3 |              9 |         3.00 |
|  clk100_IBUF_BUFG                                            | z1/xpos[9]_i_1_n_0                                                                                                                                                                                        |                                                                                                                                                  |                2 |             10 |         5.00 |
|  z2/PmodIPs_i/clk_wiz_0/inst/clk_out1                        |                                                                                                                                                                                                           | z2/PmodIPs_i/axi_uartlite_0/U0/AXI_LITE_IPIF_I/I_SLAVE_ATTACHMENT/rst                                                                            |                3 |             10 |         3.33 |
|  z2/PmodIPs_i/clk_wiz_0/inst/clk_out2                        | z8/eqOp                                                                                                                                                                                                   | z8/vcount[9]_i_1_n_0                                                                                                                             |                3 |             10 |         3.33 |
|  z2/PmodIPs_i/clk_wiz_0/inst/clk_out2                        |                                                                                                                                                                                                           | z8/eqOp                                                                                                                                          |                3 |             10 |         3.33 |
|  z2/PmodIPs_i/mdm_1/U0/No_Dbg_Reg_Access.BUFG_DRCK/Dbg_Clk_0 | z2/PmodIPs_i/mdm_1/U0/MDM_Core_I1/JTAG_CONTROL_I/Use_BSCAN.FDC_I/Use_Serial_Unified_Completion.completion_block_reg                                                                                       |                                                                                                                                                  |                3 |             10 |         3.33 |
|  z2/PmodIPs_i/clk_wiz_0/inst/clk_out1                        |                                                                                                                                                                                                           | z2/PmodIPs_i/microblaze_0_axi_periph/xbar/inst/gen_sasd.crossbar_sasd_0/addr_arbiter_inst/SR[0]                                                  |                3 |             11 |         3.67 |
|  z2/PmodIPs_i/clk_wiz_0/inst/clk_out2                        |                                                                                                                                                                                                           | z8/red[3]_i_1_n_0                                                                                                                                |                5 |             12 |         2.40 |
|  clk100_IBUF_BUFG                                            | z8/data                                                                                                                                                                                                   | z8/data_reg[15]                                                                                                                                  |                3 |             16 |         5.33 |
|  z2/PmodIPs_i/clk_wiz_0/inst/clk_out1                        | z2/PmodIPs_i/microblaze_0/U0/MicroBlaze_Core_I/Performance.Core/Decode_I/PreFetch_Buffer_I1/OF_Valid_DFF/E[0]                                                                                             | z2/PmodIPs_i/microblaze_0/U0/MicroBlaze_Core_I/sync_reset                                                                                        |                4 |             16 |         4.00 |
|  z2/PmodIPs_i/clk_wiz_0/inst/clk_out1                        | z2/PmodIPs_i/microblaze_0_axi_periph/xbar/inst/gen_sasd.crossbar_sasd_0/addr_arbiter_inst/p_0_in1_in                                                                                                      | z2/PmodIPs_i/microblaze_0_axi_periph/xbar/inst/gen_sasd.crossbar_sasd_0/addr_arbiter_inst/SR[0]                                                  |                4 |             19 |         4.75 |
|  z2/PmodIPs_i/clk_wiz_0/inst/clk_out1                        |                                                                                                                                                                                                           | z2/PmodIPs_i/IO1/U0/AXI_LITE_IPIF_I/I_SLAVE_ATTACHMENT/I_DECODER/bus2ip_rnw_i_reg                                                                |                5 |             20 |         4.00 |
|  z2/PmodIPs_i/clk_wiz_0/inst/clk_out1                        | z2/PmodIPs_i/microblaze_0/U0/MicroBlaze_Core_I/Performance.Core/Decode_I/mem_wait_on_ready_N_carry_or/MUXCY_I/lopt_1                                                                                      | z2/PmodIPs_i/microblaze_0/U0/MicroBlaze_Core_I/sync_reset                                                                                        |                6 |             20 |         3.33 |
|  z2/PmodIPs_i/clk_wiz_0/inst/clk_out1                        | z2/PmodIPs_i/IO1/U0/AXI_LITE_IPIF_I/I_SLAVE_ATTACHMENT/I_DECODER/E[0]                                                                                                                                     | z2/PmodIPs_i/IO1/U0/AXI_LITE_IPIF_I/I_SLAVE_ATTACHMENT/SR[0]                                                                                     |                3 |             20 |         6.67 |
|  z2/PmodIPs_i/clk_wiz_0/inst/clk_out1                        | z2/PmodIPs_i/IO/U0/AXI_LITE_IPIF_I/I_SLAVE_ATTACHMENT/I_DECODER/bus2ip_rnw_i_reg[0]                                                                                                                       | z2/PmodIPs_i/IO/U0/AXI_LITE_IPIF_I/I_SLAVE_ATTACHMENT/SR[0]                                                                                      |                4 |             21 |         5.25 |
|  z2/PmodIPs_i/clk_wiz_0/inst/clk_out1                        | z2/PmodIPs_i/IO1/U0/AXI_LITE_IPIF_I/I_SLAVE_ATTACHMENT/s_axi_rresp_i                                                                                                                                      | z2/PmodIPs_i/IO1/U0/AXI_LITE_IPIF_I/I_SLAVE_ATTACHMENT/SR[0]                                                                                     |                4 |             21 |         5.25 |
|  z2/PmodIPs_i/mdm_1/U0/No_Dbg_Reg_Access.BUFG_DRCK/Dbg_Clk_0 |                                                                                                                                                                                                           | z2/PmodIPs_i/mdm_1/U0/Use_E2.BSCAN_I/Use_E2.BSCANE2_I_4                                                                                          |                4 |             23 |         5.75 |
|  z2/PmodIPs_i/clk_wiz_0/inst/clk_out1                        | z2/PmodIPs_i/axi_uartlite_0/U0/UARTLITE_CORE_I/BAUD_RATE_I/en_16x_Baud                                                                                                                                    | z2/PmodIPs_i/axi_uartlite_0/U0/UARTLITE_CORE_I/UARTLITE_RX_I/s_axi_aresetn_0                                                                     |                6 |             28 |         4.67 |
|  z2/PmodIPs_i/clk_wiz_0/inst/clk_out1                        | z2/PmodIPs_i/IO/U0/AXI_LITE_IPIF_I/I_SLAVE_ATTACHMENT/I_DECODER/E[0]                                                                                                                                      | z2/PmodIPs_i/IO/U0/AXI_LITE_IPIF_I/I_SLAVE_ATTACHMENT/SR[0]                                                                                      |                5 |             29 |         5.80 |
|  z2/PmodIPs_i/clk_wiz_0/inst/clk_out1                        | z2/PmodIPs_i/IO/U0/AXI_LITE_IPIF_I/I_SLAVE_ATTACHMENT/s_axi_rresp_i                                                                                                                                       | z2/PmodIPs_i/IO/U0/AXI_LITE_IPIF_I/I_SLAVE_ATTACHMENT/SR[0]                                                                                      |                7 |             30 |         4.29 |
|  z2/PmodIPs_i/clk_wiz_0/inst/clk_out1                        |                                                                                                                                                                                                           | z2/PmodIPs_i/axi_uartlite_0/U0/UARTLITE_CORE_I/UARTLITE_RX_I/s_axi_aresetn_0                                                                     |                8 |             30 |         3.75 |
|  z2/PmodIPs_i/clk_wiz_0/inst/clk_out1                        | z2/PmodIPs_i/microblaze_0/U0/MicroBlaze_Core_I/Performance.Core/Decode_I/Use_MuxCy[3].OF_Piperun_Stage/MUXCY_I/E[0]                                                                                       | z2/PmodIPs_i/microblaze_0/U0/MicroBlaze_Core_I/sync_reset                                                                                        |                6 |             32 |         5.33 |
|  z2/PmodIPs_i/clk_wiz_0/inst/clk_out1                        |                                                                                                                                                                                                           | z2/PmodIPs_i/microblaze_0/U0/MicroBlaze_Core_I/Performance.Core/wb_dlmb_valid_read_data0                                                         |               18 |             32 |         1.78 |
|  z2/PmodIPs_i/clk_wiz_0/inst/clk_out1                        | z2/PmodIPs_i/microblaze_0_axi_periph/xbar/inst/gen_sasd.crossbar_sasd_0/addr_arbiter_inst/s_axi_rvalid[0]                                                                                                 | z2/PmodIPs_i/microblaze_0/U0/MicroBlaze_Core_I/sync_reset                                                                                        |               10 |             32 |         3.20 |
|  z2/PmodIPs_i/mdm_1/U0/No_Dbg_Reg_Access.BUFG_DRCK/Dbg_Clk_0 | z2/PmodIPs_i/microblaze_0/U0/MicroBlaze_Core_I/Performance.Core/Use_Debug_Logic.Master_Core.Debug_Perf/Serial_Dbg_Intf.New_Dbg_Instr_TCK                                                                  |                                                                                                                                                  |               10 |             32 |         3.20 |
|  z2/PmodIPs_i/clk_wiz_0/inst/clk_out1                        | z2/PmodIPs_i/microblaze_0/U0/MicroBlaze_Core_I/Performance.Core/Use_Debug_Logic.Master_Core.Debug_Perf/data_rd_reg[0]_i_1_n_0                                                                             | z2/PmodIPs_i/microblaze_0/U0/MicroBlaze_Core_I/sync_reset                                                                                        |                9 |             32 |         3.56 |
|  z2/PmodIPs_i/clk_wiz_0/inst/clk_out1                        | z2/PmodIPs_i/microblaze_0/U0/MicroBlaze_Core_I/Performance.Core/Decode_I/mem_wait_on_ready_N_carry_or/MUXCY_I/lopt_1                                                                                      |                                                                                                                                                  |                6 |             32 |         5.33 |
|  z2/PmodIPs_i/clk_wiz_0/inst/clk_out1                        | z2/PmodIPs_i/microblaze_0/U0/MicroBlaze_Core_I/Performance.Core/Decode_I/mem_wait_on_ready_N_carry_or/MUXCY_I/lopt_1                                                                                      | z2/PmodIPs_i/microblaze_0/U0/MicroBlaze_Core_I/Performance.Core/Decode_I/SR[0]                                                                   |               10 |             32 |         3.20 |
|  z2/PmodIPs_i/clk_wiz_0/inst/clk_out1                        | z2/PmodIPs_i/microblaze_0/U0/MicroBlaze_Core_I/Performance.Core/Decode_I/Use_MuxCy[3].OF_Piperun_Stage/MUXCY_I/Using_FPGA.Native_0                                                                        | z2/PmodIPs_i/microblaze_0/U0/MicroBlaze_Core_I/Performance.Core/Decode_I/R                                                                       |               14 |             32 |         2.29 |
|  z2/PmodIPs_i/clk_wiz_0/inst/clk_out1                        | z2/PmodIPs_i/microblaze_0/U0/MicroBlaze_Core_I/Performance.Core/Decode_I/PreFetch_Buffer_I1/Gen_Mux_Select_LUT6[1].Gen_Sel_DFF/if_fetch_in_progress_reg[0]                                                | z2/PmodIPs_i/microblaze_0/U0/MicroBlaze_Core_I/sync_reset                                                                                        |                9 |             32 |         3.56 |
|  z2/PmodIPs_i/clk_wiz_0/inst/clk_out1                        | z2/PmodIPs_i/microblaze_0_axi_periph/xbar/inst/gen_sasd.crossbar_sasd_0/addr_arbiter_inst/E[0]                                                                                                            |                                                                                                                                                  |                9 |             33 |         3.67 |
|  z2/PmodIPs_i/clk_wiz_0/inst/clk_out1                        |                                                                                                                                                                                                           | z2/PmodIPs_i/IO1/U0/AXI_LITE_IPIF_I/I_SLAVE_ATTACHMENT/SR[0]                                                                                     |               11 |             36 |         3.27 |
|  z2/PmodIPs_i/clk_wiz_0/inst/clk_out1                        |                                                                                                                                                                                                           | z2/PmodIPs_i/IO/U0/AXI_LITE_IPIF_I/I_SLAVE_ATTACHMENT/SR[0]                                                                                      |               13 |             45 |         3.46 |
|  z2/PmodIPs_i/mdm_1/U0/No_Dbg_Reg_Access.BUFG_DRCK/Dbg_Clk_0 | z2/PmodIPs_i/mdm_1/U0/Use_E2.BSCAN_I/Use_E2.BSCANE2_I_0                                                                                                                                                   |                                                                                                                                                  |               11 |             47 |         4.27 |
|  z2/PmodIPs_i/clk_wiz_0/inst/clk_out1                        |                                                                                                                                                                                                           | z2/PmodIPs_i/IO/U0/AXI_LITE_IPIF_I/I_SLAVE_ATTACHMENT/I_DECODER/bus2ip_rnw_i_reg_0                                                               |                8 |             50 |         6.25 |
|  clk100_IBUF_BUFG                                            |                                                                                                                                                                                                           |                                                                                                                                                  |               22 |             54 |         2.45 |
|  z2/PmodIPs_i/clk_wiz_0/inst/clk_out1                        | z2/PmodIPs_i/microblaze_0/U0/MicroBlaze_Core_I/Performance.Core/Decode_I/Use_MuxCy[3].OF_Piperun_Stage/MUXCY_I/Using_FPGA.Native_0                                                                        | z2/PmodIPs_i/microblaze_0/U0/MicroBlaze_Core_I/sync_reset                                                                                        |               29 |             72 |         2.48 |
|  z2/PmodIPs_i/clk_wiz_0/inst/clk_out1                        | z2/PmodIPs_i/microblaze_0/U0/MicroBlaze_Core_I/Performance.Core/Decode_I/PreFetch_Buffer_I1/Instruction_Prefetch_Mux[42].Instr_Mux_MUXF7/IReady_0                                                         |                                                                                                                                                  |               10 |             75 |         7.50 |
|  z2/PmodIPs_i/mdm_1/U0/No_Dbg_Reg_Access.BUFG_DRCK/Dbg_Clk_0 |                                                                                                                                                                                                           |                                                                                                                                                  |               22 |             80 |         3.64 |
|  z2/PmodIPs_i/clk_wiz_0/inst/clk_out1                        | z2/PmodIPs_i/microblaze_0/U0/MicroBlaze_Core_I/Performance.Core/Decode_I/WB_GPR_Wr                                                                                                                        |                                                                                                                                                  |               16 |            128 |         8.00 |
|  z2/PmodIPs_i/clk_wiz_0/inst/clk_out1                        |                                                                                                                                                                                                           | z2/PmodIPs_i/microblaze_0/U0/MicroBlaze_Core_I/sync_reset                                                                                        |               67 |            150 |         2.24 |
|  z2/PmodIPs_i/clk_wiz_0/inst/clk_out1                        | z2/PmodIPs_i/microblaze_0/U0/MicroBlaze_Core_I/Performance.Core/Decode_I/Use_MuxCy[11].OF_Piperun_Stage/MUXCY_I/Using_FPGA.Native_0                                                                       | z2/PmodIPs_i/microblaze_0/U0/MicroBlaze_Core_I/sync_reset                                                                                        |               73 |            218 |         2.99 |
|  z2/PmodIPs_i/clk_wiz_0/inst/clk_out1                        |                                                                                                                                                                                                           |                                                                                                                                                  |              113 |            396 |         3.50 |
+--------------------------------------------------------------+-----------------------------------------------------------------------------------------------------------------------------------------------------------------------------------------------------------+--------------------------------------------------------------------------------------------------------------------------------------------------+------------------+----------------+--------------+


