TRACE::2024-03-11.11:46:41::SCWPlatform::Trying to open the hw design at C:/github/RetroGame/VitisWorkspace/Videokaart_full2/hw/Videokaart_full2.xsa
TRACE::2024-03-11.11:46:41::SCWPlatform::DSA given C:/github/RetroGame/VitisWorkspace/Videokaart_full2/hw/Videokaart_full2.xsa
TRACE::2024-03-11.11:46:41::SCWPlatform::DSA absoulate path C:/github/RetroGame/VitisWorkspace/Videokaart_full2/hw/Videokaart_full2.xsa
TRACE::2024-03-11.11:46:41::SCWPlatform::DSA directory C:/github/RetroGame/VitisWorkspace/Videokaart_full2/hw
TRACE::2024-03-11.11:46:41::SCWPlatform:: Platform Path C:/github/RetroGame/VitisWorkspace/Videokaart_full2/hw/Videokaart_full2.xsa
TRACE::2024-03-11.11:46:41::SCWPlatform:: Unique name xilinx:basys3::0.0
TRACE::2024-03-11.11:46:41::SCWPlatform::Do not have an existing db opened. 
TRACE::2024-03-11.11:46:41::SCWPlatform::Opened new HwDB with name Videokaart_full_9
TRACE::2024-03-11.11:46:41::SCWWriter::formatted JSON is {
	"platformName":	"Videokaart_full2",
	"sprVersion":	"2.0",
	"mode":	"gui",
	"dsaType":	"Fixed",
	"platformDesc":	"Videokaart_full2",
	"platHandOff":	"C:/github/RetroGame/VHDL/VideoKaartMicroBlaze/Videokaart_full2.xsa",
	"platIntHandOff":	"<platformDir>/hw/Videokaart_full2.xsa",
	"deviceType":	"FPGA",
	"platIsPrebuiltAutogen":	"false",
	"platIsNoBootBsp":	"false",
	"hasFsblMakeHasChanges":	"false",
	"hasPmufwMakeHasChanges":	"false",
	"platPreBuiltFlag":	false,
	"platformSamplesDir":	""
}
TRACE::2024-03-11.11:46:41::SCWWriter::formatted JSON is {
	"platformName":	"Videokaart_full2",
	"sprVersion":	"2.0",
	"mode":	"gui",
	"dsaType":	"Fixed",
	"platformDesc":	"Videokaart_full2",
	"platHandOff":	"C:/github/RetroGame/VHDL/VideoKaartMicroBlaze/Videokaart_full2.xsa",
	"platIntHandOff":	"<platformDir>/hw/Videokaart_full2.xsa",
	"deviceType":	"FPGA",
	"platIsPrebuiltAutogen":	"false",
	"platIsNoBootBsp":	"false",
	"hasFsblMakeHasChanges":	"false",
	"hasPmufwMakeHasChanges":	"false",
	"platPreBuiltFlag":	false,
	"platformSamplesDir":	"",
	"platActiveSys":	"Videokaart_full2",
	"systems":	[{
			"systemName":	"Videokaart_full2",
			"systemDesc":	"Videokaart_full2",
			"sysIsBootAutoGen":	"true",
			"systemDispName":	"Videokaart_full2"
		}]
}
TRACE::2024-03-11.11:46:41::SCWPlatform::Boot application domains not present, creating them
TRACE::2024-03-11.11:46:41::SCWPlatform::Pure FPGA device, no boot application will be created.
TRACE::2024-03-11.11:46:41::SCWWriter::formatted JSON is {
	"platformName":	"Videokaart_full2",
	"sprVersion":	"2.0",
	"mode":	"gui",
	"dsaType":	"Fixed",
	"platformDesc":	"Videokaart_full2",
	"platHandOff":	"C:/github/RetroGame/VHDL/VideoKaartMicroBlaze/Videokaart_full2.xsa",
	"platIntHandOff":	"<platformDir>/hw/Videokaart_full2.xsa",
	"deviceType":	"FPGA",
	"platIsPrebuiltAutogen":	"false",
	"platIsNoBootBsp":	"false",
	"hasFsblMakeHasChanges":	"false",
	"hasPmufwMakeHasChanges":	"false",
	"platPreBuiltFlag":	false,
	"platformSamplesDir":	"",
	"platActiveSys":	"Videokaart_full2",
	"systems":	[{
			"systemName":	"Videokaart_full2",
			"systemDesc":	"Videokaart_full2",
			"sysIsBootAutoGen":	"true",
			"systemDispName":	"Videokaart_full2"
		}]
}
TRACE::2024-03-11.11:46:41::SCWWriter::formatted JSON is {
	"platformName":	"Videokaart_full2",
	"sprVersion":	"2.0",
	"mode":	"gui",
	"dsaType":	"Fixed",
	"platformDesc":	"Videokaart_full2",
	"platHandOff":	"C:/github/RetroGame/VHDL/VideoKaartMicroBlaze/Videokaart_full2.xsa",
	"platIntHandOff":	"<platformDir>/hw/Videokaart_full2.xsa",
	"deviceType":	"FPGA",
	"platIsPrebuiltAutogen":	"false",
	"platIsNoBootBsp":	"false",
	"hasFsblMakeHasChanges":	"false",
	"hasPmufwMakeHasChanges":	"false",
	"platPreBuiltFlag":	false,
	"platformSamplesDir":	"",
	"platActiveSys":	"Videokaart_full2",
	"systems":	[{
			"systemName":	"Videokaart_full2",
			"systemDesc":	"Videokaart_full2",
			"sysIsBootAutoGen":	"true",
			"systemDispName":	"Videokaart_full2"
		}]
}
TRACE::2024-03-11.11:46:41::SCWPlatform::Trying to open the hw design at C:/github/RetroGame/VitisWorkspace/Videokaart_full2/hw/Videokaart_full2.xsa
TRACE::2024-03-11.11:46:41::SCWPlatform::DSA given C:/github/RetroGame/VitisWorkspace/Videokaart_full2/hw/Videokaart_full2.xsa
TRACE::2024-03-11.11:46:41::SCWPlatform::DSA absoulate path C:/github/RetroGame/VitisWorkspace/Videokaart_full2/hw/Videokaart_full2.xsa
TRACE::2024-03-11.11:46:41::SCWPlatform::DSA directory C:/github/RetroGame/VitisWorkspace/Videokaart_full2/hw
TRACE::2024-03-11.11:46:41::SCWPlatform:: Platform Path C:/github/RetroGame/VitisWorkspace/Videokaart_full2/hw/Videokaart_full2.xsa
TRACE::2024-03-11.11:46:41::SCWPlatform:: Unique name xilinx:basys3::0.0
TRACE::2024-03-11.11:46:41::SCWPlatform::Trying to set the existing hwdb with name Videokaart_full_9
TRACE::2024-03-11.11:46:41::SCWPlatform::Opened existing hwdb Videokaart_full_9
TRACE::2024-03-11.11:46:41::SCWPlatform::Found the Hw Db part of the input DSA
TRACE::2024-03-11.11:46:41::SCWPlatform::Trying to open the hw design at C:/github/RetroGame/VitisWorkspace/Videokaart_full2/hw/Videokaart_full2.xsa
TRACE::2024-03-11.11:46:41::SCWPlatform::DSA given C:/github/RetroGame/VitisWorkspace/Videokaart_full2/hw/Videokaart_full2.xsa
TRACE::2024-03-11.11:46:41::SCWPlatform::DSA absoulate path C:/github/RetroGame/VitisWorkspace/Videokaart_full2/hw/Videokaart_full2.xsa
TRACE::2024-03-11.11:46:41::SCWPlatform::DSA directory C:/github/RetroGame/VitisWorkspace/Videokaart_full2/hw
TRACE::2024-03-11.11:46:41::SCWPlatform:: Platform Path C:/github/RetroGame/VitisWorkspace/Videokaart_full2/hw/Videokaart_full2.xsa
TRACE::2024-03-11.11:46:41::SCWPlatform:: Unique name xilinx:basys3::0.0
TRACE::2024-03-11.11:46:41::SCWPlatform::Trying to set the existing hwdb with name Videokaart_full_9
TRACE::2024-03-11.11:46:41::SCWPlatform::Opened existing hwdb Videokaart_full_9
TRACE::2024-03-11.11:46:41::SCWPlatform::Found the Hw Db part of the input DSA
TRACE::2024-03-11.11:46:41::SCWDomain::checking for install qemu data   : 
TRACE::2024-03-11.11:46:41::SCWPlatform::Trying to open the hw design at C:/github/RetroGame/VitisWorkspace/Videokaart_full2/hw/Videokaart_full2.xsa
TRACE::2024-03-11.11:46:41::SCWPlatform::DSA given C:/github/RetroGame/VitisWorkspace/Videokaart_full2/hw/Videokaart_full2.xsa
TRACE::2024-03-11.11:46:41::SCWPlatform::DSA absoulate path C:/github/RetroGame/VitisWorkspace/Videokaart_full2/hw/Videokaart_full2.xsa
TRACE::2024-03-11.11:46:41::SCWPlatform::DSA directory C:/github/RetroGame/VitisWorkspace/Videokaart_full2/hw
TRACE::2024-03-11.11:46:41::SCWPlatform:: Platform Path C:/github/RetroGame/VitisWorkspace/Videokaart_full2/hw/Videokaart_full2.xsa
TRACE::2024-03-11.11:46:41::SCWPlatform:: Unique name xilinx:basys3::0.0
TRACE::2024-03-11.11:46:41::SCWPlatform::Trying to set the existing hwdb with name Videokaart_full_9
TRACE::2024-03-11.11:46:41::SCWPlatform::Opened existing hwdb Videokaart_full_9
TRACE::2024-03-11.11:46:41::SCWPlatform::Found the Hw Db part of the input DSA
TRACE::2024-03-11.11:46:41::SCWPlatform::Trying to open the hw design at C:/github/RetroGame/VitisWorkspace/Videokaart_full2/hw/Videokaart_full2.xsa
TRACE::2024-03-11.11:46:41::SCWPlatform::DSA given C:/github/RetroGame/VitisWorkspace/Videokaart_full2/hw/Videokaart_full2.xsa
TRACE::2024-03-11.11:46:41::SCWPlatform::DSA absoulate path C:/github/RetroGame/VitisWorkspace/Videokaart_full2/hw/Videokaart_full2.xsa
TRACE::2024-03-11.11:46:41::SCWPlatform::DSA directory C:/github/RetroGame/VitisWorkspace/Videokaart_full2/hw
TRACE::2024-03-11.11:46:41::SCWPlatform:: Platform Path C:/github/RetroGame/VitisWorkspace/Videokaart_full2/hw/Videokaart_full2.xsa
TRACE::2024-03-11.11:46:41::SCWPlatform:: Unique name xilinx:basys3::0.0
TRACE::2024-03-11.11:46:41::SCWPlatform::Trying to set the existing hwdb with name Videokaart_full_9
TRACE::2024-03-11.11:46:41::SCWPlatform::Opened existing hwdb Videokaart_full_9
TRACE::2024-03-11.11:46:41::SCWPlatform::Found the Hw Db part of the input DSA
TRACE::2024-03-11.11:46:41::SCWPlatform::Trying to open the hw design at C:/github/RetroGame/VitisWorkspace/Videokaart_full2/hw/Videokaart_full2.xsa
TRACE::2024-03-11.11:46:41::SCWPlatform::DSA given C:/github/RetroGame/VitisWorkspace/Videokaart_full2/hw/Videokaart_full2.xsa
TRACE::2024-03-11.11:46:41::SCWPlatform::DSA absoulate path C:/github/RetroGame/VitisWorkspace/Videokaart_full2/hw/Videokaart_full2.xsa
TRACE::2024-03-11.11:46:41::SCWPlatform::DSA directory C:/github/RetroGame/VitisWorkspace/Videokaart_full2/hw
TRACE::2024-03-11.11:46:41::SCWPlatform:: Platform Path C:/github/RetroGame/VitisWorkspace/Videokaart_full2/hw/Videokaart_full2.xsa
TRACE::2024-03-11.11:46:41::SCWPlatform:: Unique name xilinx:basys3::0.0
TRACE::2024-03-11.11:46:41::SCWPlatform::Trying to set the existing hwdb with name Videokaart_full_9
TRACE::2024-03-11.11:46:41::SCWPlatform::Opened existing hwdb Videokaart_full_9
TRACE::2024-03-11.11:46:41::SCWPlatform::Found the Hw Db part of the input DSA
TRACE::2024-03-11.11:46:41::SCWMssOS::Checking the sw design at  C:/github/RetroGame/VitisWorkspace/Videokaart_full2/microblaze_0/standalone_microblaze_0/bsp/system.mss
TRACE::2024-03-11.11:46:41::SCWMssOS::DEBUG:  swdes dump  C:/github/RetroGame/VitisWorkspace/Videokaart_full/microblaze_0/standalone_microblaze_0/bsp/system.mss|system||

TRACE::2024-03-11.11:46:41::SCWMssOS::No sw design opened at  C:/github/RetroGame/VitisWorkspace/Videokaart_full2/microblaze_0/standalone_microblaze_0/bsp/system.mss
TRACE::2024-03-11.11:46:41::SCWMssOS::mss does not exists at C:/github/RetroGame/VitisWorkspace/Videokaart_full2/microblaze_0/standalone_microblaze_0/bsp/system.mss
TRACE::2024-03-11.11:46:41::SCWMssOS::Creating sw design at  C:/github/RetroGame/VitisWorkspace/Videokaart_full2/microblaze_0/standalone_microblaze_0/bsp/system.mss
TRACE::2024-03-11.11:46:41::SCWMssOS::Adding the swdes entry, created swdb C:/github/RetroGame/VitisWorkspace/Videokaart_full2/microblaze_0/standalone_microblaze_0/bsp/system.mss with des name C:/github/RetroGame/VitisWorkspace/Videokaart_full2/microblaze_0/standalone_microblaze_0/bsp/system.mss
TRACE::2024-03-11.11:46:41::SCWMssOS::updating the scw layer changes to swdes at   C:/github/RetroGame/VitisWorkspace/Videokaart_full2/microblaze_0/standalone_microblaze_0/bsp/system.mss
TRACE::2024-03-11.11:46:41::SCWMssOS::Writing mss at C:/github/RetroGame/VitisWorkspace/Videokaart_full2/microblaze_0/standalone_microblaze_0/bsp/system.mss
TRACE::2024-03-11.11:46:41::SCWMssOS::Completed writing the mss file at C:/github/RetroGame/VitisWorkspace/Videokaart_full2/microblaze_0/standalone_microblaze_0/bsp
TRACE::2024-03-11.11:46:41::SCWMssOS::Picking up changes from newly written mss file into SCW Layer. 
TRACE::2024-03-11.11:46:41::SCWMssOS::Updated the changes from newly written mss file into SCW Layer. 
TRACE::2024-03-11.11:46:41::SCWMssOS::Completed writing the mss file at C:/github/RetroGame/VitisWorkspace/Videokaart_full2/microblaze_0/standalone_microblaze_0/bsp
TRACE::2024-03-11.11:46:41::SCWMssOS::Forcing BSP Sources regeneration.
TRACE::2024-03-11.11:46:42::SCWMssOS::Saving the mss changes C:/github/RetroGame/VitisWorkspace/Videokaart_full2/microblaze_0/standalone_microblaze_0/bsp/system.mss
TRACE::2024-03-11.11:46:42::SCWMssOS::Adding the swdes entry, mss present, able to open swdb C:/github/RetroGame/VitisWorkspace/Videokaart_full2/microblaze_0/standalone_microblaze_0/bsp/system.mss with des name system_0
TRACE::2024-03-11.11:46:42::SCWMssOS::Writing the mss file completed C:/github/RetroGame/VitisWorkspace/Videokaart_full2/microblaze_0/standalone_microblaze_0/bsp/system.mss
TRACE::2024-03-11.11:46:42::SCWMssOS::Commit changes completed.
TRACE::2024-03-11.11:46:42::SCWPlatform::Trying to open the hw design at C:/github/RetroGame/VitisWorkspace/Videokaart_full2/hw/Videokaart_full2.xsa
TRACE::2024-03-11.11:46:42::SCWPlatform::DSA given C:/github/RetroGame/VitisWorkspace/Videokaart_full2/hw/Videokaart_full2.xsa
TRACE::2024-03-11.11:46:42::SCWPlatform::DSA absoulate path C:/github/RetroGame/VitisWorkspace/Videokaart_full2/hw/Videokaart_full2.xsa
TRACE::2024-03-11.11:46:42::SCWPlatform::DSA directory C:/github/RetroGame/VitisWorkspace/Videokaart_full2/hw
TRACE::2024-03-11.11:46:42::SCWPlatform:: Platform Path C:/github/RetroGame/VitisWorkspace/Videokaart_full2/hw/Videokaart_full2.xsa
TRACE::2024-03-11.11:46:42::SCWPlatform:: Unique name xilinx:basys3::0.0
TRACE::2024-03-11.11:46:42::SCWPlatform::Trying to set the existing hwdb with name Videokaart_full_9
TRACE::2024-03-11.11:46:42::SCWPlatform::Opened existing hwdb Videokaart_full_9
TRACE::2024-03-11.11:46:42::SCWPlatform::Found the Hw Db part of the input DSA
TRACE::2024-03-11.11:46:42::SCWMssOS::Checking the sw design at  C:/github/RetroGame/VitisWorkspace/Videokaart_full2/microblaze_0/standalone_microblaze_0/bsp/system.mss
TRACE::2024-03-11.11:46:42::SCWMssOS::DEBUG:  swdes dump  C:/github/RetroGame/VitisWorkspace/Videokaart_full/microblaze_0/standalone_microblaze_0/bsp/system.mss|system||
C:/github/RetroGame/VitisWorkspace/Videokaart_full2/microblaze_0/standalone_microblaze_0/bsp/system.mss|system_0||

TRACE::2024-03-11.11:46:42::SCWMssOS::Sw design exists and opened at  C:/github/RetroGame/VitisWorkspace/Videokaart_full2/microblaze_0/standalone_microblaze_0/bsp/system.mss
TRACE::2024-03-11.11:46:42::SCWPlatform::Trying to open the hw design at C:/github/RetroGame/VitisWorkspace/Videokaart_full2/hw/Videokaart_full2.xsa
TRACE::2024-03-11.11:46:42::SCWPlatform::DSA given C:/github/RetroGame/VitisWorkspace/Videokaart_full2/hw/Videokaart_full2.xsa
TRACE::2024-03-11.11:46:42::SCWPlatform::DSA absoulate path C:/github/RetroGame/VitisWorkspace/Videokaart_full2/hw/Videokaart_full2.xsa
TRACE::2024-03-11.11:46:42::SCWPlatform::DSA directory C:/github/RetroGame/VitisWorkspace/Videokaart_full2/hw
TRACE::2024-03-11.11:46:42::SCWPlatform:: Platform Path C:/github/RetroGame/VitisWorkspace/Videokaart_full2/hw/Videokaart_full2.xsa
TRACE::2024-03-11.11:46:42::SCWPlatform:: Unique name xilinx:basys3::0.0
TRACE::2024-03-11.11:46:42::SCWPlatform::Trying to set the existing hwdb with name Videokaart_full_9
TRACE::2024-03-11.11:46:42::SCWPlatform::Opened existing hwdb Videokaart_full_9
TRACE::2024-03-11.11:46:42::SCWPlatform::Found the Hw Db part of the input DSA
TRACE::2024-03-11.11:46:42::SCWMssOS::Checking the sw design at  C:/github/RetroGame/VitisWorkspace/Videokaart_full2/microblaze_0/standalone_microblaze_0/bsp/system.mss
TRACE::2024-03-11.11:46:42::SCWMssOS::DEBUG:  swdes dump  C:/github/RetroGame/VitisWorkspace/Videokaart_full/microblaze_0/standalone_microblaze_0/bsp/system.mss|system||
C:/github/RetroGame/VitisWorkspace/Videokaart_full2/microblaze_0/standalone_microblaze_0/bsp/system.mss|system_0||

TRACE::2024-03-11.11:46:42::SCWMssOS::Sw design exists and opened at  C:/github/RetroGame/VitisWorkspace/Videokaart_full2/microblaze_0/standalone_microblaze_0/bsp/system.mss
TRACE::2024-03-11.11:46:42::SCWPlatform::Trying to open the hw design at C:/github/RetroGame/VitisWorkspace/Videokaart_full2/hw/Videokaart_full2.xsa
TRACE::2024-03-11.11:46:42::SCWPlatform::DSA given C:/github/RetroGame/VitisWorkspace/Videokaart_full2/hw/Videokaart_full2.xsa
TRACE::2024-03-11.11:46:42::SCWPlatform::DSA absoulate path C:/github/RetroGame/VitisWorkspace/Videokaart_full2/hw/Videokaart_full2.xsa
TRACE::2024-03-11.11:46:42::SCWPlatform::DSA directory C:/github/RetroGame/VitisWorkspace/Videokaart_full2/hw
TRACE::2024-03-11.11:46:42::SCWPlatform:: Platform Path C:/github/RetroGame/VitisWorkspace/Videokaart_full2/hw/Videokaart_full2.xsa
TRACE::2024-03-11.11:46:42::SCWPlatform:: Unique name xilinx:basys3::0.0
TRACE::2024-03-11.11:46:42::SCWPlatform::Trying to set the existing hwdb with name Videokaart_full_9
TRACE::2024-03-11.11:46:42::SCWPlatform::Opened existing hwdb Videokaart_full_9
TRACE::2024-03-11.11:46:42::SCWPlatform::Found the Hw Db part of the input DSA
TRACE::2024-03-11.11:46:42::SCWMssOS::Checking the sw design at  C:/github/RetroGame/VitisWorkspace/Videokaart_full2/microblaze_0/standalone_microblaze_0/bsp/system.mss
TRACE::2024-03-11.11:46:42::SCWMssOS::DEBUG:  swdes dump  C:/github/RetroGame/VitisWorkspace/Videokaart_full/microblaze_0/standalone_microblaze_0/bsp/system.mss|system||
C:/github/RetroGame/VitisWorkspace/Videokaart_full2/microblaze_0/standalone_microblaze_0/bsp/system.mss|system_0||

TRACE::2024-03-11.11:46:42::SCWMssOS::Sw design exists and opened at  C:/github/RetroGame/VitisWorkspace/Videokaart_full2/microblaze_0/standalone_microblaze_0/bsp/system.mss
TRACE::2024-03-11.11:46:42::SCWWriter::formatted JSON is {
	"platformName":	"Videokaart_full2",
	"sprVersion":	"2.0",
	"mode":	"gui",
	"dsaType":	"Fixed",
	"platformDesc":	"Videokaart_full2",
	"platHandOff":	"C:/github/RetroGame/VHDL/VideoKaartMicroBlaze/Videokaart_full2.xsa",
	"platIntHandOff":	"<platformDir>/hw/Videokaart_full2.xsa",
	"deviceType":	"FPGA",
	"platIsPrebuiltAutogen":	"false",
	"platIsNoBootBsp":	"false",
	"hasFsblMakeHasChanges":	"false",
	"hasPmufwMakeHasChanges":	"false",
	"platPreBuiltFlag":	false,
	"platformSamplesDir":	"",
	"platActiveSys":	"Videokaart_full2",
	"systems":	[{
			"systemName":	"Videokaart_full2",
			"systemDesc":	"Videokaart_full2",
			"sysIsBootAutoGen":	"true",
			"systemDispName":	"Videokaart_full2",
			"sysActiveDom":	"standalone_microblaze_0",
			"sysDefaultDom":	"standalone_microblaze_0",
			"domains":	[{
					"domainName":	"standalone_microblaze_0",
					"domainDispName":	"standalone_microblaze_0",
					"domainDesc":	"standalone_microblaze_0",
					"processors":	"microblaze_0",
					"os":	"standalone",
					"sdxOs":	"standalone",
					"debugEnable":	"False",
					"domRuntimes":	["cpp"],
					"swRepo":	"",
					"mssOsVer":	"9.0",
					"mssFile":	"",
					"md5Digest":	"53f592137bab3318261e56f00d82a546",
					"compatibleApp":	"empty_application",
					"domType":	"mssDomain",
					"arch":	"32-bit",
					"appSettings":	{
						"appCompilerFlags":	"",
						"appLinkerFlags":	""
					},
					"addedLibs":	[],
					"libOptions":	{
						"libsContainingOptions":	[]
					},
					"prebuiltLibs":	{
						"prebuiltIncPath":	[],
						"prebuiltLibPath":	[]
					},
					"isolation":	{
					}
				}]
		}]
}
LOG::2024-03-11.11:46:42::SCWPlatform::Started generating the artifacts platform Videokaart_full2
TRACE::2024-03-11.11:46:42::SCWPlatform::Sanity checking of platform is completed
LOG::2024-03-11.11:46:42::SCWPlatform::Started generating the artifacts for system configuration Videokaart_full2
LOG::2024-03-11.11:46:42::SCWSystem::Checking the domain standalone_microblaze_0
LOG::2024-03-11.11:46:42::SCWSystem::Not a boot domain 
LOG::2024-03-11.11:46:42::SCWSystem::Started Processing the domain standalone_microblaze_0
TRACE::2024-03-11.11:46:42::SCWDomain::Generating domain artifcats
TRACE::2024-03-11.11:46:42::SCWMssOS::Generating standalone artifcats
TRACE::2024-03-11.11:46:42::SCWMssOS:: Copying the user libraries. 
TRACE::2024-03-11.11:46:42::SCWPlatform::Trying to open the hw design at C:/github/RetroGame/VitisWorkspace/Videokaart_full2/hw/Videokaart_full2.xsa
TRACE::2024-03-11.11:46:42::SCWPlatform::DSA given C:/github/RetroGame/VitisWorkspace/Videokaart_full2/hw/Videokaart_full2.xsa
TRACE::2024-03-11.11:46:42::SCWPlatform::DSA absoulate path C:/github/RetroGame/VitisWorkspace/Videokaart_full2/hw/Videokaart_full2.xsa
TRACE::2024-03-11.11:46:42::SCWPlatform::DSA directory C:/github/RetroGame/VitisWorkspace/Videokaart_full2/hw
TRACE::2024-03-11.11:46:42::SCWPlatform:: Platform Path C:/github/RetroGame/VitisWorkspace/Videokaart_full2/hw/Videokaart_full2.xsa
TRACE::2024-03-11.11:46:42::SCWPlatform:: Unique name xilinx:basys3::0.0
TRACE::2024-03-11.11:46:42::SCWPlatform::Trying to set the existing hwdb with name Videokaart_full_9
TRACE::2024-03-11.11:46:42::SCWPlatform::Opened existing hwdb Videokaart_full_9
TRACE::2024-03-11.11:46:42::SCWPlatform::Found the Hw Db part of the input DSA
TRACE::2024-03-11.11:46:42::SCWMssOS::Checking the sw design at  C:/github/RetroGame/VitisWorkspace/Videokaart_full2/microblaze_0/standalone_microblaze_0/bsp/system.mss
TRACE::2024-03-11.11:46:42::SCWMssOS::DEBUG:  swdes dump  C:/github/RetroGame/VitisWorkspace/Videokaart_full/microblaze_0/standalone_microblaze_0/bsp/system.mss|system||
C:/github/RetroGame/VitisWorkspace/Videokaart_full2/microblaze_0/standalone_microblaze_0/bsp/system.mss|system_0||

TRACE::2024-03-11.11:46:42::SCWMssOS::Sw design exists and opened at  C:/github/RetroGame/VitisWorkspace/Videokaart_full2/microblaze_0/standalone_microblaze_0/bsp/system.mss
TRACE::2024-03-11.11:46:42::SCWMssOS::Completed writing the mss file at C:/github/RetroGame/VitisWorkspace/Videokaart_full2/microblaze_0/standalone_microblaze_0/bsp
TRACE::2024-03-11.11:46:42::SCWMssOS::Mss edits present, copying mssfile into export location C:/github/RetroGame/VitisWorkspace/Videokaart_full2/microblaze_0/standalone_microblaze_0/bsp/system.mss
TRACE::2024-03-11.11:46:42::SCWMssOS::bsp generated is upto date with the mss file. Skipping bsp generation.
TRACE::2024-03-11.11:46:42::SCWMssOS::BSP is already built. skipping the bsp build ... 
TRACE::2024-03-11.11:46:42::SCWDomain::Skipping the build for domain :  standalone_microblaze_0
TRACE::2024-03-11.11:46:42::SCWMssOS::skipping the bsp build ... 
TRACE::2024-03-11.11:46:42::SCWMssOS::Copying to export directory.
TRACE::2024-03-11.11:46:42::SCWMssOS:: Checking if to create the Supporting Applications
TRACE::2024-03-11.11:46:42::SCWMssOS:: No Linux domain exists, trying to generate FSBL 
LOG::2024-03-11.11:46:42::SCWSystem::Completed Processing the domain standalone_microblaze_0
LOG::2024-03-11.11:46:42::SCWSystem::Completed Processing the sysconfig Videokaart_full2
LOG::2024-03-11.11:46:42::SCWPlatform::Completed generating the artifacts for system configuration Videokaart_full2
TRACE::2024-03-11.11:46:42::SCWPlatform::Started preparing the platform 
TRACE::2024-03-11.11:46:42::SCWSystem::Writing the bif file for system config Videokaart_full2
TRACE::2024-03-11.11:46:42::SCWSystem::dir created 
TRACE::2024-03-11.11:46:42::SCWSystem::Writing the bif 
TRACE::2024-03-11.11:46:42::SCWPlatform::Started writing the spfm file 
TRACE::2024-03-11.11:46:42::SCWPlatform::Started writing the xpfm file 
TRACE::2024-03-11.11:46:42::SCWPlatform::Completed generating the platform
TRACE::2024-03-11.11:46:42::SCWMssOS::Saving the mss changes C:/github/RetroGame/VitisWorkspace/Videokaart_full2/microblaze_0/standalone_microblaze_0/bsp/system.mss
TRACE::2024-03-11.11:46:42::SCWMssOS::Found a swdesign opened with the mssfile.
TRACE::2024-03-11.11:46:42::SCWMssOS::Completed writemss as part of save.
TRACE::2024-03-11.11:46:42::SCWMssOS::Commit changes completed.
TRACE::2024-03-11.11:46:42::SCWPlatform::Trying to open the hw design at C:/github/RetroGame/VitisWorkspace/Videokaart_full2/hw/Videokaart_full2.xsa
TRACE::2024-03-11.11:46:42::SCWPlatform::DSA given C:/github/RetroGame/VitisWorkspace/Videokaart_full2/hw/Videokaart_full2.xsa
TRACE::2024-03-11.11:46:42::SCWPlatform::DSA absoulate path C:/github/RetroGame/VitisWorkspace/Videokaart_full2/hw/Videokaart_full2.xsa
TRACE::2024-03-11.11:46:42::SCWPlatform::DSA directory C:/github/RetroGame/VitisWorkspace/Videokaart_full2/hw
TRACE::2024-03-11.11:46:42::SCWPlatform:: Platform Path C:/github/RetroGame/VitisWorkspace/Videokaart_full2/hw/Videokaart_full2.xsa
TRACE::2024-03-11.11:46:42::SCWPlatform:: Unique name xilinx:basys3::0.0
TRACE::2024-03-11.11:46:42::SCWPlatform::Trying to set the existing hwdb with name Videokaart_full_9
TRACE::2024-03-11.11:46:42::SCWPlatform::Opened existing hwdb Videokaart_full_9
TRACE::2024-03-11.11:46:42::SCWPlatform::Found the Hw Db part of the input DSA
TRACE::2024-03-11.11:46:42::SCWMssOS::Checking the sw design at  C:/github/RetroGame/VitisWorkspace/Videokaart_full2/microblaze_0/standalone_microblaze_0/bsp/system.mss
TRACE::2024-03-11.11:46:42::SCWMssOS::DEBUG:  swdes dump  C:/github/RetroGame/VitisWorkspace/Videokaart_full/microblaze_0/standalone_microblaze_0/bsp/system.mss|system||
C:/github/RetroGame/VitisWorkspace/Videokaart_full2/microblaze_0/standalone_microblaze_0/bsp/system.mss|system_0||

TRACE::2024-03-11.11:46:42::SCWMssOS::Sw design exists and opened at  C:/github/RetroGame/VitisWorkspace/Videokaart_full2/microblaze_0/standalone_microblaze_0/bsp/system.mss
TRACE::2024-03-11.11:46:42::SCWPlatform::Trying to open the hw design at C:/github/RetroGame/VitisWorkspace/Videokaart_full2/hw/Videokaart_full2.xsa
TRACE::2024-03-11.11:46:42::SCWPlatform::DSA given C:/github/RetroGame/VitisWorkspace/Videokaart_full2/hw/Videokaart_full2.xsa
TRACE::2024-03-11.11:46:42::SCWPlatform::DSA absoulate path C:/github/RetroGame/VitisWorkspace/Videokaart_full2/hw/Videokaart_full2.xsa
TRACE::2024-03-11.11:46:42::SCWPlatform::DSA directory C:/github/RetroGame/VitisWorkspace/Videokaart_full2/hw
TRACE::2024-03-11.11:46:42::SCWPlatform:: Platform Path C:/github/RetroGame/VitisWorkspace/Videokaart_full2/hw/Videokaart_full2.xsa
TRACE::2024-03-11.11:46:42::SCWPlatform:: Unique name xilinx:basys3::0.0
TRACE::2024-03-11.11:46:42::SCWPlatform::Trying to set the existing hwdb with name Videokaart_full_9
TRACE::2024-03-11.11:46:42::SCWPlatform::Opened existing hwdb Videokaart_full_9
TRACE::2024-03-11.11:46:42::SCWPlatform::Found the Hw Db part of the input DSA
TRACE::2024-03-11.11:46:42::SCWMssOS::Checking the sw design at  C:/github/RetroGame/VitisWorkspace/Videokaart_full2/microblaze_0/standalone_microblaze_0/bsp/system.mss
TRACE::2024-03-11.11:46:42::SCWMssOS::DEBUG:  swdes dump  C:/github/RetroGame/VitisWorkspace/Videokaart_full/microblaze_0/standalone_microblaze_0/bsp/system.mss|system||
C:/github/RetroGame/VitisWorkspace/Videokaart_full2/microblaze_0/standalone_microblaze_0/bsp/system.mss|system_0||

TRACE::2024-03-11.11:46:42::SCWMssOS::Sw design exists and opened at  C:/github/RetroGame/VitisWorkspace/Videokaart_full2/microblaze_0/standalone_microblaze_0/bsp/system.mss
TRACE::2024-03-11.11:46:42::SCWPlatform::Trying to open the hw design at C:/github/RetroGame/VitisWorkspace/Videokaart_full2/hw/Videokaart_full2.xsa
TRACE::2024-03-11.11:46:42::SCWPlatform::DSA given C:/github/RetroGame/VitisWorkspace/Videokaart_full2/hw/Videokaart_full2.xsa
TRACE::2024-03-11.11:46:42::SCWPlatform::DSA absoulate path C:/github/RetroGame/VitisWorkspace/Videokaart_full2/hw/Videokaart_full2.xsa
TRACE::2024-03-11.11:46:42::SCWPlatform::DSA directory C:/github/RetroGame/VitisWorkspace/Videokaart_full2/hw
TRACE::2024-03-11.11:46:42::SCWPlatform:: Platform Path C:/github/RetroGame/VitisWorkspace/Videokaart_full2/hw/Videokaart_full2.xsa
TRACE::2024-03-11.11:46:42::SCWPlatform:: Unique name xilinx:basys3::0.0
TRACE::2024-03-11.11:46:42::SCWPlatform::Trying to set the existing hwdb with name Videokaart_full_9
TRACE::2024-03-11.11:46:42::SCWPlatform::Opened existing hwdb Videokaart_full_9
TRACE::2024-03-11.11:46:42::SCWPlatform::Found the Hw Db part of the input DSA
TRACE::2024-03-11.11:46:42::SCWMssOS::Checking the sw design at  C:/github/RetroGame/VitisWorkspace/Videokaart_full2/microblaze_0/standalone_microblaze_0/bsp/system.mss
TRACE::2024-03-11.11:46:42::SCWMssOS::DEBUG:  swdes dump  C:/github/RetroGame/VitisWorkspace/Videokaart_full/microblaze_0/standalone_microblaze_0/bsp/system.mss|system||
C:/github/RetroGame/VitisWorkspace/Videokaart_full2/microblaze_0/standalone_microblaze_0/bsp/system.mss|system_0||

TRACE::2024-03-11.11:46:42::SCWMssOS::Sw design exists and opened at  C:/github/RetroGame/VitisWorkspace/Videokaart_full2/microblaze_0/standalone_microblaze_0/bsp/system.mss
TRACE::2024-03-11.11:46:42::SCWWriter::formatted JSON is {
	"platformName":	"Videokaart_full2",
	"sprVersion":	"2.0",
	"mode":	"gui",
	"dsaType":	"Fixed",
	"platformDesc":	"Videokaart_full2",
	"platHandOff":	"C:/github/RetroGame/VHDL/VideoKaartMicroBlaze/Videokaart_full2.xsa",
	"platIntHandOff":	"<platformDir>/hw/Videokaart_full2.xsa",
	"deviceType":	"FPGA",
	"platIsPrebuiltAutogen":	"false",
	"platIsNoBootBsp":	"false",
	"hasFsblMakeHasChanges":	"false",
	"hasPmufwMakeHasChanges":	"false",
	"platPreBuiltFlag":	false,
	"platformSamplesDir":	"",
	"platActiveSys":	"Videokaart_full2",
	"systems":	[{
			"systemName":	"Videokaart_full2",
			"systemDesc":	"Videokaart_full2",
			"sysIsBootAutoGen":	"true",
			"systemDispName":	"Videokaart_full2",
			"sysActiveDom":	"standalone_microblaze_0",
			"sysDefaultDom":	"standalone_microblaze_0",
			"domains":	[{
					"domainName":	"standalone_microblaze_0",
					"domainDispName":	"standalone_microblaze_0",
					"domainDesc":	"standalone_microblaze_0",
					"processors":	"microblaze_0",
					"os":	"standalone",
					"sdxOs":	"standalone",
					"debugEnable":	"False",
					"domRuntimes":	["cpp"],
					"swRepo":	"",
					"mssOsVer":	"9.0",
					"mssFile":	"",
					"md5Digest":	"53f592137bab3318261e56f00d82a546",
					"compatibleApp":	"empty_application",
					"domType":	"mssDomain",
					"arch":	"32-bit",
					"appSettings":	{
						"appCompilerFlags":	"",
						"appLinkerFlags":	""
					},
					"addedLibs":	[],
					"libOptions":	{
						"libsContainingOptions":	[]
					},
					"prebuiltLibs":	{
						"prebuiltIncPath":	[],
						"prebuiltLibPath":	[]
					},
					"isolation":	{
					}
				}]
		}]
}
KEYINFO::2024-03-11.11:46:42::SCWPlatform::updated the xpfm file.
TRACE::2024-03-11.11:46:42::SCWPlatform::Trying to open the hw design at C:/github/RetroGame/VitisWorkspace/Videokaart_full2/hw/Videokaart_full2.xsa
TRACE::2024-03-11.11:46:42::SCWPlatform::DSA given C:/github/RetroGame/VitisWorkspace/Videokaart_full2/hw/Videokaart_full2.xsa
TRACE::2024-03-11.11:46:42::SCWPlatform::DSA absoulate path C:/github/RetroGame/VitisWorkspace/Videokaart_full2/hw/Videokaart_full2.xsa
TRACE::2024-03-11.11:46:42::SCWPlatform::DSA directory C:/github/RetroGame/VitisWorkspace/Videokaart_full2/hw
TRACE::2024-03-11.11:46:42::SCWPlatform:: Platform Path C:/github/RetroGame/VitisWorkspace/Videokaart_full2/hw/Videokaart_full2.xsa
TRACE::2024-03-11.11:46:42::SCWPlatform:: Unique name xilinx:basys3::0.0
TRACE::2024-03-11.11:46:42::SCWPlatform::Trying to set the existing hwdb with name Videokaart_full_9
TRACE::2024-03-11.11:46:42::SCWPlatform::Opened existing hwdb Videokaart_full_9
TRACE::2024-03-11.11:46:42::SCWPlatform::Found the Hw Db part of the input DSA
TRACE::2024-03-11.11:46:42::SCWMssOS::Checking the sw design at  C:/github/RetroGame/VitisWorkspace/Videokaart_full2/microblaze_0/standalone_microblaze_0/bsp/system.mss
TRACE::2024-03-11.11:46:42::SCWMssOS::DEBUG:  swdes dump  C:/github/RetroGame/VitisWorkspace/Videokaart_full/microblaze_0/standalone_microblaze_0/bsp/system.mss|system||
C:/github/RetroGame/VitisWorkspace/Videokaart_full2/microblaze_0/standalone_microblaze_0/bsp/system.mss|system_0||

TRACE::2024-03-11.11:46:42::SCWMssOS::Sw design exists and opened at  C:/github/RetroGame/VitisWorkspace/Videokaart_full2/microblaze_0/standalone_microblaze_0/bsp/system.mss
TRACE::2024-03-11.11:46:42::SCWMssOS::Saving the mss changes C:/github/RetroGame/VitisWorkspace/Videokaart_full2/microblaze_0/standalone_microblaze_0/bsp/system.mss
TRACE::2024-03-11.11:46:42::SCWMssOS::Found a swdesign opened with the mssfile.
TRACE::2024-03-11.11:46:42::SCWMssOS::Completed writemss as part of save.
TRACE::2024-03-11.11:46:42::SCWMssOS::Commit changes completed.
TRACE::2024-03-11.11:46:42::SCWPlatform::Trying to open the hw design at C:/github/RetroGame/VitisWorkspace/Videokaart_full2/hw/Videokaart_full2.xsa
TRACE::2024-03-11.11:46:42::SCWPlatform::DSA given C:/github/RetroGame/VitisWorkspace/Videokaart_full2/hw/Videokaart_full2.xsa
TRACE::2024-03-11.11:46:42::SCWPlatform::DSA absoulate path C:/github/RetroGame/VitisWorkspace/Videokaart_full2/hw/Videokaart_full2.xsa
TRACE::2024-03-11.11:46:42::SCWPlatform::DSA directory C:/github/RetroGame/VitisWorkspace/Videokaart_full2/hw
TRACE::2024-03-11.11:46:42::SCWPlatform:: Platform Path C:/github/RetroGame/VitisWorkspace/Videokaart_full2/hw/Videokaart_full2.xsa
TRACE::2024-03-11.11:46:42::SCWPlatform:: Unique name xilinx:basys3::0.0
TRACE::2024-03-11.11:46:42::SCWPlatform::Trying to set the existing hwdb with name Videokaart_full_9
TRACE::2024-03-11.11:46:42::SCWPlatform::Opened existing hwdb Videokaart_full_9
TRACE::2024-03-11.11:46:42::SCWPlatform::Found the Hw Db part of the input DSA
TRACE::2024-03-11.11:46:42::SCWMssOS::Checking the sw design at  C:/github/RetroGame/VitisWorkspace/Videokaart_full2/microblaze_0/standalone_microblaze_0/bsp/system.mss
TRACE::2024-03-11.11:46:42::SCWMssOS::DEBUG:  swdes dump  C:/github/RetroGame/VitisWorkspace/Videokaart_full/microblaze_0/standalone_microblaze_0/bsp/system.mss|system||
C:/github/RetroGame/VitisWorkspace/Videokaart_full2/microblaze_0/standalone_microblaze_0/bsp/system.mss|system_0||

TRACE::2024-03-11.11:46:42::SCWMssOS::Sw design exists and opened at  C:/github/RetroGame/VitisWorkspace/Videokaart_full2/microblaze_0/standalone_microblaze_0/bsp/system.mss
TRACE::2024-03-11.11:46:42::SCWPlatform::Trying to open the hw design at C:/github/RetroGame/VitisWorkspace/Videokaart_full2/hw/Videokaart_full2.xsa
TRACE::2024-03-11.11:46:42::SCWPlatform::DSA given C:/github/RetroGame/VitisWorkspace/Videokaart_full2/hw/Videokaart_full2.xsa
TRACE::2024-03-11.11:46:42::SCWPlatform::DSA absoulate path C:/github/RetroGame/VitisWorkspace/Videokaart_full2/hw/Videokaart_full2.xsa
TRACE::2024-03-11.11:46:42::SCWPlatform::DSA directory C:/github/RetroGame/VitisWorkspace/Videokaart_full2/hw
TRACE::2024-03-11.11:46:42::SCWPlatform:: Platform Path C:/github/RetroGame/VitisWorkspace/Videokaart_full2/hw/Videokaart_full2.xsa
TRACE::2024-03-11.11:46:42::SCWPlatform:: Unique name xilinx:basys3::0.0
TRACE::2024-03-11.11:46:42::SCWPlatform::Trying to set the existing hwdb with name Videokaart_full_9
TRACE::2024-03-11.11:46:42::SCWPlatform::Opened existing hwdb Videokaart_full_9
TRACE::2024-03-11.11:46:42::SCWPlatform::Found the Hw Db part of the input DSA
TRACE::2024-03-11.11:46:42::SCWMssOS::Checking the sw design at  C:/github/RetroGame/VitisWorkspace/Videokaart_full2/microblaze_0/standalone_microblaze_0/bsp/system.mss
TRACE::2024-03-11.11:46:42::SCWMssOS::DEBUG:  swdes dump  C:/github/RetroGame/VitisWorkspace/Videokaart_full/microblaze_0/standalone_microblaze_0/bsp/system.mss|system||
C:/github/RetroGame/VitisWorkspace/Videokaart_full2/microblaze_0/standalone_microblaze_0/bsp/system.mss|system_0||

TRACE::2024-03-11.11:46:42::SCWMssOS::Sw design exists and opened at  C:/github/RetroGame/VitisWorkspace/Videokaart_full2/microblaze_0/standalone_microblaze_0/bsp/system.mss
TRACE::2024-03-11.11:46:42::SCWPlatform::Trying to open the hw design at C:/github/RetroGame/VitisWorkspace/Videokaart_full2/hw/Videokaart_full2.xsa
TRACE::2024-03-11.11:46:42::SCWPlatform::DSA given C:/github/RetroGame/VitisWorkspace/Videokaart_full2/hw/Videokaart_full2.xsa
TRACE::2024-03-11.11:46:42::SCWPlatform::DSA absoulate path C:/github/RetroGame/VitisWorkspace/Videokaart_full2/hw/Videokaart_full2.xsa
TRACE::2024-03-11.11:46:42::SCWPlatform::DSA directory C:/github/RetroGame/VitisWorkspace/Videokaart_full2/hw
TRACE::2024-03-11.11:46:42::SCWPlatform:: Platform Path C:/github/RetroGame/VitisWorkspace/Videokaart_full2/hw/Videokaart_full2.xsa
TRACE::2024-03-11.11:46:42::SCWPlatform:: Unique name xilinx:basys3::0.0
TRACE::2024-03-11.11:46:42::SCWPlatform::Trying to set the existing hwdb with name Videokaart_full_9
TRACE::2024-03-11.11:46:42::SCWPlatform::Opened existing hwdb Videokaart_full_9
TRACE::2024-03-11.11:46:42::SCWPlatform::Found the Hw Db part of the input DSA
TRACE::2024-03-11.11:46:42::SCWMssOS::Checking the sw design at  C:/github/RetroGame/VitisWorkspace/Videokaart_full2/microblaze_0/standalone_microblaze_0/bsp/system.mss
TRACE::2024-03-11.11:46:42::SCWMssOS::DEBUG:  swdes dump  C:/github/RetroGame/VitisWorkspace/Videokaart_full/microblaze_0/standalone_microblaze_0/bsp/system.mss|system||
C:/github/RetroGame/VitisWorkspace/Videokaart_full2/microblaze_0/standalone_microblaze_0/bsp/system.mss|system_0||

TRACE::2024-03-11.11:46:42::SCWMssOS::Sw design exists and opened at  C:/github/RetroGame/VitisWorkspace/Videokaart_full2/microblaze_0/standalone_microblaze_0/bsp/system.mss
TRACE::2024-03-11.11:46:42::SCWWriter::formatted JSON is {
	"platformName":	"Videokaart_full2",
	"sprVersion":	"2.0",
	"mode":	"gui",
	"dsaType":	"Fixed",
	"platformDesc":	"Videokaart_full2",
	"platHandOff":	"C:/github/RetroGame/VHDL/VideoKaartMicroBlaze/Videokaart_full2.xsa",
	"platIntHandOff":	"<platformDir>/hw/Videokaart_full2.xsa",
	"deviceType":	"FPGA",
	"platIsPrebuiltAutogen":	"false",
	"platIsNoBootBsp":	"false",
	"hasFsblMakeHasChanges":	"false",
	"hasPmufwMakeHasChanges":	"false",
	"platPreBuiltFlag":	false,
	"platformSamplesDir":	"",
	"platActiveSys":	"Videokaart_full2",
	"systems":	[{
			"systemName":	"Videokaart_full2",
			"systemDesc":	"Videokaart_full2",
			"sysIsBootAutoGen":	"true",
			"systemDispName":	"Videokaart_full2",
			"sysActiveDom":	"standalone_microblaze_0",
			"sysDefaultDom":	"standalone_microblaze_0",
			"domains":	[{
					"domainName":	"standalone_microblaze_0",
					"domainDispName":	"standalone_microblaze_0",
					"domainDesc":	"standalone_microblaze_0",
					"processors":	"microblaze_0",
					"os":	"standalone",
					"sdxOs":	"standalone",
					"debugEnable":	"False",
					"domRuntimes":	["cpp"],
					"swRepo":	"",
					"mssOsVer":	"9.0",
					"mssFile":	"",
					"md5Digest":	"53f592137bab3318261e56f00d82a546",
					"compatibleApp":	"empty_application",
					"domType":	"mssDomain",
					"arch":	"32-bit",
					"appSettings":	{
						"appCompilerFlags":	"",
						"appLinkerFlags":	""
					},
					"addedLibs":	[],
					"libOptions":	{
						"libsContainingOptions":	[]
					},
					"prebuiltLibs":	{
						"prebuiltIncPath":	[],
						"prebuiltLibPath":	[]
					},
					"isolation":	{
					}
				}]
		}]
}
TRACE::2024-03-11.11:46:42::SCWPlatform::Trying to open the hw design at C:/github/RetroGame/VitisWorkspace/Videokaart_full2/hw/Videokaart_full2.xsa
TRACE::2024-03-11.11:46:42::SCWPlatform::DSA given C:/github/RetroGame/VitisWorkspace/Videokaart_full2/hw/Videokaart_full2.xsa
TRACE::2024-03-11.11:46:42::SCWPlatform::DSA absoulate path C:/github/RetroGame/VitisWorkspace/Videokaart_full2/hw/Videokaart_full2.xsa
TRACE::2024-03-11.11:46:42::SCWPlatform::DSA directory C:/github/RetroGame/VitisWorkspace/Videokaart_full2/hw
TRACE::2024-03-11.11:46:42::SCWPlatform:: Platform Path C:/github/RetroGame/VitisWorkspace/Videokaart_full2/hw/Videokaart_full2.xsa
TRACE::2024-03-11.11:46:42::SCWPlatform:: Unique name xilinx:basys3::0.0
TRACE::2024-03-11.11:46:42::SCWPlatform::Trying to set the existing hwdb with name Videokaart_full_9
TRACE::2024-03-11.11:46:42::SCWPlatform::Opened existing hwdb Videokaart_full_9
TRACE::2024-03-11.11:46:42::SCWPlatform::Found the Hw Db part of the input DSA
TRACE::2024-03-11.11:46:42::SCWMssOS::Checking the sw design at  C:/github/RetroGame/VitisWorkspace/Videokaart_full2/microblaze_0/standalone_microblaze_0/bsp/system.mss
TRACE::2024-03-11.11:46:42::SCWMssOS::DEBUG:  swdes dump  C:/github/RetroGame/VitisWorkspace/Videokaart_full/microblaze_0/standalone_microblaze_0/bsp/system.mss|system||
C:/github/RetroGame/VitisWorkspace/Videokaart_full2/microblaze_0/standalone_microblaze_0/bsp/system.mss|system_0||

TRACE::2024-03-11.11:46:42::SCWMssOS::Sw design exists and opened at  C:/github/RetroGame/VitisWorkspace/Videokaart_full2/microblaze_0/standalone_microblaze_0/bsp/system.mss
TRACE::2024-03-11.11:46:42::SCWPlatform::Trying to open the hw design at C:/github/RetroGame/VitisWorkspace/Videokaart_full2/hw/Videokaart_full2.xsa
TRACE::2024-03-11.11:46:42::SCWPlatform::DSA given C:/github/RetroGame/VitisWorkspace/Videokaart_full2/hw/Videokaart_full2.xsa
TRACE::2024-03-11.11:46:42::SCWPlatform::DSA absoulate path C:/github/RetroGame/VitisWorkspace/Videokaart_full2/hw/Videokaart_full2.xsa
TRACE::2024-03-11.11:46:42::SCWPlatform::DSA directory C:/github/RetroGame/VitisWorkspace/Videokaart_full2/hw
TRACE::2024-03-11.11:46:42::SCWPlatform:: Platform Path C:/github/RetroGame/VitisWorkspace/Videokaart_full2/hw/Videokaart_full2.xsa
TRACE::2024-03-11.11:46:42::SCWPlatform:: Unique name xilinx:basys3::0.0
TRACE::2024-03-11.11:46:42::SCWPlatform::Trying to set the existing hwdb with name Videokaart_full_9
TRACE::2024-03-11.11:46:42::SCWPlatform::Opened existing hwdb Videokaart_full_9
TRACE::2024-03-11.11:46:42::SCWPlatform::Found the Hw Db part of the input DSA
TRACE::2024-03-11.11:46:42::SCWMssOS::Checking the sw design at  C:/github/RetroGame/VitisWorkspace/Videokaart_full2/microblaze_0/standalone_microblaze_0/bsp/system.mss
TRACE::2024-03-11.11:46:42::SCWMssOS::DEBUG:  swdes dump  C:/github/RetroGame/VitisWorkspace/Videokaart_full/microblaze_0/standalone_microblaze_0/bsp/system.mss|system||
C:/github/RetroGame/VitisWorkspace/Videokaart_full2/microblaze_0/standalone_microblaze_0/bsp/system.mss|system_0||

TRACE::2024-03-11.11:46:42::SCWMssOS::Sw design exists and opened at  C:/github/RetroGame/VitisWorkspace/Videokaart_full2/microblaze_0/standalone_microblaze_0/bsp/system.mss
TRACE::2024-03-11.11:46:42::SCWMssOS::Saving the mss changes C:/github/RetroGame/VitisWorkspace/Videokaart_full2/microblaze_0/standalone_microblaze_0/bsp/system.mss
TRACE::2024-03-11.11:46:42::SCWMssOS::Found a swdesign opened with the mssfile.
TRACE::2024-03-11.11:46:42::SCWMssOS::Completed writemss as part of save.
TRACE::2024-03-11.11:46:42::SCWMssOS::Commit changes completed.
TRACE::2024-03-11.11:46:42::SCWPlatform::Trying to open the hw design at C:/github/RetroGame/VitisWorkspace/Videokaart_full2/hw/Videokaart_full2.xsa
TRACE::2024-03-11.11:46:42::SCWPlatform::DSA given C:/github/RetroGame/VitisWorkspace/Videokaart_full2/hw/Videokaart_full2.xsa
TRACE::2024-03-11.11:46:42::SCWPlatform::DSA absoulate path C:/github/RetroGame/VitisWorkspace/Videokaart_full2/hw/Videokaart_full2.xsa
TRACE::2024-03-11.11:46:42::SCWPlatform::DSA directory C:/github/RetroGame/VitisWorkspace/Videokaart_full2/hw
TRACE::2024-03-11.11:46:42::SCWPlatform:: Platform Path C:/github/RetroGame/VitisWorkspace/Videokaart_full2/hw/Videokaart_full2.xsa
TRACE::2024-03-11.11:46:42::SCWPlatform:: Unique name xilinx:basys3::0.0
TRACE::2024-03-11.11:46:42::SCWPlatform::Trying to set the existing hwdb with name Videokaart_full_9
TRACE::2024-03-11.11:46:42::SCWPlatform::Opened existing hwdb Videokaart_full_9
TRACE::2024-03-11.11:46:42::SCWPlatform::Found the Hw Db part of the input DSA
TRACE::2024-03-11.11:46:42::SCWMssOS::Checking the sw design at  C:/github/RetroGame/VitisWorkspace/Videokaart_full2/microblaze_0/standalone_microblaze_0/bsp/system.mss
TRACE::2024-03-11.11:46:42::SCWMssOS::DEBUG:  swdes dump  C:/github/RetroGame/VitisWorkspace/Videokaart_full/microblaze_0/standalone_microblaze_0/bsp/system.mss|system||
C:/github/RetroGame/VitisWorkspace/Videokaart_full2/microblaze_0/standalone_microblaze_0/bsp/system.mss|system_0||

TRACE::2024-03-11.11:46:42::SCWMssOS::Sw design exists and opened at  C:/github/RetroGame/VitisWorkspace/Videokaart_full2/microblaze_0/standalone_microblaze_0/bsp/system.mss
TRACE::2024-03-11.11:46:42::SCWPlatform::Trying to open the hw design at C:/github/RetroGame/VitisWorkspace/Videokaart_full2/hw/Videokaart_full2.xsa
TRACE::2024-03-11.11:46:42::SCWPlatform::DSA given C:/github/RetroGame/VitisWorkspace/Videokaart_full2/hw/Videokaart_full2.xsa
TRACE::2024-03-11.11:46:42::SCWPlatform::DSA absoulate path C:/github/RetroGame/VitisWorkspace/Videokaart_full2/hw/Videokaart_full2.xsa
TRACE::2024-03-11.11:46:42::SCWPlatform::DSA directory C:/github/RetroGame/VitisWorkspace/Videokaart_full2/hw
TRACE::2024-03-11.11:46:42::SCWPlatform:: Platform Path C:/github/RetroGame/VitisWorkspace/Videokaart_full2/hw/Videokaart_full2.xsa
TRACE::2024-03-11.11:46:42::SCWPlatform:: Unique name xilinx:basys3::0.0
TRACE::2024-03-11.11:46:42::SCWPlatform::Trying to set the existing hwdb with name Videokaart_full_9
TRACE::2024-03-11.11:46:42::SCWPlatform::Opened existing hwdb Videokaart_full_9
TRACE::2024-03-11.11:46:42::SCWPlatform::Found the Hw Db part of the input DSA
TRACE::2024-03-11.11:46:42::SCWMssOS::Checking the sw design at  C:/github/RetroGame/VitisWorkspace/Videokaart_full2/microblaze_0/standalone_microblaze_0/bsp/system.mss
TRACE::2024-03-11.11:46:42::SCWMssOS::DEBUG:  swdes dump  C:/github/RetroGame/VitisWorkspace/Videokaart_full/microblaze_0/standalone_microblaze_0/bsp/system.mss|system||
C:/github/RetroGame/VitisWorkspace/Videokaart_full2/microblaze_0/standalone_microblaze_0/bsp/system.mss|system_0||

TRACE::2024-03-11.11:46:42::SCWMssOS::Sw design exists and opened at  C:/github/RetroGame/VitisWorkspace/Videokaart_full2/microblaze_0/standalone_microblaze_0/bsp/system.mss
TRACE::2024-03-11.11:46:42::SCWPlatform::Trying to open the hw design at C:/github/RetroGame/VitisWorkspace/Videokaart_full2/hw/Videokaart_full2.xsa
TRACE::2024-03-11.11:46:42::SCWPlatform::DSA given C:/github/RetroGame/VitisWorkspace/Videokaart_full2/hw/Videokaart_full2.xsa
TRACE::2024-03-11.11:46:42::SCWPlatform::DSA absoulate path C:/github/RetroGame/VitisWorkspace/Videokaart_full2/hw/Videokaart_full2.xsa
TRACE::2024-03-11.11:46:42::SCWPlatform::DSA directory C:/github/RetroGame/VitisWorkspace/Videokaart_full2/hw
TRACE::2024-03-11.11:46:42::SCWPlatform:: Platform Path C:/github/RetroGame/VitisWorkspace/Videokaart_full2/hw/Videokaart_full2.xsa
TRACE::2024-03-11.11:46:42::SCWPlatform:: Unique name xilinx:basys3::0.0
TRACE::2024-03-11.11:46:42::SCWPlatform::Trying to set the existing hwdb with name Videokaart_full_9
TRACE::2024-03-11.11:46:42::SCWPlatform::Opened existing hwdb Videokaart_full_9
TRACE::2024-03-11.11:46:42::SCWPlatform::Found the Hw Db part of the input DSA
TRACE::2024-03-11.11:46:42::SCWMssOS::Checking the sw design at  C:/github/RetroGame/VitisWorkspace/Videokaart_full2/microblaze_0/standalone_microblaze_0/bsp/system.mss
TRACE::2024-03-11.11:46:42::SCWMssOS::DEBUG:  swdes dump  C:/github/RetroGame/VitisWorkspace/Videokaart_full/microblaze_0/standalone_microblaze_0/bsp/system.mss|system||
C:/github/RetroGame/VitisWorkspace/Videokaart_full2/microblaze_0/standalone_microblaze_0/bsp/system.mss|system_0||

TRACE::2024-03-11.11:46:42::SCWMssOS::Sw design exists and opened at  C:/github/RetroGame/VitisWorkspace/Videokaart_full2/microblaze_0/standalone_microblaze_0/bsp/system.mss
TRACE::2024-03-11.11:46:42::SCWWriter::formatted JSON is {
	"platformName":	"Videokaart_full2",
	"sprVersion":	"2.0",
	"mode":	"gui",
	"dsaType":	"Fixed",
	"platformDesc":	"Videokaart_full2",
	"platHandOff":	"C:/github/RetroGame/VHDL/VideoKaartMicroBlaze/Videokaart_full2.xsa",
	"platIntHandOff":	"<platformDir>/hw/Videokaart_full2.xsa",
	"deviceType":	"FPGA",
	"platIsPrebuiltAutogen":	"false",
	"platIsNoBootBsp":	"false",
	"hasFsblMakeHasChanges":	"false",
	"hasPmufwMakeHasChanges":	"false",
	"platPreBuiltFlag":	false,
	"platformSamplesDir":	"",
	"platActiveSys":	"Videokaart_full2",
	"systems":	[{
			"systemName":	"Videokaart_full2",
			"systemDesc":	"Videokaart_full2",
			"sysIsBootAutoGen":	"true",
			"systemDispName":	"Videokaart_full2",
			"sysActiveDom":	"standalone_microblaze_0",
			"sysDefaultDom":	"standalone_microblaze_0",
			"domains":	[{
					"domainName":	"standalone_microblaze_0",
					"domainDispName":	"standalone_microblaze_0",
					"domainDesc":	"standalone_microblaze_0",
					"processors":	"microblaze_0",
					"os":	"standalone",
					"sdxOs":	"standalone",
					"debugEnable":	"False",
					"domRuntimes":	["cpp"],
					"swRepo":	"",
					"mssOsVer":	"9.0",
					"mssFile":	"",
					"md5Digest":	"53f592137bab3318261e56f00d82a546",
					"compatibleApp":	"empty_application",
					"domType":	"mssDomain",
					"arch":	"32-bit",
					"appSettings":	{
						"appCompilerFlags":	"",
						"appLinkerFlags":	""
					},
					"addedLibs":	[],
					"libOptions":	{
						"libsContainingOptions":	[]
					},
					"prebuiltLibs":	{
						"prebuiltIncPath":	[],
						"prebuiltLibPath":	[]
					},
					"isolation":	{
					}
				}]
		}]
}
LOG::2024-03-11.11:46:42::SCWPlatform::Started generating the artifacts platform Videokaart_full2
TRACE::2024-03-11.11:46:42::SCWPlatform::Sanity checking of platform is completed
LOG::2024-03-11.11:46:42::SCWPlatform::Started generating the artifacts for system configuration Videokaart_full2
LOG::2024-03-11.11:46:42::SCWSystem::Started Processing the domain standalone_microblaze_0
TRACE::2024-03-11.11:46:42::SCWDomain::Generating domain artifcats
TRACE::2024-03-11.11:46:42::SCWMssOS::Generating standalone artifcats
TRACE::2024-03-11.11:46:42::SCWMssOS:: Copying the user libraries. 
TRACE::2024-03-11.11:46:42::SCWPlatform::Trying to open the hw design at C:/github/RetroGame/VitisWorkspace/Videokaart_full2/hw/Videokaart_full2.xsa
TRACE::2024-03-11.11:46:42::SCWPlatform::DSA given C:/github/RetroGame/VitisWorkspace/Videokaart_full2/hw/Videokaart_full2.xsa
TRACE::2024-03-11.11:46:43::SCWPlatform::DSA absoulate path C:/github/RetroGame/VitisWorkspace/Videokaart_full2/hw/Videokaart_full2.xsa
TRACE::2024-03-11.11:46:43::SCWPlatform::DSA directory C:/github/RetroGame/VitisWorkspace/Videokaart_full2/hw
TRACE::2024-03-11.11:46:43::SCWPlatform:: Platform Path C:/github/RetroGame/VitisWorkspace/Videokaart_full2/hw/Videokaart_full2.xsa
TRACE::2024-03-11.11:46:43::SCWPlatform:: Unique name xilinx:basys3::0.0
TRACE::2024-03-11.11:46:43::SCWPlatform::Trying to set the existing hwdb with name Videokaart_full_9
TRACE::2024-03-11.11:46:43::SCWPlatform::Opened existing hwdb Videokaart_full_9
TRACE::2024-03-11.11:46:43::SCWPlatform::Found the Hw Db part of the input DSA
TRACE::2024-03-11.11:46:43::SCWMssOS::Checking the sw design at  C:/github/RetroGame/VitisWorkspace/Videokaart_full2/microblaze_0/standalone_microblaze_0/bsp/system.mss
TRACE::2024-03-11.11:46:43::SCWMssOS::DEBUG:  swdes dump  C:/github/RetroGame/VitisWorkspace/Videokaart_full/microblaze_0/standalone_microblaze_0/bsp/system.mss|system||
C:/github/RetroGame/VitisWorkspace/Videokaart_full2/microblaze_0/standalone_microblaze_0/bsp/system.mss|system_0||

TRACE::2024-03-11.11:46:43::SCWMssOS::Sw design exists and opened at  C:/github/RetroGame/VitisWorkspace/Videokaart_full2/microblaze_0/standalone_microblaze_0/bsp/system.mss
TRACE::2024-03-11.11:46:43::SCWMssOS::Completed writing the mss file at C:/github/RetroGame/VitisWorkspace/Videokaart_full2/microblaze_0/standalone_microblaze_0/bsp
TRACE::2024-03-11.11:46:43::SCWMssOS::Mss edits present, copying mssfile into export location C:/github/RetroGame/VitisWorkspace/Videokaart_full2/microblaze_0/standalone_microblaze_0/bsp/system.mss
TRACE::2024-03-11.11:46:43::SCWMssOS::bsp generated is upto date with the mss file. Skipping bsp generation.
TRACE::2024-03-11.11:46:43::SCWMssOS::BSP is already built. skipping the bsp build ... 
TRACE::2024-03-11.11:46:43::SCWDomain::Building the domain as part of full build :  standalone_microblaze_0
TRACE::2024-03-11.11:46:43::SCWMssOS::skipping the bsp build ... 
TRACE::2024-03-11.11:46:43::SCWMssOS::Copying to export directory.
TRACE::2024-03-11.11:46:43::SCWMssOS:: Checking if to create the Supporting Applications
TRACE::2024-03-11.11:46:43::SCWMssOS:: No Linux domain exists, trying to generate FSBL 
LOG::2024-03-11.11:46:43::SCWSystem::Completed Processing the domain standalone_microblaze_0
LOG::2024-03-11.11:46:43::SCWSystem::Completed Processing the sysconfig Videokaart_full2
LOG::2024-03-11.11:46:43::SCWPlatform::Completed generating the artifacts for system configuration Videokaart_full2
TRACE::2024-03-11.11:46:43::SCWPlatform::Started preparing the platform 
TRACE::2024-03-11.11:46:43::SCWSystem::Writing the bif file for system config Videokaart_full2
TRACE::2024-03-11.11:46:43::SCWSystem::dir created 
TRACE::2024-03-11.11:46:43::SCWSystem::Writing the bif 
TRACE::2024-03-11.11:46:43::SCWPlatform::Started writing the spfm file 
TRACE::2024-03-11.11:46:43::SCWPlatform::Started writing the xpfm file 
TRACE::2024-03-11.11:46:43::SCWPlatform::Completed generating the platform
TRACE::2024-03-11.11:46:43::SCWMssOS::Saving the mss changes C:/github/RetroGame/VitisWorkspace/Videokaart_full2/microblaze_0/standalone_microblaze_0/bsp/system.mss
TRACE::2024-03-11.11:46:43::SCWMssOS::Found a swdesign opened with the mssfile.
TRACE::2024-03-11.11:46:43::SCWMssOS::Completed writemss as part of save.
TRACE::2024-03-11.11:46:43::SCWMssOS::Commit changes completed.
TRACE::2024-03-11.11:46:43::SCWPlatform::Trying to open the hw design at C:/github/RetroGame/VitisWorkspace/Videokaart_full2/hw/Videokaart_full2.xsa
TRACE::2024-03-11.11:46:43::SCWPlatform::DSA given C:/github/RetroGame/VitisWorkspace/Videokaart_full2/hw/Videokaart_full2.xsa
TRACE::2024-03-11.11:46:43::SCWPlatform::DSA absoulate path C:/github/RetroGame/VitisWorkspace/Videokaart_full2/hw/Videokaart_full2.xsa
TRACE::2024-03-11.11:46:43::SCWPlatform::DSA directory C:/github/RetroGame/VitisWorkspace/Videokaart_full2/hw
TRACE::2024-03-11.11:46:43::SCWPlatform:: Platform Path C:/github/RetroGame/VitisWorkspace/Videokaart_full2/hw/Videokaart_full2.xsa
TRACE::2024-03-11.11:46:43::SCWPlatform:: Unique name xilinx:basys3::0.0
TRACE::2024-03-11.11:46:43::SCWPlatform::Trying to set the existing hwdb with name Videokaart_full_9
TRACE::2024-03-11.11:46:43::SCWPlatform::Opened existing hwdb Videokaart_full_9
TRACE::2024-03-11.11:46:43::SCWPlatform::Found the Hw Db part of the input DSA
TRACE::2024-03-11.11:46:43::SCWMssOS::Checking the sw design at  C:/github/RetroGame/VitisWorkspace/Videokaart_full2/microblaze_0/standalone_microblaze_0/bsp/system.mss
TRACE::2024-03-11.11:46:43::SCWMssOS::DEBUG:  swdes dump  C:/github/RetroGame/VitisWorkspace/Videokaart_full/microblaze_0/standalone_microblaze_0/bsp/system.mss|system||
C:/github/RetroGame/VitisWorkspace/Videokaart_full2/microblaze_0/standalone_microblaze_0/bsp/system.mss|system_0||

TRACE::2024-03-11.11:46:43::SCWMssOS::Sw design exists and opened at  C:/github/RetroGame/VitisWorkspace/Videokaart_full2/microblaze_0/standalone_microblaze_0/bsp/system.mss
TRACE::2024-03-11.11:46:43::SCWPlatform::Trying to open the hw design at C:/github/RetroGame/VitisWorkspace/Videokaart_full2/hw/Videokaart_full2.xsa
TRACE::2024-03-11.11:46:43::SCWPlatform::DSA given C:/github/RetroGame/VitisWorkspace/Videokaart_full2/hw/Videokaart_full2.xsa
TRACE::2024-03-11.11:46:43::SCWPlatform::DSA absoulate path C:/github/RetroGame/VitisWorkspace/Videokaart_full2/hw/Videokaart_full2.xsa
TRACE::2024-03-11.11:46:43::SCWPlatform::DSA directory C:/github/RetroGame/VitisWorkspace/Videokaart_full2/hw
TRACE::2024-03-11.11:46:43::SCWPlatform:: Platform Path C:/github/RetroGame/VitisWorkspace/Videokaart_full2/hw/Videokaart_full2.xsa
TRACE::2024-03-11.11:46:43::SCWPlatform:: Unique name xilinx:basys3::0.0
TRACE::2024-03-11.11:46:43::SCWPlatform::Trying to set the existing hwdb with name Videokaart_full_9
TRACE::2024-03-11.11:46:43::SCWPlatform::Opened existing hwdb Videokaart_full_9
TRACE::2024-03-11.11:46:43::SCWPlatform::Found the Hw Db part of the input DSA
TRACE::2024-03-11.11:46:43::SCWMssOS::Checking the sw design at  C:/github/RetroGame/VitisWorkspace/Videokaart_full2/microblaze_0/standalone_microblaze_0/bsp/system.mss
TRACE::2024-03-11.11:46:43::SCWMssOS::DEBUG:  swdes dump  C:/github/RetroGame/VitisWorkspace/Videokaart_full/microblaze_0/standalone_microblaze_0/bsp/system.mss|system||
C:/github/RetroGame/VitisWorkspace/Videokaart_full2/microblaze_0/standalone_microblaze_0/bsp/system.mss|system_0||

TRACE::2024-03-11.11:46:43::SCWMssOS::Sw design exists and opened at  C:/github/RetroGame/VitisWorkspace/Videokaart_full2/microblaze_0/standalone_microblaze_0/bsp/system.mss
TRACE::2024-03-11.11:46:43::SCWPlatform::Trying to open the hw design at C:/github/RetroGame/VitisWorkspace/Videokaart_full2/hw/Videokaart_full2.xsa
TRACE::2024-03-11.11:46:43::SCWPlatform::DSA given C:/github/RetroGame/VitisWorkspace/Videokaart_full2/hw/Videokaart_full2.xsa
TRACE::2024-03-11.11:46:43::SCWPlatform::DSA absoulate path C:/github/RetroGame/VitisWorkspace/Videokaart_full2/hw/Videokaart_full2.xsa
TRACE::2024-03-11.11:46:43::SCWPlatform::DSA directory C:/github/RetroGame/VitisWorkspace/Videokaart_full2/hw
TRACE::2024-03-11.11:46:43::SCWPlatform:: Platform Path C:/github/RetroGame/VitisWorkspace/Videokaart_full2/hw/Videokaart_full2.xsa
TRACE::2024-03-11.11:46:43::SCWPlatform:: Unique name xilinx:basys3::0.0
TRACE::2024-03-11.11:46:43::SCWPlatform::Trying to set the existing hwdb with name Videokaart_full_9
TRACE::2024-03-11.11:46:43::SCWPlatform::Opened existing hwdb Videokaart_full_9
TRACE::2024-03-11.11:46:43::SCWPlatform::Found the Hw Db part of the input DSA
TRACE::2024-03-11.11:46:43::SCWMssOS::Checking the sw design at  C:/github/RetroGame/VitisWorkspace/Videokaart_full2/microblaze_0/standalone_microblaze_0/bsp/system.mss
TRACE::2024-03-11.11:46:43::SCWMssOS::DEBUG:  swdes dump  C:/github/RetroGame/VitisWorkspace/Videokaart_full/microblaze_0/standalone_microblaze_0/bsp/system.mss|system||
C:/github/RetroGame/VitisWorkspace/Videokaart_full2/microblaze_0/standalone_microblaze_0/bsp/system.mss|system_0||

TRACE::2024-03-11.11:46:43::SCWMssOS::Sw design exists and opened at  C:/github/RetroGame/VitisWorkspace/Videokaart_full2/microblaze_0/standalone_microblaze_0/bsp/system.mss
TRACE::2024-03-11.11:46:43::SCWWriter::formatted JSON is {
	"platformName":	"Videokaart_full2",
	"sprVersion":	"2.0",
	"mode":	"gui",
	"dsaType":	"Fixed",
	"platformDesc":	"Videokaart_full2",
	"platHandOff":	"C:/github/RetroGame/VHDL/VideoKaartMicroBlaze/Videokaart_full2.xsa",
	"platIntHandOff":	"<platformDir>/hw/Videokaart_full2.xsa",
	"deviceType":	"FPGA",
	"platIsPrebuiltAutogen":	"false",
	"platIsNoBootBsp":	"false",
	"hasFsblMakeHasChanges":	"false",
	"hasPmufwMakeHasChanges":	"false",
	"platPreBuiltFlag":	false,
	"platformSamplesDir":	"",
	"platActiveSys":	"Videokaart_full2",
	"systems":	[{
			"systemName":	"Videokaart_full2",
			"systemDesc":	"Videokaart_full2",
			"sysIsBootAutoGen":	"true",
			"systemDispName":	"Videokaart_full2",
			"sysActiveDom":	"standalone_microblaze_0",
			"sysDefaultDom":	"standalone_microblaze_0",
			"domains":	[{
					"domainName":	"standalone_microblaze_0",
					"domainDispName":	"standalone_microblaze_0",
					"domainDesc":	"standalone_microblaze_0",
					"processors":	"microblaze_0",
					"os":	"standalone",
					"sdxOs":	"standalone",
					"debugEnable":	"False",
					"domRuntimes":	["cpp"],
					"swRepo":	"",
					"mssOsVer":	"9.0",
					"mssFile":	"",
					"md5Digest":	"53f592137bab3318261e56f00d82a546",
					"compatibleApp":	"empty_application",
					"domType":	"mssDomain",
					"arch":	"32-bit",
					"appSettings":	{
						"appCompilerFlags":	"",
						"appLinkerFlags":	""
					},
					"addedLibs":	[],
					"libOptions":	{
						"libsContainingOptions":	[]
					},
					"prebuiltLibs":	{
						"prebuiltIncPath":	[],
						"prebuiltLibPath":	[]
					},
					"isolation":	{
					}
				}]
		}]
}
KEYINFO::2024-03-11.11:46:43::SCWPlatform::updated the xpfm file.
LOG::2024-03-11.11:47:27::SCWPlatform::Started generating the artifacts platform Videokaart_full2
TRACE::2024-03-11.11:47:27::SCWPlatform::Sanity checking of platform is completed
LOG::2024-03-11.11:47:27::SCWPlatform::Started generating the artifacts for system configuration Videokaart_full2
LOG::2024-03-11.11:47:27::SCWSystem::Checking the domain standalone_microblaze_0
LOG::2024-03-11.11:47:27::SCWSystem::Not a boot domain 
LOG::2024-03-11.11:47:27::SCWSystem::Started Processing the domain standalone_microblaze_0
TRACE::2024-03-11.11:47:27::SCWDomain::Generating domain artifcats
TRACE::2024-03-11.11:47:27::SCWMssOS::Generating standalone artifcats
TRACE::2024-03-11.11:47:27::SCWMssOS:: Copying the user libraries. 
TRACE::2024-03-11.11:47:27::SCWPlatform::Trying to open the hw design at C:/github/RetroGame/VitisWorkspace/Videokaart_full2/hw/Videokaart_full2.xsa
TRACE::2024-03-11.11:47:27::SCWPlatform::DSA given C:/github/RetroGame/VitisWorkspace/Videokaart_full2/hw/Videokaart_full2.xsa
TRACE::2024-03-11.11:47:27::SCWPlatform::DSA absoulate path C:/github/RetroGame/VitisWorkspace/Videokaart_full2/hw/Videokaart_full2.xsa
TRACE::2024-03-11.11:47:27::SCWPlatform::DSA directory C:/github/RetroGame/VitisWorkspace/Videokaart_full2/hw
TRACE::2024-03-11.11:47:27::SCWPlatform:: Platform Path C:/github/RetroGame/VitisWorkspace/Videokaart_full2/hw/Videokaart_full2.xsa
TRACE::2024-03-11.11:47:27::SCWPlatform:: Unique name xilinx:basys3::0.0
TRACE::2024-03-11.11:47:27::SCWPlatform::Trying to set the existing hwdb with name Videokaart_full_9
TRACE::2024-03-11.11:47:27::SCWPlatform::Opened existing hwdb Videokaart_full_9
TRACE::2024-03-11.11:47:27::SCWPlatform::Found the Hw Db part of the input DSA
TRACE::2024-03-11.11:47:27::SCWMssOS::Checking the sw design at  C:/github/RetroGame/VitisWorkspace/Videokaart_full2/microblaze_0/standalone_microblaze_0/bsp/system.mss
TRACE::2024-03-11.11:47:27::SCWMssOS::DEBUG:  swdes dump  C:/github/RetroGame/VitisWorkspace/Videokaart_full/microblaze_0/standalone_microblaze_0/bsp/system.mss|system||
C:/github/RetroGame/VitisWorkspace/Videokaart_full2/microblaze_0/standalone_microblaze_0/bsp/system.mss|system_0||

TRACE::2024-03-11.11:47:27::SCWMssOS::Sw design exists and opened at  C:/github/RetroGame/VitisWorkspace/Videokaart_full2/microblaze_0/standalone_microblaze_0/bsp/system.mss
TRACE::2024-03-11.11:47:27::SCWMssOS::Completed writing the mss file at C:/github/RetroGame/VitisWorkspace/Videokaart_full2/microblaze_0/standalone_microblaze_0/bsp
TRACE::2024-03-11.11:47:27::SCWMssOS::Mss edits present, copying mssfile into export location C:/github/RetroGame/VitisWorkspace/Videokaart_full2/microblaze_0/standalone_microblaze_0/bsp/system.mss
TRACE::2024-03-11.11:47:27::SCWMssOS::bsp generated is upto date with the mss file. Skipping bsp generation.
TRACE::2024-03-11.11:47:27::SCWMssOS::BSP is already built. skipping the bsp build ... 
TRACE::2024-03-11.11:47:27::SCWDomain::Building the domain as part of full build :  standalone_microblaze_0
TRACE::2024-03-11.11:47:27::SCWMssOS::doing bsp build ... 
TRACE::2024-03-11.11:47:27::SCWMssOS::System Command Ran  C: & cd  C:/github/RetroGame/VitisWorkspace/Videokaart_full2/microblaze_0/standalone_microblaze_0/bsp & make 
TRACE::2024-03-11.11:47:27::SCWMssOS::make --no-print-directory seq_libs

TRACE::2024-03-11.11:47:27::SCWMssOS::'Finished building libraries sequentially.'

TRACE::2024-03-11.11:47:27::SCWMssOS::make -j 14 --no-print-directory par_libs

TRACE::2024-03-11.11:47:27::SCWMssOS::"Running Make include in microblaze_0/libsrc/bram_v4_9/src"

TRACE::2024-03-11.11:47:27::SCWMssOS::"Running Make include in microblaze_0/libsrc/cpu_v2_18/src"

TRACE::2024-03-11.11:47:27::SCWMssOS::make -C microblaze_0/libsrc/bram_v4_9/src -s include  "SHELL=CMD" "COMPILER=mb-gcc" "ASSEMBLER=mb-as" "ARCHIVER=mb-ar" "COMPILE
TRACE::2024-03-11.11:47:27::SCWMssOS::R_FLAGS=  -O2 -c -mcpu=v11.0 -mlittle-endian -mxl-soft-mul" "EXTRA_COMPILER_FLAGS=-g -ffunction-sections -fdata-sections -Wall 
TRACE::2024-03-11.11:47:27::SCWMssOS::-Wextra -fno-tree-loop-distribute-patterns"

TRACE::2024-03-11.11:47:27::SCWMssOS::make -C microblaze_0/libsrc/cpu_v2_18/src -s include  "SHELL=CMD" "COMPILER=mb-gcc" "ASSEMBLER=mb-as" "ARCHIVER=mb-ar" "COMPILE
TRACE::2024-03-11.11:47:27::SCWMssOS::R_FLAGS=  -O2 -c -mcpu=v11.0 -mlittle-endian -mxl-soft-mul" "EXTRA_COMPILER_FLAGS=-g -ffunction-sections -fdata-sections -Wall 
TRACE::2024-03-11.11:47:27::SCWMssOS::-Wextra -fno-tree-loop-distribute-patterns"

TRACE::2024-03-11.11:47:27::SCWMssOS::"Running Make include in microblaze_0/libsrc/gpio_v4_10/src"

TRACE::2024-03-11.11:47:27::SCWMssOS::make -C microblaze_0/libsrc/gpio_v4_10/src -s include  "SHELL=CMD" "COMPILER=mb-gcc" "ASSEMBLER=mb-as" "ARCHIVER=mb-ar" "COMPIL
TRACE::2024-03-11.11:47:27::SCWMssOS::ER_FLAGS=  -O2 -c -mcpu=v11.0 -mlittle-endian -mxl-soft-mul" "EXTRA_COMPILER_FLAGS=-g -ffunction-sections -fdata-sections -Wall
TRACE::2024-03-11.11:47:27::SCWMssOS:: -Wextra -fno-tree-loop-distribute-patterns"

TRACE::2024-03-11.11:47:27::SCWMssOS::"Running Make include in microblaze_0/libsrc/standalone_v9_0/src"

TRACE::2024-03-11.11:47:27::SCWMssOS::make -C microblaze_0/libsrc/standalone_v9_0/src -s include  "SHELL=CMD" "COMPILER=mb-gcc" "ASSEMBLER=mb-as" "ARCHIVER=mb-ar" "C
TRACE::2024-03-11.11:47:27::SCWMssOS::OMPILER_FLAGS=  -O2 -c -mcpu=v11.0 -mlittle-endian -mxl-soft-mul" "EXTRA_COMPILER_FLAGS=-g -ffunction-sections -fdata-sections 
TRACE::2024-03-11.11:47:27::SCWMssOS::-Wall -Wextra -fno-tree-loop-distribute-patterns"

TRACE::2024-03-11.11:47:27::SCWMssOS::"Running Make include in microblaze_0/libsrc/uartlite_v3_9/src"

TRACE::2024-03-11.11:47:27::SCWMssOS::make -C microblaze_0/libsrc/uartlite_v3_9/src -s include  "SHELL=CMD" "COMPILER=mb-gcc" "ASSEMBLER=mb-as" "ARCHIVER=mb-ar" "COM
TRACE::2024-03-11.11:47:27::SCWMssOS::PILER_FLAGS=  -O2 -c -mcpu=v11.0 -mlittle-endian -mxl-soft-mul" "EXTRA_COMPILER_FLAGS=-g -ffunction-sections -fdata-sections -W
TRACE::2024-03-11.11:47:27::SCWMssOS::all -Wextra -fno-tree-loop-distribute-patterns"

TRACE::2024-03-11.11:47:27::SCWMssOS::"Running Make libs in microblaze_0/libsrc/bram_v4_9/src"

TRACE::2024-03-11.11:47:27::SCWMssOS::"Running Make libs in microblaze_0/libsrc/cpu_v2_18/src"

TRACE::2024-03-11.11:47:27::SCWMssOS::make -C microblaze_0/libsrc/bram_v4_9/src -s libs  "SHELL=CMD" "COMPILER=mb-gcc" "ASSEMBLER=mb-as" "ARCHIVER=mb-ar" "COMPILER_F
TRACE::2024-03-11.11:47:27::SCWMssOS::LAGS=  -O2 -c -mcpu=v11.0 -mlittle-endian -mxl-soft-mul" "EXTRA_COMPILER_FLAGS=-g -ffunction-sections -fdata-sections -Wall -We
TRACE::2024-03-11.11:47:27::SCWMssOS::xtra -fno-tree-loop-distribute-patterns"

TRACE::2024-03-11.11:47:27::SCWMssOS::make -C microblaze_0/libsrc/cpu_v2_18/src -s libs  "SHELL=CMD" "COMPILER=mb-gcc" "ASSEMBLER=mb-as" "ARCHIVER=mb-ar" "COMPILER_F
TRACE::2024-03-11.11:47:27::SCWMssOS::LAGS=  -O2 -c -mcpu=v11.0 -mlittle-endian -mxl-soft-mul" "EXTRA_COMPILER_FLAGS=-g -ffunction-sections -fdata-sections -Wall -We
TRACE::2024-03-11.11:47:27::SCWMssOS::xtra -fno-tree-loop-distribute-patterns"

TRACE::2024-03-11.11:47:27::SCWMssOS::"Running Make libs in microblaze_0/libsrc/gpio_v4_10/src"

TRACE::2024-03-11.11:47:27::SCWMssOS::make -C microblaze_0/libsrc/gpio_v4_10/src -s libs  "SHELL=CMD" "COMPILER=mb-gcc" "ASSEMBLER=mb-as" "ARCHIVER=mb-ar" "COMPILER_
TRACE::2024-03-11.11:47:27::SCWMssOS::FLAGS=  -O2 -c -mcpu=v11.0 -mlittle-endian -mxl-soft-mul" "EXTRA_COMPILER_FLAGS=-g -ffunction-sections -fdata-sections -Wall -W
TRACE::2024-03-11.11:47:27::SCWMssOS::extra -fno-tree-loop-distribute-patterns"

TRACE::2024-03-11.11:47:27::SCWMssOS::"Running Make libs in microblaze_0/libsrc/standalone_v9_0/src"

TRACE::2024-03-11.11:47:27::SCWMssOS::make -C microblaze_0/libsrc/standalone_v9_0/src -s libs  "SHELL=CMD" "COMPILER=mb-gcc" "ASSEMBLER=mb-as" "ARCHIVER=mb-ar" "COMP
TRACE::2024-03-11.11:47:27::SCWMssOS::ILER_FLAGS=  -O2 -c -mcpu=v11.0 -mlittle-endian -mxl-soft-mul" "EXTRA_COMPILER_FLAGS=-g -ffunction-sections -fdata-sections -Wa
TRACE::2024-03-11.11:47:27::SCWMssOS::ll -Wextra -fno-tree-loop-distribute-patterns"

TRACE::2024-03-11.11:47:27::SCWMssOS::"Running Make libs in microblaze_0/libsrc/uartlite_v3_9/src"

TRACE::2024-03-11.11:47:27::SCWMssOS::make -C microblaze_0/libsrc/uartlite_v3_9/src -s libs  "SHELL=CMD" "COMPILER=mb-gcc" "ASSEMBLER=mb-as" "ARCHIVER=mb-ar" "COMPIL
TRACE::2024-03-11.11:47:27::SCWMssOS::ER_FLAGS=  -O2 -c -mcpu=v11.0 -mlittle-endian -mxl-soft-mul" "EXTRA_COMPILER_FLAGS=-g -ffunction-sections -fdata-sections -Wall
TRACE::2024-03-11.11:47:27::SCWMssOS:: -Wextra -fno-tree-loop-distribute-patterns"

TRACE::2024-03-11.11:47:28::SCWMssOS::"DEBUG NON_LTO_OBJECTS is ../../../lib/microblaze_interrupt_handler.o"

TRACE::2024-03-11.11:47:28::SCWMssOS::'Finished building libraries parallelly.'

TRACE::2024-03-11.11:47:28::SCWMssOS::make --no-print-directory archive

TRACE::2024-03-11.11:47:28::SCWMssOS::mb-ar -r  microblaze_0/lib/libxil.a microblaze_0/lib/_exit.o microblaze_0/lib/errno.o microblaze_0/lib/fcntl.o microblaze_0/lib
TRACE::2024-03-11.11:47:28::SCWMssOS::/hw_exception_handler.o microblaze_0/lib/inbyte.o microblaze_0/lib/microblaze_disable_dcache.o microblaze_0/lib/microblaze_disa
TRACE::2024-03-11.11:47:28::SCWMssOS::ble_exceptions.o microblaze_0/lib/microblaze_disable_icache.o microblaze_0/lib/microblaze_disable_interrupts.o microblaze_0/lib
TRACE::2024-03-11.11:47:28::SCWMssOS::/microblaze_enable_dcache.o microblaze_0/lib/microblaze_enable_exceptions.o microblaze_0/lib/microblaze_enable_icache.o microbl
TRACE::2024-03-11.11:47:28::SCWMssOS::aze_0/lib/microblaze_enable_interrupts.o microblaze_0/lib/microblaze_exception_handler.o microblaze_0/lib/microblaze_flush_cach
TRACE::2024-03-11.11:47:28::SCWMssOS::e_ext.o microblaze_0/lib/microblaze_flush_cache_ext_range.o microblaze_0/lib/microblaze_flush_dcache.o microblaze_0/lib/microbl
TRACE::2024-03-11.11:47:28::SCWMssOS::aze_flush_dcache_range.o microblaze_0/lib/microblaze_init_dcache_range.o microblaze_0/lib/microblaze_init_icache_range.o microb
TRACE::2024-03-11.11:47:28::SCWMssOS::laze_0/lib/microblaze_interrupt_handler.o microblaze_0/lib/microblaze_interrupts_g.o microblaze_0/lib/microblaze_invalidate_cac
TRACE::2024-03-11.11:47:28::SCWMssOS::he_ext.o microblaze_0/lib/microblaze_invalidate_cache_ext_range.o microblaze_0/lib/microblaze_invalidate_dcache.o microblaze_0/
TRACE::2024-03-11.11:47:28::SCWMssOS::lib/microblaze_invalidate_dcache_range.o microblaze_0/lib/microblaze_invalidate_icache.o microblaze_0/lib/microblaze_invalidate
TRACE::2024-03-11.11:47:28::SCWMssOS::_icache_range.o microblaze_0/lib/microblaze_scrub.o microblaze_0/lib/microblaze_selftest.o microblaze_0/lib/microblaze_sleep.o 
TRACE::2024-03-11.11:47:28::SCWMssOS::microblaze_0/lib/microblaze_update_dcache.o microblaze_0/lib/microblaze_update_icache.o microblaze_0/lib/outbyte.o microblaze_0
TRACE::2024-03-11.11:47:28::SCWMssOS::/lib/print.o microblaze_0/lib/pvr.o microblaze_0/lib/xbram.o microblaze_0/lib/xbram_g.o microblaze_0/lib/xbram_intr.o microblaz
TRACE::2024-03-11.11:47:28::SCWMssOS::e_0/lib/xbram_selftest.o microblaze_0/lib/xbram_sinit.o microblaze_0/lib/xgpio.o microblaze_0/lib/xgpio_extra.o microblaze_0/li
TRACE::2024-03-11.11:47:28::SCWMssOS::b/xgpio_g.o microblaze_0/lib/xgpio_intr.o microblaze_0/lib/xgpio_selftest.o microblaze_0/lib/xgpio_sinit.o microblaze_0/lib/xil
TRACE::2024-03-11.11:47:28::SCWMssOS::_assert.o microblaze_0/lib/xil_cache.o microblaze_0/lib/xil_clocking.o microblaze_0/lib/xil_exception.o microblaze_0/lib/xil_me
TRACE::2024-03-11.11:47:28::SCWMssOS::m.o microblaze_0/lib/xil_misc_psreset_api.o microblaze_0/lib/xil_printf.o microblaze_0/lib/xil_sleepcommon.o microblaze_0/lib/x
TRACE::2024-03-11.11:47:28::SCWMssOS::il_testcache.o microblaze_0/lib/xil_testio.o microblaze_0/lib/xil_testmem.o microblaze_0/lib/xil_util.o microblaze_0/lib/xinter
TRACE::2024-03-11.11:47:28::SCWMssOS::rupt_wrap.o microblaze_0/lib/xio.o microblaze_0/lib/xplatform_info.o microblaze_0/lib/xpm_init.o microblaze_0/lib/xuartlite.o m
TRACE::2024-03-11.11:47:28::SCWMssOS::icroblaze_0/lib/xuartlite_g.o microblaze_0/lib/xuartlite_intr.o microblaze_0/lib/xuartlite_l.o microblaze_0/lib/xuartlite_selft
TRACE::2024-03-11.11:47:28::SCWMssOS::est.o microblaze_0/lib/xuartlite_sinit.o microblaze_0/lib/xuartlite_stats.o

TRACE::2024-03-11.11:47:28::SCWMssOS::'Finished building libraries'

TRACE::2024-03-11.11:47:28::SCWMssOS::Copying to export directory.
TRACE::2024-03-11.11:47:29::SCWMssOS:: Checking if to create the Supporting Applications
TRACE::2024-03-11.11:47:29::SCWMssOS:: No Linux domain exists, trying to generate FSBL 
LOG::2024-03-11.11:47:29::SCWSystem::Completed Processing the domain standalone_microblaze_0
LOG::2024-03-11.11:47:29::SCWSystem::Completed Processing the sysconfig Videokaart_full2
LOG::2024-03-11.11:47:29::SCWPlatform::Completed generating the artifacts for system configuration Videokaart_full2
TRACE::2024-03-11.11:47:29::SCWPlatform::Started preparing the platform 
TRACE::2024-03-11.11:47:29::SCWSystem::Writing the bif file for system config Videokaart_full2
TRACE::2024-03-11.11:47:29::SCWSystem::dir created 
TRACE::2024-03-11.11:47:29::SCWSystem::Writing the bif 
TRACE::2024-03-11.11:47:29::SCWPlatform::Started writing the spfm file 
TRACE::2024-03-11.11:47:29::SCWPlatform::Started writing the xpfm file 
TRACE::2024-03-11.11:47:29::SCWPlatform::Completed generating the platform
TRACE::2024-03-11.11:47:29::SCWMssOS::Saving the mss changes C:/github/RetroGame/VitisWorkspace/Videokaart_full2/microblaze_0/standalone_microblaze_0/bsp/system.mss
TRACE::2024-03-11.11:47:29::SCWMssOS::Found a swdesign opened with the mssfile.
TRACE::2024-03-11.11:47:29::SCWMssOS::Completed writemss as part of save.
TRACE::2024-03-11.11:47:29::SCWMssOS::Commit changes completed.
TRACE::2024-03-11.11:47:29::SCWPlatform::Trying to open the hw design at C:/github/RetroGame/VitisWorkspace/Videokaart_full2/hw/Videokaart_full2.xsa
TRACE::2024-03-11.11:47:29::SCWPlatform::DSA given C:/github/RetroGame/VitisWorkspace/Videokaart_full2/hw/Videokaart_full2.xsa
TRACE::2024-03-11.11:47:29::SCWPlatform::DSA absoulate path C:/github/RetroGame/VitisWorkspace/Videokaart_full2/hw/Videokaart_full2.xsa
TRACE::2024-03-11.11:47:29::SCWPlatform::DSA directory C:/github/RetroGame/VitisWorkspace/Videokaart_full2/hw
TRACE::2024-03-11.11:47:29::SCWPlatform:: Platform Path C:/github/RetroGame/VitisWorkspace/Videokaart_full2/hw/Videokaart_full2.xsa
TRACE::2024-03-11.11:47:29::SCWPlatform:: Unique name xilinx:basys3::0.0
TRACE::2024-03-11.11:47:29::SCWPlatform::Trying to set the existing hwdb with name Videokaart_full_9
TRACE::2024-03-11.11:47:29::SCWPlatform::Opened existing hwdb Videokaart_full_9
TRACE::2024-03-11.11:47:29::SCWPlatform::Found the Hw Db part of the input DSA
TRACE::2024-03-11.11:47:29::SCWMssOS::Checking the sw design at  C:/github/RetroGame/VitisWorkspace/Videokaart_full2/microblaze_0/standalone_microblaze_0/bsp/system.mss
TRACE::2024-03-11.11:47:29::SCWMssOS::DEBUG:  swdes dump  C:/github/RetroGame/VitisWorkspace/Videokaart_full/microblaze_0/standalone_microblaze_0/bsp/system.mss|system||
C:/github/RetroGame/VitisWorkspace/Videokaart_full2/microblaze_0/standalone_microblaze_0/bsp/system.mss|system_0||

TRACE::2024-03-11.11:47:29::SCWMssOS::Sw design exists and opened at  C:/github/RetroGame/VitisWorkspace/Videokaart_full2/microblaze_0/standalone_microblaze_0/bsp/system.mss
TRACE::2024-03-11.11:47:29::SCWPlatform::Trying to open the hw design at C:/github/RetroGame/VitisWorkspace/Videokaart_full2/hw/Videokaart_full2.xsa
TRACE::2024-03-11.11:47:29::SCWPlatform::DSA given C:/github/RetroGame/VitisWorkspace/Videokaart_full2/hw/Videokaart_full2.xsa
TRACE::2024-03-11.11:47:29::SCWPlatform::DSA absoulate path C:/github/RetroGame/VitisWorkspace/Videokaart_full2/hw/Videokaart_full2.xsa
TRACE::2024-03-11.11:47:29::SCWPlatform::DSA directory C:/github/RetroGame/VitisWorkspace/Videokaart_full2/hw
TRACE::2024-03-11.11:47:29::SCWPlatform:: Platform Path C:/github/RetroGame/VitisWorkspace/Videokaart_full2/hw/Videokaart_full2.xsa
TRACE::2024-03-11.11:47:29::SCWPlatform:: Unique name xilinx:basys3::0.0
TRACE::2024-03-11.11:47:29::SCWPlatform::Trying to set the existing hwdb with name Videokaart_full_9
TRACE::2024-03-11.11:47:29::SCWPlatform::Opened existing hwdb Videokaart_full_9
TRACE::2024-03-11.11:47:29::SCWPlatform::Found the Hw Db part of the input DSA
TRACE::2024-03-11.11:47:29::SCWMssOS::Checking the sw design at  C:/github/RetroGame/VitisWorkspace/Videokaart_full2/microblaze_0/standalone_microblaze_0/bsp/system.mss
TRACE::2024-03-11.11:47:29::SCWMssOS::DEBUG:  swdes dump  C:/github/RetroGame/VitisWorkspace/Videokaart_full/microblaze_0/standalone_microblaze_0/bsp/system.mss|system||
C:/github/RetroGame/VitisWorkspace/Videokaart_full2/microblaze_0/standalone_microblaze_0/bsp/system.mss|system_0||

TRACE::2024-03-11.11:47:29::SCWMssOS::Sw design exists and opened at  C:/github/RetroGame/VitisWorkspace/Videokaart_full2/microblaze_0/standalone_microblaze_0/bsp/system.mss
TRACE::2024-03-11.11:47:29::SCWPlatform::Trying to open the hw design at C:/github/RetroGame/VitisWorkspace/Videokaart_full2/hw/Videokaart_full2.xsa
TRACE::2024-03-11.11:47:29::SCWPlatform::DSA given C:/github/RetroGame/VitisWorkspace/Videokaart_full2/hw/Videokaart_full2.xsa
TRACE::2024-03-11.11:47:29::SCWPlatform::DSA absoulate path C:/github/RetroGame/VitisWorkspace/Videokaart_full2/hw/Videokaart_full2.xsa
TRACE::2024-03-11.11:47:29::SCWPlatform::DSA directory C:/github/RetroGame/VitisWorkspace/Videokaart_full2/hw
TRACE::2024-03-11.11:47:29::SCWPlatform:: Platform Path C:/github/RetroGame/VitisWorkspace/Videokaart_full2/hw/Videokaart_full2.xsa
TRACE::2024-03-11.11:47:29::SCWPlatform:: Unique name xilinx:basys3::0.0
TRACE::2024-03-11.11:47:29::SCWPlatform::Trying to set the existing hwdb with name Videokaart_full_9
TRACE::2024-03-11.11:47:29::SCWPlatform::Opened existing hwdb Videokaart_full_9
TRACE::2024-03-11.11:47:29::SCWPlatform::Found the Hw Db part of the input DSA
TRACE::2024-03-11.11:47:29::SCWMssOS::Checking the sw design at  C:/github/RetroGame/VitisWorkspace/Videokaart_full2/microblaze_0/standalone_microblaze_0/bsp/system.mss
TRACE::2024-03-11.11:47:29::SCWMssOS::DEBUG:  swdes dump  C:/github/RetroGame/VitisWorkspace/Videokaart_full/microblaze_0/standalone_microblaze_0/bsp/system.mss|system||
C:/github/RetroGame/VitisWorkspace/Videokaart_full2/microblaze_0/standalone_microblaze_0/bsp/system.mss|system_0||

TRACE::2024-03-11.11:47:29::SCWMssOS::Sw design exists and opened at  C:/github/RetroGame/VitisWorkspace/Videokaart_full2/microblaze_0/standalone_microblaze_0/bsp/system.mss
TRACE::2024-03-11.11:47:29::SCWWriter::formatted JSON is {
	"platformName":	"Videokaart_full2",
	"sprVersion":	"2.0",
	"mode":	"gui",
	"dsaType":	"Fixed",
	"platformDesc":	"Videokaart_full2",
	"platHandOff":	"C:/github/RetroGame/VHDL/VideoKaartMicroBlaze/Videokaart_full2.xsa",
	"platIntHandOff":	"<platformDir>/hw/Videokaart_full2.xsa",
	"deviceType":	"FPGA",
	"platIsPrebuiltAutogen":	"false",
	"platIsNoBootBsp":	"false",
	"hasFsblMakeHasChanges":	"false",
	"hasPmufwMakeHasChanges":	"false",
	"platPreBuiltFlag":	false,
	"platformSamplesDir":	"",
	"platActiveSys":	"Videokaart_full2",
	"systems":	[{
			"systemName":	"Videokaart_full2",
			"systemDesc":	"Videokaart_full2",
			"sysIsBootAutoGen":	"true",
			"systemDispName":	"Videokaart_full2",
			"sysActiveDom":	"standalone_microblaze_0",
			"sysDefaultDom":	"standalone_microblaze_0",
			"domains":	[{
					"domainName":	"standalone_microblaze_0",
					"domainDispName":	"standalone_microblaze_0",
					"domainDesc":	"standalone_microblaze_0",
					"processors":	"microblaze_0",
					"os":	"standalone",
					"sdxOs":	"standalone",
					"debugEnable":	"False",
					"domRuntimes":	["cpp"],
					"swRepo":	"",
					"mssOsVer":	"9.0",
					"mssFile":	"",
					"md5Digest":	"53f592137bab3318261e56f00d82a546",
					"compatibleApp":	"empty_application",
					"domType":	"mssDomain",
					"arch":	"32-bit",
					"appSettings":	{
						"appCompilerFlags":	"",
						"appLinkerFlags":	""
					},
					"addedLibs":	[],
					"libOptions":	{
						"libsContainingOptions":	[]
					},
					"prebuiltLibs":	{
						"prebuiltIncPath":	[],
						"prebuiltLibPath":	[]
					},
					"isolation":	{
					}
				}]
		}]
}
KEYINFO::2024-03-11.11:47:29::SCWPlatform::updated the xpfm file.
TRACE::2024-03-11.11:47:29::SCWPlatform::Trying to open the hw design at C:/github/RetroGame/VitisWorkspace/Videokaart_full2/hw/Videokaart_full2.xsa
TRACE::2024-03-11.11:47:29::SCWPlatform::DSA given C:/github/RetroGame/VitisWorkspace/Videokaart_full2/hw/Videokaart_full2.xsa
TRACE::2024-03-11.11:47:29::SCWPlatform::DSA absoulate path C:/github/RetroGame/VitisWorkspace/Videokaart_full2/hw/Videokaart_full2.xsa
TRACE::2024-03-11.11:47:29::SCWPlatform::DSA directory C:/github/RetroGame/VitisWorkspace/Videokaart_full2/hw
TRACE::2024-03-11.11:47:29::SCWPlatform:: Platform Path C:/github/RetroGame/VitisWorkspace/Videokaart_full2/hw/Videokaart_full2.xsa
TRACE::2024-03-11.11:47:29::SCWPlatform:: Unique name xilinx:basys3::0.0
TRACE::2024-03-11.11:47:29::SCWPlatform::Trying to set the existing hwdb with name Videokaart_full_9
TRACE::2024-03-11.11:47:29::SCWPlatform::Opened existing hwdb Videokaart_full_9
TRACE::2024-03-11.11:47:29::SCWPlatform::Found the Hw Db part of the input DSA
TRACE::2024-03-11.11:47:29::SCWMssOS::Checking the sw design at  C:/github/RetroGame/VitisWorkspace/Videokaart_full2/microblaze_0/standalone_microblaze_0/bsp/system.mss
TRACE::2024-03-11.11:47:29::SCWMssOS::DEBUG:  swdes dump  C:/github/RetroGame/VitisWorkspace/Videokaart_full/microblaze_0/standalone_microblaze_0/bsp/system.mss|system||
C:/github/RetroGame/VitisWorkspace/Videokaart_full2/microblaze_0/standalone_microblaze_0/bsp/system.mss|system_0||

TRACE::2024-03-11.11:47:29::SCWMssOS::Sw design exists and opened at  C:/github/RetroGame/VitisWorkspace/Videokaart_full2/microblaze_0/standalone_microblaze_0/bsp/system.mss
