INFO: [VRFC 10-2263] Analyzing Verilog file "C:/Progh/Videokaart2/Videokaart2.sim/sim_1/impl/timing/xsim/VideokaartTop_tb_time_impl.v" into library xil_defaultlib
INFO: [VRFC 10-311] analyzing module Dflipflop
INFO: [VRFC 10-311] analyzing module Dflipflop_1
INFO: [VRFC 10-311] analyzing module Dflipflop_2
INFO: [VRFC 10-311] analyzing module Dflipflop_3
INFO: [VRFC 10-311] analyzing module Dflipflop_4
INFO: [VRFC 10-311] analyzing module InterfaceController
INFO: [VRFC 10-311] analyzing module Sprite15x15_1
INFO: [VRFC 10-311] analyzing module VGA
INFO: [VRFC 10-311] analyzing module Videokaart_full
INFO: [VRFC 10-311] analyzing module background
INFO: [VRFC 10-311] analyzing module clk_wiz_0
INFO: [VRFC 10-311] analyzing module clk_wiz_0_clk_wiz
INFO: [VRFC 10-311] analyzing module spriteController
INFO: [VRFC 10-311] analyzing module threeFlipFlop
INFO: [VRFC 10-311] analyzing module threeFlipFlop_0
INFO: [VRFC 10-311] analyzing module Sprite15x15_1_blk_mem_gen_generic_cstr
INFO: [VRFC 10-311] analyzing module Sprite15x15_1_blk_mem_gen_mux
INFO: [VRFC 10-311] analyzing module Sprite15x15_1_blk_mem_gen_prim_width
INFO: [VRFC 10-311] analyzing module Sprite15x15_1_blk_mem_gen_prim_width__parameterized1
INFO: [VRFC 10-311] analyzing module Sprite15x15_1_blk_mem_gen_prim_width__parameterized2
INFO: [VRFC 10-311] analyzing module Sprite15x15_1_blk_mem_gen_prim_width__parameterized6
INFO: [VRFC 10-311] analyzing module Sprite15x15_1_blk_mem_gen_prim_width__parameterized8
INFO: [VRFC 10-311] analyzing module Sprite15x15_1_blk_mem_gen_prim_wrapper_init
INFO: [VRFC 10-311] analyzing module Sprite15x15_1_blk_mem_gen_prim_wrapper_init__parameterized1
INFO: [VRFC 10-311] analyzing module Sprite15x15_1_blk_mem_gen_prim_wrapper_init__parameterized2
INFO: [VRFC 10-311] analyzing module Sprite15x15_1_blk_mem_gen_prim_wrapper_init__parameterized6
INFO: [VRFC 10-311] analyzing module Sprite15x15_1_blk_mem_gen_prim_wrapper_init__parameterized8
INFO: [VRFC 10-311] analyzing module Sprite15x15_1_blk_mem_gen_top
INFO: [VRFC 10-311] analyzing module Sprite15x15_1_blk_mem_gen_v8_4_7
INFO: [VRFC 10-311] analyzing module Sprite15x15_1_blk_mem_gen_v8_4_7_synth
INFO: [VRFC 10-311] analyzing module background_blk_mem_gen_generic_cstr
INFO: [VRFC 10-311] analyzing module background_blk_mem_gen_prim_width
INFO: [VRFC 10-311] analyzing module background_blk_mem_gen_prim_wrapper_init
INFO: [VRFC 10-311] analyzing module background_blk_mem_gen_top
INFO: [VRFC 10-311] analyzing module background_blk_mem_gen_v8_4_7
INFO: [VRFC 10-311] analyzing module background_blk_mem_gen_v8_4_7_synth
INFO: [VRFC 10-311] analyzing module glbl
