INFO: [VRFC 10-2263] Analyzing Verilog file "C:/Progh/Videokaart2/Videokaart2.sim/sim_1/synth/timing/xsim/VideokaartTop_tb_time_synth.v" into library xil_defaultlib
INFO: [VRFC 10-311] analyzing module Dflipflop
INFO: [VRFC 10-311] analyzing module Dflipflop_1
INFO: [VRFC 10-311] analyzing module Dflipflop_2
INFO: [VRFC 10-311] analyzing module Dflipflop_3
INFO: [VRFC 10-311] analyzing module Dflipflop_4
INFO: [VRFC 10-311] analyzing module InterfaceController
INFO: [VRFC 10-311] analyzing module Sprite15x15_1
INFO: [VRFC 10-311] analyzing module VGA
INFO: [VRFC 10-311] analyzing module Videokaart_full
INFO: [VRFC 10-311] analyzing module background
INFO: [VRFC 10-311] analyzing module clk_wiz_0
INFO: [VRFC 10-311] analyzing module clk_wiz_0_clk_wiz
INFO: [VRFC 10-311] analyzing module sprite31x31_2
INFO: [VRFC 10-311] analyzing module sprite63x63
INFO: [VRFC 10-311] analyzing module spriteController
INFO: [VRFC 10-311] analyzing module threeFlipFlop
INFO: [VRFC 10-311] analyzing module threeFlipFlop_0
INFO: [VRFC 10-311] analyzing module Sprite15x15_1_blk_mem_gen_generic_cstr
INFO: [VRFC 10-311] analyzing module Sprite15x15_1_blk_mem_gen_mux
INFO: [VRFC 10-311] analyzing module Sprite15x15_1_blk_mem_gen_prim_width
INFO: [VRFC 10-311] analyzing module Sprite15x15_1_blk_mem_gen_prim_width__parameterized0
INFO: [VRFC 10-311] analyzing module Sprite15x15_1_blk_mem_gen_prim_width__parameterized1
INFO: [VRFC 10-311] analyzing module Sprite15x15_1_blk_mem_gen_prim_width__parameterized2
INFO: [VRFC 10-311] analyzing module Sprite15x15_1_blk_mem_gen_prim_width__parameterized3
INFO: [VRFC 10-311] analyzing module Sprite15x15_1_blk_mem_gen_prim_width__parameterized4
INFO: [VRFC 10-311] analyzing module Sprite15x15_1_blk_mem_gen_prim_width__parameterized5
INFO: [VRFC 10-311] analyzing module Sprite15x15_1_blk_mem_gen_prim_width__parameterized6
INFO: [VRFC 10-311] analyzing module Sprite15x15_1_blk_mem_gen_prim_width__parameterized7
INFO: [VRFC 10-311] analyzing module Sprite15x15_1_blk_mem_gen_prim_width__parameterized8
INFO: [VRFC 10-311] analyzing module Sprite15x15_1_blk_mem_gen_prim_wrapper_init
INFO: [VRFC 10-311] analyzing module Sprite15x15_1_blk_mem_gen_prim_wrapper_init__parameterized0
INFO: [VRFC 10-311] analyzing module Sprite15x15_1_blk_mem_gen_prim_wrapper_init__parameterized1
INFO: [VRFC 10-311] analyzing module Sprite15x15_1_blk_mem_gen_prim_wrapper_init__parameterized2
INFO: [VRFC 10-311] analyzing module Sprite15x15_1_blk_mem_gen_prim_wrapper_init__parameterized3
INFO: [VRFC 10-311] analyzing module Sprite15x15_1_blk_mem_gen_prim_wrapper_init__parameterized4
INFO: [VRFC 10-311] analyzing module Sprite15x15_1_blk_mem_gen_prim_wrapper_init__parameterized5
INFO: [VRFC 10-311] analyzing module Sprite15x15_1_blk_mem_gen_prim_wrapper_init__parameterized6
INFO: [VRFC 10-311] analyzing module Sprite15x15_1_blk_mem_gen_prim_wrapper_init__parameterized7
INFO: [VRFC 10-311] analyzing module Sprite15x15_1_blk_mem_gen_prim_wrapper_init__parameterized8
INFO: [VRFC 10-311] analyzing module Sprite15x15_1_blk_mem_gen_top
INFO: [VRFC 10-311] analyzing module Sprite15x15_1_blk_mem_gen_v8_4_7
INFO: [VRFC 10-311] analyzing module Sprite15x15_1_blk_mem_gen_v8_4_7_synth
INFO: [VRFC 10-311] analyzing module background_blk_mem_gen_generic_cstr
INFO: [VRFC 10-311] analyzing module background_blk_mem_gen_prim_width
INFO: [VRFC 10-311] analyzing module background_blk_mem_gen_prim_wrapper_init
INFO: [VRFC 10-311] analyzing module background_blk_mem_gen_top
INFO: [VRFC 10-311] analyzing module background_blk_mem_gen_v8_4_7
INFO: [VRFC 10-311] analyzing module background_blk_mem_gen_v8_4_7_synth
INFO: [VRFC 10-311] analyzing module sprite31x31_2_blk_mem_gen_generic_cstr
INFO: [VRFC 10-311] analyzing module sprite31x31_2_blk_mem_gen_mux
INFO: [VRFC 10-311] analyzing module sprite31x31_2_blk_mem_gen_prim_width
INFO: [VRFC 10-311] analyzing module sprite31x31_2_blk_mem_gen_prim_width__parameterized0
INFO: [VRFC 10-311] analyzing module sprite31x31_2_blk_mem_gen_prim_width__parameterized1
INFO: [VRFC 10-311] analyzing module sprite31x31_2_blk_mem_gen_prim_width__parameterized2
INFO: [VRFC 10-311] analyzing module sprite31x31_2_blk_mem_gen_prim_width__parameterized3
INFO: [VRFC 10-311] analyzing module sprite31x31_2_blk_mem_gen_prim_width__parameterized4
INFO: [VRFC 10-311] analyzing module sprite31x31_2_blk_mem_gen_prim_width__parameterized5
INFO: [VRFC 10-311] analyzing module sprite31x31_2_blk_mem_gen_prim_width__parameterized6
INFO: [VRFC 10-311] analyzing module sprite31x31_2_blk_mem_gen_prim_width__parameterized7
INFO: [VRFC 10-311] analyzing module sprite31x31_2_blk_mem_gen_prim_width__parameterized8
INFO: [VRFC 10-311] analyzing module sprite31x31_2_blk_mem_gen_prim_width__parameterized9
INFO: [VRFC 10-311] analyzing module sprite31x31_2_blk_mem_gen_prim_wrapper
INFO: [VRFC 10-311] analyzing module sprite31x31_2_blk_mem_gen_prim_wrapper__parameterized0
INFO: [VRFC 10-311] analyzing module sprite31x31_2_blk_mem_gen_prim_wrapper__parameterized1
INFO: [VRFC 10-311] analyzing module sprite31x31_2_blk_mem_gen_prim_wrapper__parameterized2
INFO: [VRFC 10-311] analyzing module sprite31x31_2_blk_mem_gen_prim_wrapper__parameterized3
INFO: [VRFC 10-311] analyzing module sprite31x31_2_blk_mem_gen_prim_wrapper__parameterized4
INFO: [VRFC 10-311] analyzing module sprite31x31_2_blk_mem_gen_prim_wrapper__parameterized5
INFO: [VRFC 10-311] analyzing module sprite31x31_2_blk_mem_gen_prim_wrapper__parameterized6
INFO: [VRFC 10-311] analyzing module sprite31x31_2_blk_mem_gen_prim_wrapper__parameterized7
INFO: [VRFC 10-311] analyzing module sprite31x31_2_blk_mem_gen_prim_wrapper__parameterized8
INFO: [VRFC 10-311] analyzing module sprite31x31_2_blk_mem_gen_prim_wrapper__parameterized9
INFO: [VRFC 10-311] analyzing module sprite31x31_2_blk_mem_gen_top
INFO: [VRFC 10-311] analyzing module sprite31x31_2_blk_mem_gen_v8_4_7
INFO: [VRFC 10-311] analyzing module sprite31x31_2_blk_mem_gen_v8_4_7_synth
INFO: [VRFC 10-311] analyzing module sprite63x63_blk_mem_gen_generic_cstr
INFO: [VRFC 10-311] analyzing module sprite63x63_blk_mem_gen_mux
INFO: [VRFC 10-311] analyzing module sprite63x63_blk_mem_gen_prim_width
INFO: [VRFC 10-311] analyzing module sprite63x63_blk_mem_gen_prim_width__parameterized0
INFO: [VRFC 10-311] analyzing module sprite63x63_blk_mem_gen_prim_width__parameterized1
INFO: [VRFC 10-311] analyzing module sprite63x63_blk_mem_gen_prim_width__parameterized10
INFO: [VRFC 10-311] analyzing module sprite63x63_blk_mem_gen_prim_width__parameterized11
INFO: [VRFC 10-311] analyzing module sprite63x63_blk_mem_gen_prim_width__parameterized12
INFO: [VRFC 10-311] analyzing module sprite63x63_blk_mem_gen_prim_width__parameterized13
INFO: [VRFC 10-311] analyzing module sprite63x63_blk_mem_gen_prim_width__parameterized14
INFO: [VRFC 10-311] analyzing module sprite63x63_blk_mem_gen_prim_width__parameterized15
INFO: [VRFC 10-311] analyzing module sprite63x63_blk_mem_gen_prim_width__parameterized16
INFO: [VRFC 10-311] analyzing module sprite63x63_blk_mem_gen_prim_width__parameterized17
INFO: [VRFC 10-311] analyzing module sprite63x63_blk_mem_gen_prim_width__parameterized18
INFO: [VRFC 10-311] analyzing module sprite63x63_blk_mem_gen_prim_width__parameterized19
INFO: [VRFC 10-311] analyzing module sprite63x63_blk_mem_gen_prim_width__parameterized2
INFO: [VRFC 10-311] analyzing module sprite63x63_blk_mem_gen_prim_width__parameterized20
INFO: [VRFC 10-311] analyzing module sprite63x63_blk_mem_gen_prim_width__parameterized21
INFO: [VRFC 10-311] analyzing module sprite63x63_blk_mem_gen_prim_width__parameterized22
INFO: [VRFC 10-311] analyzing module sprite63x63_blk_mem_gen_prim_width__parameterized23
INFO: [VRFC 10-311] analyzing module sprite63x63_blk_mem_gen_prim_width__parameterized3
INFO: [VRFC 10-311] analyzing module sprite63x63_blk_mem_gen_prim_width__parameterized4
INFO: [VRFC 10-311] analyzing module sprite63x63_blk_mem_gen_prim_width__parameterized5
INFO: [VRFC 10-311] analyzing module sprite63x63_blk_mem_gen_prim_width__parameterized6
INFO: [VRFC 10-311] analyzing module sprite63x63_blk_mem_gen_prim_width__parameterized7
INFO: [VRFC 10-311] analyzing module sprite63x63_blk_mem_gen_prim_width__parameterized8
INFO: [VRFC 10-311] analyzing module sprite63x63_blk_mem_gen_prim_width__parameterized9
INFO: [VRFC 10-311] analyzing module sprite63x63_blk_mem_gen_prim_wrapper
INFO: [VRFC 10-311] analyzing module sprite63x63_blk_mem_gen_prim_wrapper__parameterized0
INFO: [VRFC 10-311] analyzing module sprite63x63_blk_mem_gen_prim_wrapper__parameterized1
INFO: [VRFC 10-311] analyzing module sprite63x63_blk_mem_gen_prim_wrapper__parameterized10
INFO: [VRFC 10-311] analyzing module sprite63x63_blk_mem_gen_prim_wrapper__parameterized11
INFO: [VRFC 10-311] analyzing module sprite63x63_blk_mem_gen_prim_wrapper__parameterized12
INFO: [VRFC 10-311] analyzing module sprite63x63_blk_mem_gen_prim_wrapper__parameterized13
INFO: [VRFC 10-311] analyzing module sprite63x63_blk_mem_gen_prim_wrapper__parameterized14
INFO: [VRFC 10-311] analyzing module sprite63x63_blk_mem_gen_prim_wrapper__parameterized15
INFO: [VRFC 10-311] analyzing module sprite63x63_blk_mem_gen_prim_wrapper__parameterized16
INFO: [VRFC 10-311] analyzing module sprite63x63_blk_mem_gen_prim_wrapper__parameterized17
INFO: [VRFC 10-311] analyzing module sprite63x63_blk_mem_gen_prim_wrapper__parameterized18
INFO: [VRFC 10-311] analyzing module sprite63x63_blk_mem_gen_prim_wrapper__parameterized19
INFO: [VRFC 10-311] analyzing module sprite63x63_blk_mem_gen_prim_wrapper__parameterized2
INFO: [VRFC 10-311] analyzing module sprite63x63_blk_mem_gen_prim_wrapper__parameterized20
INFO: [VRFC 10-311] analyzing module sprite63x63_blk_mem_gen_prim_wrapper__parameterized21
INFO: [VRFC 10-311] analyzing module sprite63x63_blk_mem_gen_prim_wrapper__parameterized22
INFO: [VRFC 10-311] analyzing module sprite63x63_blk_mem_gen_prim_wrapper__parameterized23
INFO: [VRFC 10-311] analyzing module sprite63x63_blk_mem_gen_prim_wrapper__parameterized3
INFO: [VRFC 10-311] analyzing module sprite63x63_blk_mem_gen_prim_wrapper__parameterized4
INFO: [VRFC 10-311] analyzing module sprite63x63_blk_mem_gen_prim_wrapper__parameterized5
INFO: [VRFC 10-311] analyzing module sprite63x63_blk_mem_gen_prim_wrapper__parameterized6
INFO: [VRFC 10-311] analyzing module sprite63x63_blk_mem_gen_prim_wrapper__parameterized7
INFO: [VRFC 10-311] analyzing module sprite63x63_blk_mem_gen_prim_wrapper__parameterized8
INFO: [VRFC 10-311] analyzing module sprite63x63_blk_mem_gen_prim_wrapper__parameterized9
INFO: [VRFC 10-311] analyzing module sprite63x63_blk_mem_gen_top
INFO: [VRFC 10-311] analyzing module sprite63x63_blk_mem_gen_v8_4_7
INFO: [VRFC 10-311] analyzing module sprite63x63_blk_mem_gen_v8_4_7_synth
INFO: [VRFC 10-311] analyzing module glbl
INFO: [VRFC 10-163] Analyzing VHDL file "C:/Progh/Videokaart2/Videokaart2.srcs/sim_1/new/VideokaartTop_tb.vhd" into library xil_defaultlib
INFO: [VRFC 10-3107] analyzing entity 'VideokaartTop_tb'
