Copyright 1986-2022 Xilinx, Inc. All Rights Reserved. Copyright 2022-2023 Advanced Micro Devices, Inc. All Rights Reserved.
---------------------------------------------------------------------------------------------------------------------------------------------
| Tool Version : Vivado v.2023.2 (win64) Build 4029153 Fri Oct 13 20:14:34 MDT 2023
| Date         : Thu Mar  7 17:25:37 2024
| Host         : Desktop-Joey running 64-bit major release  (build 9200)
| Command      : report_control_sets -verbose -file Videokaart_full_control_sets_placed.rpt
| Design       : Videokaart_full
| Device       : xc7a35t
---------------------------------------------------------------------------------------------------------------------------------------------

Control Set Information

Table of Contents
-----------------
1. Summary
2. Histogram
3. Flip-Flop Distribution
4. Detailed Control Set Information

1. Summary
----------

+----------------------------------------------------------+-------+
|                          Status                          | Count |
+----------------------------------------------------------+-------+
| Total control sets                                       |   186 |
|    Minimum number of control sets                        |   186 |
|    Addition due to synthesis replication                 |     0 |
|    Addition due to physical synthesis replication        |     0 |
| Unused register locations in slices containing registers |   849 |
+----------------------------------------------------------+-------+
* Control sets can be merged at opt_design using control_set_merge or merge_equivalent_drivers
** Run report_qor_suggestions for automated merging and remapping suggestions


2. Histogram
------------

+--------------------+-------+
|       Fanout       | Count |
+--------------------+-------+
| Total control sets |   186 |
| >= 0 to < 4        |     2 |
| >= 4 to < 6        |     0 |
| >= 6 to < 8        |     0 |
| >= 8 to < 10       |    24 |
| >= 10 to < 12      |     4 |
| >= 12 to < 14      |     1 |
| >= 14 to < 16      |     0 |
| >= 16              |   155 |
+--------------------+-------+
* Control sets can be remapped at either synth_design or opt_design


3. Flip-Flop Distribution
-------------------------

+--------------+-----------------------+------------------------+-----------------+--------------+
| Clock Enable | Synchronous Set/Reset | Asynchronous Set/Reset | Total Registers | Total Slices |
+--------------+-----------------------+------------------------+-----------------+--------------+
| No           | No                    | No                     |              64 |           36 |
| No           | No                    | Yes                    |               0 |            0 |
| No           | Yes                   | No                     |              24 |           16 |
| Yes          | No                    | No                     |            3458 |         1891 |
| Yes          | No                    | Yes                    |               0 |            0 |
| Yes          | Yes                   | No                     |             901 |          467 |
+--------------+-----------------------+------------------------+-----------------+--------------+


4. Detailed Control Set Information
-----------------------------------

+-------------------+-----------------------------------+-------------------------------------+------------------+----------------+--------------+
|    Clock Signal   |           Enable Signal           |           Set/Reset Signal          | Slice Load Count | Bel Load Count | Bels / Slice |
+-------------------+-----------------------------------+-------------------------------------+------------------+----------------+--------------+
|  z0/inst/clk_out1 |                                   | z8/hsync_i_1_n_0                    |                1 |              1 |         1.00 |
|  z0/inst/clk_out1 |                                   | z8/vsync_i_1_n_0                    |                1 |              1 |         1.00 |
|  clk100_IBUF_BUFG | z2/DataArray[72][ID]              |                                     |                3 |              9 |         3.00 |
|  clk100_IBUF_BUFG | z2/DataArray[71][ID]              |                                     |                3 |              9 |         3.00 |
|  clk100_IBUF_BUFG | z2/DataArray[41][ID]              |                                     |                5 |              9 |         1.80 |
|  clk100_IBUF_BUFG | z2/DataArray[67][ID]              |                                     |                5 |              9 |         1.80 |
|  clk100_IBUF_BUFG | z1/ID[8]_i_1_n_0                  |                                     |                4 |              9 |         2.25 |
|  clk100_IBUF_BUFG | z1/ypos[8]_i_1_n_0                |                                     |                5 |              9 |         1.80 |
|  clk100_IBUF_BUFG | z2/DataArray[104][ID]             |                                     |                7 |              9 |         1.29 |
|  clk100_IBUF_BUFG | z8/DataArray[128][ID]             |                                     |                5 |              9 |         1.80 |
|  clk100_IBUF_BUFG | z2/DataArray[134][ID]             |                                     |                4 |              9 |         2.25 |
|  clk100_IBUF_BUFG | z2/DataArray[16][ID]              |                                     |                5 |              9 |         1.80 |
|  clk100_IBUF_BUFG | z2/DataArray[144][ID]             |                                     |                4 |              9 |         2.25 |
|  clk100_IBUF_BUFG | z8/DataArray[37][ID]              |                                     |                5 |              9 |         1.80 |
|  clk100_IBUF_BUFG | z2/DataArray[146][ID]             |                                     |                6 |              9 |         1.50 |
|  clk100_IBUF_BUFG | z8/DataArray[4][ID]               |                                     |                3 |              9 |         3.00 |
|  clk100_IBUF_BUFG | z2/DataArray[147][ID]             |                                     |                5 |              9 |         1.80 |
|  clk100_IBUF_BUFG | z8/DataArray[91][ID]              |                                     |                4 |              9 |         2.25 |
|  clk100_IBUF_BUFG | z2/DataArray[132][ID]             |                                     |                3 |              9 |         3.00 |
|  clk100_IBUF_BUFG | z2/DataArray[10][ID]              |                                     |                5 |              9 |         1.80 |
|  clk100_IBUF_BUFG | z2/DataArray[103][ID]             |                                     |                3 |              9 |         3.00 |
|  clk100_IBUF_BUFG | z2/DataArray[119][ID]             |                                     |                5 |              9 |         1.80 |
|  clk100_IBUF_BUFG | z2/DataArray[57][ID]              |                                     |                5 |              9 |         1.80 |
|  clk100_IBUF_BUFG | z2/DataArray[66][ID]              |                                     |                5 |              9 |         1.80 |
|  clk100_IBUF_BUFG | z2/DataArray[101][ID]             |                                     |                6 |              9 |         1.50 |
|  clk100_IBUF_BUFG | z2/DataArray[70][ID]              |                                     |                4 |              9 |         2.25 |
|  z0/inst/clk_out1 |                                   | z8/eqOp__15                         |                4 |             10 |         2.50 |
|  clk100_IBUF_BUFG | z1/xpos[9]_i_1_n_0                |                                     |                7 |             10 |         1.43 |
|  clk100_IBUF_BUFG | z8/DataArray[24][ID]              |                                     |                6 |             10 |         1.67 |
|  clk100_IBUF_BUFG | z2/DataArray[116][ID]             | z2/DataArray[116][x_pos][9]_i_1_n_0 |                6 |             10 |         1.67 |
|  z0/inst/clk_out1 |                                   | z8/red[3]_i_1_n_0                   |               10 |             12 |         1.20 |
|  clk100_IBUF_BUFG | z8/data                           | z8/data_reg[15]                     |                8 |             16 |         2.00 |
|  clk100_IBUF_BUFG | z8/DataArray[24][ID]              | z8/dataReady_reg                    |                9 |             18 |         2.00 |
|  clk100_IBUF_BUFG | z2/DataArray[116][ID]             |                                     |               10 |             18 |         1.80 |
|  z0/inst/clk_out1 | z8/eqOp__15                       | z8/vcount[9]_i_1_n_0                |                8 |             19 |         2.38 |
|  clk100_IBUF_BUFG | z8/DataArray[128][ID]             | z8/dataReady_reg_2                  |                9 |             19 |         2.11 |
|  clk100_IBUF_BUFG | z8/DataArray[37][ID]              | z8/dataReady_reg_4                  |                8 |             19 |         2.38 |
|  clk100_IBUF_BUFG | z8/DataArray[4][ID]               | z8/dataReady_reg_0                  |                8 |             19 |         2.38 |
|  clk100_IBUF_BUFG | z8/DataArray[91][ID]              | z8/dataReady_reg_3                  |                9 |             19 |         2.11 |
|  clk100_IBUF_BUFG | z2/DataArray[57][ID]              | z2/DataArray[57][y_pos][8]_i_1_n_0  |                7 |             19 |         2.71 |
|  clk100_IBUF_BUFG | z2/DataArray[10][ID]              | z2/DataArray[10][x_pos][9]_i_1_n_0  |               11 |             19 |         1.73 |
|  clk100_IBUF_BUFG | z2/DataArray[101][ID]             | z2/DataArray[101][y_pos][8]_i_1_n_0 |                8 |             19 |         2.38 |
|  clk100_IBUF_BUFG | z2/DataArray[147][ID]             | z2/DataArray[147][y_pos][8]_i_1_n_0 |               12 |             19 |         1.58 |
|  clk100_IBUF_BUFG | z2/DataArray[16][ID]              | z2/DataArray[16][x_pos][9]_i_1_n_0  |               11 |             19 |         1.73 |
|  clk100_IBUF_BUFG | z2/DataArray[132][ID]             | z2/DataArray[132][y_pos][8]_i_1_n_0 |                8 |             19 |         2.38 |
|  clk100_IBUF_BUFG | z2/DataArray[119][ID]             | z2/DataArray[119][y_pos][8]_i_1_n_0 |               10 |             19 |         1.90 |
|  clk100_IBUF_BUFG | z2/DataArray[103][ID]             | z2/DataArray[103][y_pos][8]_i_1_n_0 |                8 |             19 |         2.38 |
|  clk100_IBUF_BUFG | z2/DataArray[67][ID]              | z2/DataArray[67][y_pos][8]_i_1_n_0  |                7 |             19 |         2.71 |
|  clk100_IBUF_BUFG | z2/DataArray[144][ID]             | z2/DataArray[144][x_pos][9]_i_1_n_0 |               10 |             19 |         1.90 |
|  clk100_IBUF_BUFG | z2/DataArray[66][ID]              | z2/DataArray[66][y_pos][8]_i_1_n_0  |                8 |             19 |         2.38 |
|  clk100_IBUF_BUFG | z2/DataArray[41][ID]              | z2/DataArray[41][y_pos][8]_i_1_n_0  |               12 |             19 |         1.58 |
|  clk100_IBUF_BUFG | z2/DataArray[70][ID]              | z2/DataArray[70][y_pos][8]_i_1_n_0  |                6 |             19 |         3.17 |
|  clk100_IBUF_BUFG | z2/DataArray[134][ID]             | z2/DataArray[134][y_pos][8]_i_1_n_0 |                9 |             19 |         2.11 |
|  clk100_IBUF_BUFG | z2/DataArray[146][ID]             | z2/DataArray[146][y_pos][8]_i_1_n_0 |               11 |             19 |         1.73 |
|  clk100_IBUF_BUFG | z2/DataArray[72][ID]              | z2/DataArray[72][y_pos][8]_i_1_n_0  |                8 |             19 |         2.38 |
|  clk100_IBUF_BUFG | z2/DataArray[104][ID]             | z2/DataArray[104][y_pos][8]_i_1_n_0 |               11 |             19 |         1.73 |
|  clk100_IBUF_BUFG | z2/DataArray[71][ID]              | z2/DataArray[71][y_pos][8]_i_1_n_0  |               11 |             19 |         1.73 |
|  clk100_IBUF_BUFG | z2/DataArray[120][ID]             |                                     |               15 |             28 |         1.87 |
|  clk100_IBUF_BUFG | z2/DataArray[123][ID]             |                                     |               15 |             28 |         1.87 |
|  clk100_IBUF_BUFG | z2/DataArray[129][ID]             |                                     |               13 |             28 |         2.15 |
|  clk100_IBUF_BUFG | z2/DataArray[107][ID]             |                                     |               16 |             28 |         1.75 |
|  clk100_IBUF_BUFG | z2/DataArray[111][ID]             |                                     |               17 |             28 |         1.65 |
|  clk100_IBUF_BUFG | z2/DataArray[115][ID]             |                                     |               13 |             28 |         2.15 |
|  clk100_IBUF_BUFG | z2/DataArray[124][ID]             |                                     |               16 |             28 |         1.75 |
|  clk100_IBUF_BUFG | z2/DataArray[122][ID]             |                                     |               14 |             28 |         2.00 |
|  clk100_IBUF_BUFG | z2/DataArray[106][ID]             |                                     |               15 |             28 |         1.87 |
|  clk100_IBUF_BUFG | z2/DataArray[12][ID]              |                                     |               17 |             28 |         1.65 |
|  clk100_IBUF_BUFG | z2/DataArray[125][ID]             |                                     |               12 |             28 |         2.33 |
|  clk100_IBUF_BUFG | z2/DataArray[105][ID]             |                                     |               16 |             28 |         1.75 |
|  clk100_IBUF_BUFG | z2/DataArray[117][ID]             |                                     |               16 |             28 |         1.75 |
|  clk100_IBUF_BUFG | z2/DataArray[109][ID]             |                                     |               16 |             28 |         1.75 |
|  clk100_IBUF_BUFG | z2/DataArray[112][ID]             |                                     |               15 |             28 |         1.87 |
|  clk100_IBUF_BUFG | z2/DataArray[110][ID]             |                                     |               10 |             28 |         2.80 |
|  clk100_IBUF_BUFG | z2/DataArray[126][ID]             |                                     |               16 |             28 |         1.75 |
|  clk100_IBUF_BUFG | z2/DataArray[130][ID]             |                                     |               15 |             28 |         1.87 |
|  clk100_IBUF_BUFG | z2/DataArray[131][ID]             |                                     |               13 |             28 |         2.15 |
|  clk100_IBUF_BUFG | z2/DataArray[11][ID]              |                                     |               12 |             28 |         2.33 |
|  clk100_IBUF_BUFG | z2/DataArray[141][ID]             |                                     |               13 |             28 |         2.15 |
|  clk100_IBUF_BUFG | z2/DataArray[136][ID]             |                                     |               14 |             28 |         2.00 |
|  clk100_IBUF_BUFG | z2/DataArray[148][ID]             |                                     |               16 |             28 |         1.75 |
|  clk100_IBUF_BUFG | z2/DataArray[20][ID]              |                                     |               13 |             28 |         2.15 |
|  clk100_IBUF_BUFG | z2/DataArray[23][ID]              |                                     |               17 |             28 |         1.65 |
|  clk100_IBUF_BUFG | z2/DataArray[27][ID]              |                                     |               14 |             28 |         2.00 |
|  clk100_IBUF_BUFG | z2/DataArray[28][ID]              | z2/DataArray[28][ID][8]_i_1_n_0     |               13 |             28 |         2.15 |
|  clk100_IBUF_BUFG | z2/DataArray[135][ID]             |                                     |               18 |             28 |         1.56 |
|  clk100_IBUF_BUFG | z2/DataArray[138][ID]             |                                     |               14 |             28 |         2.00 |
|  clk100_IBUF_BUFG | z2/DataArray[142][ID]             |                                     |               15 |             28 |         1.87 |
|  clk100_IBUF_BUFG | z2/DataArray[143][ID]             |                                     |               20 |             28 |         1.40 |
|  clk100_IBUF_BUFG | z2/DataArray[14][ID]              |                                     |               13 |             28 |         2.15 |
|  clk100_IBUF_BUFG | z2/DataArray[25][ID]              |                                     |               16 |             28 |         1.75 |
|  clk100_IBUF_BUFG | z2/DataArray[26][ID]              |                                     |               18 |             28 |         1.56 |
|  clk100_IBUF_BUFG | z2/DataArray[19][ID]              |                                     |               17 |             28 |         1.65 |
|  clk100_IBUF_BUFG | z2/DataArray[18][ID]              |                                     |               15 |             28 |         1.87 |
|  clk100_IBUF_BUFG | z2/DataArray[29][ID]              |                                     |               12 |             28 |         2.33 |
|  clk100_IBUF_BUFG | z2/DataArray[139][ID]             | z2/DataArray[139][y_pos][8]_i_1_n_0 |               16 |             28 |         1.75 |
|  clk100_IBUF_BUFG | z2/DataArray[145][ID]             | z2/DataArray[145][y_pos][8]_i_1_n_0 |               17 |             28 |         1.65 |
|  clk100_IBUF_BUFG | z2/DataArray[137][ID]             |                                     |               16 |             28 |         1.75 |
|  clk100_IBUF_BUFG | z2/DataArray[1][ID]               |                                     |               15 |             28 |         1.87 |
|  clk100_IBUF_BUFG | z2/DataArray[2][ID]               |                                     |               14 |             28 |         2.00 |
|  clk100_IBUF_BUFG | z2/DataArray[30][ID]              |                                     |               16 |             28 |         1.75 |
|  clk100_IBUF_BUFG | z2/DataArray[31][ID]              |                                     |               15 |             28 |         1.87 |
|  clk100_IBUF_BUFG | z2/DataArray[32][ID]              |                                     |               14 |             28 |         2.00 |
|  clk100_IBUF_BUFG | z2/DataArray[149][ID]             |                                     |               14 |             28 |         2.00 |
|  clk100_IBUF_BUFG | z2/DataArray[33][ID]              |                                     |               16 |             28 |         1.75 |
|  clk100_IBUF_BUFG | z2/DataArray[35][ID]              |                                     |               13 |             28 |         2.15 |
|  clk100_IBUF_BUFG | z2/DataArray[140][ID]             |                                     |               17 |             28 |         1.65 |
|  clk100_IBUF_BUFG | z2/DataArray[36][ID]              | z2/DataArray[36][y_pos][8]_i_1_n_0  |               16 |             28 |         1.75 |
|  clk100_IBUF_BUFG | z2/DataArray[17][ID]              |                                     |               19 |             28 |         1.47 |
|  clk100_IBUF_BUFG | z2/DataArray[13][ID]              |                                     |               15 |             28 |         1.87 |
|  clk100_IBUF_BUFG | z2/DataArray[15][ID]              |                                     |               16 |             28 |         1.75 |
|  clk100_IBUF_BUFG | z2/DataArray[34][ID]              |                                     |               19 |             28 |         1.47 |
|  clk100_IBUF_BUFG | z2/DataArray[21][ID]              |                                     |               17 |             28 |         1.65 |
|  clk100_IBUF_BUFG | z2/DataArray[22][ID]              |                                     |               17 |             28 |         1.65 |
|  clk100_IBUF_BUFG | z2/DataArray[65][ID]              |                                     |               12 |             28 |         2.33 |
|  clk100_IBUF_BUFG | z2/DataArray[59][ID]              |                                     |               15 |             28 |         1.87 |
|  clk100_IBUF_BUFG | z2/DataArray[42][ID]              |                                     |               15 |             28 |         1.87 |
|  clk100_IBUF_BUFG | z2/DataArray[56][ID]              |                                     |               14 |             28 |         2.00 |
|  clk100_IBUF_BUFG | z2/DataArray[60][ID]              |                                     |               15 |             28 |         1.87 |
|  clk100_IBUF_BUFG | z2/DataArray[3][ID]               |                                     |               15 |             28 |         1.87 |
|  clk100_IBUF_BUFG | z2/DataArray[51][ID]              |                                     |               22 |             28 |         1.27 |
|  clk100_IBUF_BUFG | z2/DataArray[39][ID]              | z2/DataArray[39][y_pos][8]_i_1_n_0  |               17 |             28 |         1.65 |
|  clk100_IBUF_BUFG | z2/DataArray[50][ID]              |                                     |               15 |             28 |         1.87 |
|  clk100_IBUF_BUFG | z2/DataArray[68][ID]              | z2/DataArray[68][y_pos][8]_i_1_n_0  |               13 |             28 |         2.15 |
|  clk100_IBUF_BUFG | z8/DataArray[93][ID]              | z8/dataReady_reg_1                  |               12 |             28 |         2.33 |
|  clk100_IBUF_BUFG | z2/DataArray[38][ID]              |                                     |               16 |             28 |         1.75 |
|  clk100_IBUF_BUFG | z2/DataArray[0][y_pos][8]_i_1_n_0 |                                     |               14 |             28 |         2.00 |
|  clk100_IBUF_BUFG | z2/DataArray[100][ID]             |                                     |               12 |             28 |         2.33 |
|  clk100_IBUF_BUFG | z2/DataArray[69][ID]              |                                     |               11 |             28 |         2.55 |
|  clk100_IBUF_BUFG | z2/DataArray[102][ID]             |                                     |               21 |             28 |         1.33 |
|  clk100_IBUF_BUFG | z2/DataArray[114][ID]             |                                     |               17 |             28 |         1.65 |
|  clk100_IBUF_BUFG | z2/DataArray[44][ID]              | z2/DataArray[44][y_pos][8]_i_1_n_0  |               20 |             28 |         1.40 |
|  clk100_IBUF_BUFG | z2/DataArray[64][ID]              |                                     |               17 |             28 |         1.65 |
|  clk100_IBUF_BUFG | z2/DataArray[6][ID]               |                                     |               17 |             28 |         1.65 |
|  clk100_IBUF_BUFG | z2/DataArray[40][ID]              |                                     |               20 |             28 |         1.40 |
|  clk100_IBUF_BUFG | z2/DataArray[45][ID]              | z2/DataArray[45][y_pos][8]_i_1_n_0  |               16 |             28 |         1.75 |
|  clk100_IBUF_BUFG | z2/DataArray[55][ID]              |                                     |               19 |             28 |         1.47 |
|  clk100_IBUF_BUFG | z2/DataArray[121][ID]             |                                     |               20 |             28 |         1.40 |
|  clk100_IBUF_BUFG | z2/DataArray[58][ID]              | z2/DataArray[58][y_pos][8]_i_1_n_0  |               14 |             28 |         2.00 |
|  clk100_IBUF_BUFG | z2/DataArray[52][ID]              |                                     |               18 |             28 |         1.56 |
|  clk100_IBUF_BUFG | z2/DataArray[54][ID]              |                                     |               17 |             28 |         1.65 |
|  clk100_IBUF_BUFG | z2/DataArray[62][ID]              |                                     |               14 |             28 |         2.00 |
|  clk100_IBUF_BUFG | z2/DataArray[5][ID]               |                                     |               17 |             28 |         1.65 |
|  clk100_IBUF_BUFG | z2/DataArray[47][ID]              |                                     |               12 |             28 |         2.33 |
|  clk100_IBUF_BUFG | z2/DataArray[48][ID]              |                                     |               12 |             28 |         2.33 |
|  clk100_IBUF_BUFG | z2/DataArray[43][ID]              |                                     |               16 |             28 |         1.75 |
|  clk100_IBUF_BUFG | z2/DataArray[61][ID]              |                                     |               17 |             28 |         1.65 |
|  clk100_IBUF_BUFG | z2/DataArray[46][ID]              |                                     |               12 |             28 |         2.33 |
|  clk100_IBUF_BUFG | z2/DataArray[49][ID]              | z2/DataArray[49][y_pos][8]_i_1_n_0  |               15 |             28 |         1.87 |
|  clk100_IBUF_BUFG | z2/DataArray[63][ID]              |                                     |               13 |             28 |         2.15 |
|  clk100_IBUF_BUFG | z2/DataArray[77][ID]              |                                     |               15 |             28 |         1.87 |
|  clk100_IBUF_BUFG | z2/DataArray[74][ID]              | z2/DataArray[74][y_pos][8]_i_1_n_0  |               18 |             28 |         1.56 |
|  clk100_IBUF_BUFG | z2/DataArray[95][ID]              |                                     |               18 |             28 |         1.56 |
|  clk100_IBUF_BUFG | z2/DataArray[78][ID]              |                                     |               14 |             28 |         2.00 |
|  clk100_IBUF_BUFG | z2/DataArray[84][ID]              |                                     |               16 |             28 |         1.75 |
|  clk100_IBUF_BUFG | z2/DataArray[7][ID]               |                                     |               18 |             28 |         1.56 |
|  clk100_IBUF_BUFG | z2/DataArray[76][ID]              |                                     |               13 |             28 |         2.15 |
|  clk100_IBUF_BUFG | z2/DataArray[82][ID]              |                                     |               13 |             28 |         2.15 |
|  clk100_IBUF_BUFG | z2/DataArray[86][ID]              |                                     |               19 |             28 |         1.47 |
|  clk100_IBUF_BUFG | z2/DataArray[127][ID]             |                                     |               19 |             28 |         1.47 |
|  clk100_IBUF_BUFG | z2/DataArray[53][ID]              |                                     |               17 |             28 |         1.65 |
|  clk100_IBUF_BUFG | z2/DataArray[80][ID]              |                                     |               15 |             28 |         1.87 |
|  clk100_IBUF_BUFG | z2/DataArray[97][ID]              |                                     |               15 |             28 |         1.87 |
|  clk100_IBUF_BUFG | z2/DataArray[73][ID]              | z2/DataArray[73][y_pos][8]_i_1_n_0  |               13 |             28 |         2.15 |
|  clk100_IBUF_BUFG | z2/DataArray[85][ID]              | z2/DataArray[85][y_pos][8]_i_1_n_0  |               17 |             28 |         1.65 |
|  clk100_IBUF_BUFG | z2/DataArray[87][ID]              |                                     |               16 |             28 |         1.75 |
|  clk100_IBUF_BUFG | z2/DataArray[88][ID]              |                                     |               16 |             28 |         1.75 |
|  clk100_IBUF_BUFG | z2/DataArray[90][ID]              |                                     |               17 |             28 |         1.65 |
|  clk100_IBUF_BUFG | z2/DataArray[133][ID]             |                                     |               16 |             28 |         1.75 |
|  clk100_IBUF_BUFG | z2/DataArray[108][ID]             |                                     |               18 |             28 |         1.56 |
|  clk100_IBUF_BUFG | z2/DataArray[83][ID]              |                                     |               16 |             28 |         1.75 |
|  clk100_IBUF_BUFG | z2/DataArray[96][ID]              |                                     |               19 |             28 |         1.47 |
|  clk100_IBUF_BUFG | z2/DataArray[81][ID]              |                                     |               15 |             28 |         1.87 |
|  clk100_IBUF_BUFG | z2/DataArray[92][ID]              |                                     |               16 |             28 |         1.75 |
|  clk100_IBUF_BUFG | z2/DataArray[98][ID]              |                                     |               13 |             28 |         2.15 |
|  clk100_IBUF_BUFG | z2/DataArray[89][ID]              |                                     |               14 |             28 |         2.00 |
|  clk100_IBUF_BUFG | z2/DataArray[79][ID]              |                                     |               14 |             28 |         2.00 |
|  clk100_IBUF_BUFG | z2/DataArray[8][ID]               |                                     |               16 |             28 |         1.75 |
|  clk100_IBUF_BUFG | z2/DataArray[94][ID]              |                                     |               18 |             28 |         1.56 |
|  clk100_IBUF_BUFG | z2/DataArray[75][ID]              | z2/DataArray[75][y_pos][8]_i_1_n_0  |               17 |             28 |         1.65 |
|  clk100_IBUF_BUFG | z2/DataArray[113][ID]             |                                     |               16 |             28 |         1.75 |
|  clk100_IBUF_BUFG | z2/DataArray[118][ID]             |                                     |               16 |             28 |         1.75 |
|  clk100_IBUF_BUFG | z2/DataArray[99][ID]              |                                     |               16 |             28 |         1.75 |
|  clk100_IBUF_BUFG | z2/DataArray[9][ID]               |                                     |               17 |             28 |         1.65 |
|  clk100_IBUF_BUFG | z8/LowestId0                      |                                     |               12 |             30 |         2.50 |
|  clk100_IBUF_BUFG | z8/DataCount                      |                                     |               21 |             66 |         3.14 |
|  clk100_IBUF_BUFG |                                   |                                     |               37 |             69 |         1.86 |
+-------------------+-----------------------------------+-------------------------------------+------------------+----------------+--------------+


